#
# A fatal error has been detected by the Java Runtime Environment:
#
#  EXCEPTION_ACCESS_VIOLATION (0xc0000005) at pc=0x0000000055e6a363, pid=19764, tid=0x00000000000064d4
#
# JRE version: Java(TM) SE Runtime Environment (8.0_131-b11) (build 1.8.0_131-b11)
# Java VM: Java HotSpot(TM) 64-Bit Server VM (25.131-b11 mixed mode windows-amd64 compressed oops)
# Problematic frame:
# C  [nvoglv64.DLL+0xd9a363]
#
# Failed to write core dump. Minidumps are not enabled by default on client versions of Windows
#
# If you would like to submit a bug report, please visit:
#   http://bugreport.java.com/bugreport/crash.jsp
# The crash happened outside the Java Virtual Machine in native code.
# See problematic frame for where to report the bug.
#

---------------  T H R E A D  ---------------

Current thread (0x0000000001576000):  JavaThread "main" [_thread_in_native, id=25812, stack(0x0000000001470000,0x0000000001570000)]

siginfo: ExceptionCode=0xc0000005, writing address 0x0000000000000000

Registers:
RAX=0xfffffffffff80080, RBX=0x00000000237c5040, RCX=0x0000000000001ffe, RDX=0x00000000237c5000
RSP=0x000000000156c210, RBP=0x0000000000000000, RSI=0x0000000000000000, RDI=0x0000000023408040
R8 =0x000000000007ff80, R9 =0x0000000055e88420, R10=0x0000000000000000, R11=0x0000000000000048
R12=0x000000000156da90, R13=0x000000000000005b, R14=0x00000000237c5000, R15=0x000000000000005b
RIP=0x0000000055e6a363, EFLAGS=0x0000000000010202

Top of Stack: (sp=0x000000000156c210)
0x000000000156c210:   000007a7559a69fb 0000000000000048
0x000000000156c220:   000000000156c301 0000000023408040
0x000000000156c230:   0000000000000000 0000000055e6d5db
0x000000000156c240:   0000000023408040 000000000007ff80
0x000000000156c250:   000000000156c340 0000000000000000
0x000000000156c260:   0000000000000001 000000000000005b
0x000000000156c270:   0000000000000000 0000000000000000
0x000000000156c280:   0000000000000000 0000000000000780
0x000000000156c290:   000000000000005b 0000000026759800
0x000000000156c2a0:   000000000156dd30 000000000000004a
0x000000000156c2b0:   0000000000000000 000000001bf44480
0x000000000156c2c0:   0000000000000000 0000000020d00080
0x000000000156c2d0:   0000000000000000 0000000000000000
0x000000000156c2e0:   000000010000005b 0000005b00001680
0x000000000156c2f0:   0000000100000001 0000000000000001
0x000000000156c300:   0000000056b63df0 000000000007ff80 

Instructions: (pc=0x0000000055e6a363)
0x0000000055e6a343:   48 6b c1 c0 48 03 e8 66 0f 1f 44 00 00 0f 10 03
0x0000000055e6a353:   0f 10 5b 10 0f 10 53 20 0f 10 4b 30 48 83 c3 40
0x0000000055e6a363:   0f 2b 06 0f 2b 5e 10 0f 2b 56 20 0f 2b 4e 30 48
0x0000000055e6a373:   83 c6 40 48 83 e9 01 75 d4 48 83 fd 10 72 22 48 


Register to memory mapping:

RAX=0xfffffffffff80080 is an unknown value
RBX=0x00000000237c5040 is an unknown value
RCX=0x0000000000001ffe is an unknown value
RDX=0x00000000237c5000 is an unknown value
RSP=0x000000000156c210 is pointing into the stack for thread: 0x0000000001576000
RBP=0x0000000000000000 is an unknown value
RSI=0x0000000000000000 is an unknown value
RDI=0x0000000023408040 is an unknown value
R8 =0x000000000007ff80 is an unknown value
R9 =0x0000000055e88420 is an unknown value
R10=0x0000000000000000 is an unknown value
R11=0x0000000000000048 is an unknown value
R12=0x000000000156da90 is pointing into the stack for thread: 0x0000000001576000
R13=0x000000000000005b is an unknown value
R14=0x00000000237c5000 is an unknown value
R15=0x000000000000005b is an unknown value


Stack: [0x0000000001470000,0x0000000001570000],  sp=0x000000000156c210,  free space=1008k
Native frames: (J=compiled Java code, j=interpreted, Vv=VM code, C=native code)

Java frames: (J=compiled Java code, j=interpreted, Vv=VM code)
j  org.lwjgl.opengl.GL11.nglReadPixels(IIIIIIJ)V+0
j  org.lwjgl.opengl.GL11.glReadPixels(IIIIIILjava/nio/ByteBuffer;)V+13
j  gl.FrameBufferRenderBuffer.readPixels()Ljava/awt/image/BufferedImage;+48
j  guis.EditorScreen.saveMapImage()V+35
j  guis.EditorScreen.lambda$3()V+23
j  guis.EditorScreen$$Lambda$30.run()V+4
j  guis.elements.Button.select()V+4
j  guis.elements.Button.handleRelease(I)V+15
j  staindev.Game.lambda$1(JIII)V+89
j  staindev.Game$$Lambda$9.invoke(JIII)V+6
j  org.lwjgl.glfw.GLFWMouseButtonCallbackI.callback(J)V+17
v  ~StubRoutines::call_stub
j  org.lwjgl.system.JNI.invokeV(J)V+0
j  org.lwjgl.glfw.GLFW.glfwPollEvents()V+8
j  staindev.Game.updateGame()V+3
j  staindev.Game.loop()V+85
j  staindev.Game.main([Ljava/lang/String;)V+24
v  ~StubRoutines::call_stub

---------------  P R O C E S S  ---------------

Java Threads: ( => current thread )
  0x0000000025867800 JavaThread "Java2D Disposer" daemon [_thread_blocked, id=21748, stack(0x0000000026a40000,0x0000000026b40000)]
  0x000000001e53a000 JavaThread "Service Thread" daemon [_thread_blocked, id=8452, stack(0x000000001f060000,0x000000001f160000)]
  0x000000001e4b0000 JavaThread "C1 CompilerThread3" daemon [_thread_blocked, id=8456, stack(0x000000001ef60000,0x000000001f060000)]
  0x000000001e4ac000 JavaThread "C2 CompilerThread2" daemon [_thread_blocked, id=13636, stack(0x000000001ee60000,0x000000001ef60000)]
  0x000000001e4a7800 JavaThread "C2 CompilerThread1" daemon [_thread_blocked, id=15640, stack(0x000000001ed60000,0x000000001ee60000)]
  0x000000001e4a1000 JavaThread "C2 CompilerThread0" daemon [_thread_blocked, id=25620, stack(0x000000001ec60000,0x000000001ed60000)]
  0x000000001e49d000 JavaThread "Attach Listener" daemon [_thread_blocked, id=29632, stack(0x000000001eb60000,0x000000001ec60000)]
  0x000000001e49c000 JavaThread "Signal Dispatcher" daemon [_thread_blocked, id=10668, stack(0x000000001ea60000,0x000000001eb60000)]
  0x000000001e490800 JavaThread "Finalizer" daemon [_thread_blocked, id=24912, stack(0x000000001e870000,0x000000001e970000)]
  0x000000000166b800 JavaThread "Reference Handler" daemon [_thread_blocked, id=19768, stack(0x000000001e370000,0x000000001e470000)]
=>0x0000000001576000 JavaThread "main" [_thread_in_native, id=25812, stack(0x0000000001470000,0x0000000001570000)]

Other Threads:
  0x000000001c599800 VMThread [stack: 0x000000001e270000,0x000000001e370000] [id=10952]
  0x000000001e5e5800 WatcherThread [stack: 0x000000001f160000,0x000000001f260000] [id=11720]

VM state:not at safepoint (normal execution)

VM Mutex/Monitor currently owned by a thread: None

Heap:
 PSYoungGen      total 76288K, used 10624K [0x000000076af00000, 0x0000000774400000, 0x00000007c0000000)
  eden space 65536K, 11% used [0x000000076af00000,0x000000076b62f2a0,0x000000076ef00000)
  from space 10752K, 30% used [0x000000076ef00000,0x000000076f2310c0,0x000000076f980000)
  to   space 10752K, 0% used [0x0000000773980000,0x0000000773980000,0x0000000774400000)
 ParOldGen       total 175104K, used 33937K [0x00000006c0c00000, 0x00000006cb700000, 0x000000076af00000)
  object space 175104K, 19% used [0x00000006c0c00000,0x00000006c2d24698,0x00000006cb700000)
 Metaspace       used 12563K, capacity 12811K, committed 12928K, reserved 1060864K
  class space    used 1046K, capacity 1146K, committed 1152K, reserved 1048576K

Card table byte_map: [0x0000000012410000,0x0000000012c10000] byte_map_base: 0x000000000ee0a000

Marking Bits: (ParMarkBitMap*) 0x0000000057c4c720
 Begin Bits: [0x0000000013410000, 0x00000000173e0000)
 End Bits:   [0x00000000173e0000, 0x000000001b3b0000)

Polling page: 0x0000000000860000

CodeCache: size=245760Kb used=4086Kb max_used=4087Kb free=241673Kb
 bounds [0x0000000003410000, 0x0000000003820000, 0x0000000012410000]
 total_blobs=2072 nmethods=1121 adapters=864
 compilation: enabled

Compilation events (10 events):
Event: 3.893 Thread 0x000000001e4b0000 1117       3       sun.misc.FDBigInteger::mult (64 bytes)
Event: 3.893 Thread 0x000000001e4b0000 nmethod 1117 0x000000000380eb10 code [0x000000000380ec80, 0x000000000380ef10]
Event: 3.893 Thread 0x000000001e4b0000 1118       3       sun.misc.FDBigInteger::<init> (30 bytes)
Event: 3.893 Thread 0x000000001e4b0000 nmethod 1118 0x000000000380e690 code [0x000000000380e800, 0x000000000380ea28]
Event: 3.898 Thread 0x000000001e4b0000 1119       3       sun.misc.Unsafe::getAndAddLong (27 bytes)
Event: 3.898 Thread 0x000000001e4b0000 nmethod 1119 0x000000000380e210 code [0x000000000380e380, 0x000000000380e590]
Event: 3.898 Thread 0x000000001e4b0000 1120       3       java.util.zip.ZipFile$ZipFileInputStream::finalize (5 bytes)
Event: 3.898 Thread 0x000000001e4b0000 nmethod 1120 0x000000000380de50 code [0x000000000380dfc0, 0x000000000380e168]
Event: 3.898 Thread 0x000000001e4b0000 1121       3       java.util.zip.ZipFile$ZipFileInflaterInputStream::finalize (5 bytes)
Event: 3.898 Thread 0x000000001e4b0000 nmethod 1121 0x000000000380da90 code [0x000000000380dc00, 0x000000000380dda8]

GC Heap History (6 events):
Event: 0.937 GC heap before
{Heap before GC invocations=1 (full 0):
 PSYoungGen      total 76288K, used 45391K [0x000000076af00000, 0x0000000770400000, 0x00000007c0000000)
  eden space 65536K, 69% used [0x000000076af00000,0x000000076db53f58,0x000000076ef00000)
  from space 10752K, 0% used [0x000000076f980000,0x000000076f980000,0x0000000770400000)
  to   space 10752K, 0% used [0x000000076ef00000,0x000000076ef00000,0x000000076f980000)
 ParOldGen       total 175104K, used 0K [0x00000006c0c00000, 0x00000006cb700000, 0x000000076af00000)
  object space 175104K, 0% used [0x00000006c0c00000,0x00000006c0c00000,0x00000006cb700000)
 Metaspace       used 10702K, capacity 10899K, committed 11008K, reserved 1058816K
  class space    used 913K, capacity 1002K, committed 1024K, reserved 1048576K
Event: 0.943 GC heap after
Heap after GC invocations=1 (full 0):
 PSYoungGen      total 76288K, used 10739K [0x000000076af00000, 0x0000000770400000, 0x00000007c0000000)
  eden space 65536K, 0% used [0x000000076af00000,0x000000076af00000,0x000000076ef00000)
  from space 10752K, 99% used [0x000000076ef00000,0x000000076f97ce20,0x000000076f980000)
  to   space 10752K, 0% used [0x000000076f980000,0x000000076f980000,0x0000000770400000)
 ParOldGen       total 175104K, used 17721K [0x00000006c0c00000, 0x00000006cb700000, 0x000000076af00000)
  object space 175104K, 10% used [0x00000006c0c00000,0x00000006c1d4e678,0x00000006cb700000)
 Metaspace       used 10702K, capacity 10899K, committed 11008K, reserved 1058816K
  class space    used 913K, capacity 1002K, committed 1024K, reserved 1048576K
}
Event: 1.001 GC heap before
{Heap before GC invocations=2 (full 0):
 PSYoungGen      total 76288K, used 76275K [0x000000076af00000, 0x0000000770400000, 0x00000007c0000000)
  eden space 65536K, 100% used [0x000000076af00000,0x000000076ef00000,0x000000076ef00000)
  from space 10752K, 99% used [0x000000076ef00000,0x000000076f97ce20,0x000000076f980000)
  to   space 10752K, 0% used [0x000000076f980000,0x000000076f980000,0x0000000770400000)
 ParOldGen       total 175104K, used 17721K [0x00000006c0c00000, 0x00000006cb700000, 0x000000076af00000)
  object space 175104K, 10% used [0x00000006c0c00000,0x00000006c1d4e678,0x00000006cb700000)
 Metaspace       used 10715K, capacity 10899K, committed 11008K, reserved 1058816K
  class space    used 914K, capacity 1002K, committed 1024K, reserved 1048576K
Event: 1.006 GC heap after
Heap after GC invocations=2 (full 0):
 PSYoungGen      total 76288K, used 10374K [0x000000076af00000, 0x0000000774400000, 0x00000007c0000000)
  eden space 65536K, 0% used [0x000000076af00000,0x000000076af00000,0x000000076ef00000)
  from space 10752K, 96% used [0x000000076f980000,0x00000007703a18f8,0x0000000770400000)
  to   space 10752K, 0% used [0x000000076ef00000,0x000000076ef00000,0x000000076f980000)
 ParOldGen       total 175104K, used 33929K [0x00000006c0c00000, 0x00000006cb700000, 0x000000076af00000)
  object space 175104K, 19% used [0x00000006c0c00000,0x00000006c2d22698,0x00000006cb700000)
 Metaspace       used 10715K, capacity 10899K, committed 11008K, reserved 1058816K
  class space    used 914K, capacity 1002K, committed 1024K, reserved 1048576K
}
Event: 3.895 GC heap before
{Heap before GC invocations=3 (full 0):
 PSYoungGen      total 76288K, used 72794K [0x000000076af00000, 0x0000000774400000, 0x00000007c0000000)
  eden space 65536K, 95% used [0x000000076af00000,0x000000076ebf4f80,0x000000076ef00000)
  from space 10752K, 96% used [0x000000076f980000,0x00000007703a18f8,0x0000000770400000)
  to   space 10752K, 0% used [0x000000076ef00000,0x000000076ef00000,0x000000076f980000)
 ParOldGen       total 175104K, used 33929K [0x00000006c0c00000, 0x00000006cb700000, 0x000000076af00000)
  object space 175104K, 19% used [0x00000006c0c00000,0x00000006c2d22698,0x00000006cb700000)
 Metaspace       used 12561K, capacity 12811K, committed 12928K, reserved 1060864K
  class space    used 1046K, capacity 1146K, committed 1152K, reserved 1048576K
Event: 3.897 GC heap after
Heap after GC invocations=3 (full 0):
 PSYoungGen      total 76288K, used 3268K [0x000000076af00000, 0x0000000774400000, 0x00000007c0000000)
  eden space 65536K, 0% used [0x000000076af00000,0x000000076af00000,0x000000076ef00000)
  from space 10752K, 30% used [0x000000076ef00000,0x000000076f2310c0,0x000000076f980000)
  to   space 10752K, 0% used [0x0000000773980000,0x0000000773980000,0x0000000774400000)
 ParOldGen       total 175104K, used 33937K [0x00000006c0c00000, 0x00000006cb700000, 0x000000076af00000)
  object space 175104K, 19% used [0x00000006c0c00000,0x00000006c2d24698,0x00000006cb700000)
 Metaspace       used 12561K, capacity 12811K, committed 12928K, reserved 1060864K
  class space    used 1046K, capacity 1146K, committed 1152K, reserved 1048576K
}

Deoptimization events (10 events):
Event: 0.073 Thread 0x0000000001576000 Uncommon trap: reason=unstable_if action=reinterpret pc=0x000000000351f208 method=java.lang.String.hashCode()I @ 14
Event: 0.167 Thread 0x0000000001576000 Uncommon trap: reason=unstable_if action=reinterpret pc=0x00000000035af198 method=java.lang.String.indexOf([CII[CIII)I @ 134
Event: 1.077 Thread 0x0000000001576000 Uncommon trap: reason=class_check action=maybe_recompile pc=0x0000000003797d24 method=java.io.FilterInputStream.read()I @ 4
Event: 1.077 Thread 0x0000000001576000 Uncommon trap: reason=class_check action=maybe_recompile pc=0x0000000003797d24 method=java.io.FilterInputStream.read()I @ 4
Event: 1.077 Thread 0x0000000001576000 Uncommon trap: reason=class_check action=maybe_recompile pc=0x0000000003797d24 method=java.io.FilterInputStream.read()I @ 4
Event: 1.077 Thread 0x0000000001576000 Uncommon trap: reason=class_check action=maybe_recompile pc=0x0000000003797d24 method=java.io.FilterInputStream.read()I @ 4
Event: 1.268 Thread 0x0000000001576000 Uncommon trap: reason=class_check action=maybe_recompile pc=0x000000000378faec method=java.io.BufferedInputStream.fill()V @ 214
Event: 3.176 Thread 0x0000000001576000 Uncommon trap: reason=unstable_if action=reinterpret pc=0x00000000037fa6d4 method=org.joml.Matrix4f.translation(FFF)Lorg/joml/Matrix4f; @ 6
Event: 3.176 Thread 0x0000000001576000 Uncommon trap: reason=unstable_if action=reinterpret pc=0x00000000037f7fb0 method=org.joml.Math.cosFromSin(DD)D @ 53
Event: 3.177 Thread 0x0000000001576000 Uncommon trap: reason=unstable_if action=reinterpret pc=0x00000000037f9048 method=org.joml.Matrix4f.translation(FFF)Lorg/joml/Matrix4f; @ 6

Internal exceptions (10 events):
Event: 0.145 Thread 0x0000000001576000 Exception <a 'java/lang/NoSuchMethodError': java.lang.Object.lambda$static$0(Ljava/lang/String;)Ljava/lang/Boolean;> (0x000000076b441838) thrown at [C:\re\workspace\8-2-build-windows-amd64-cygwin\jdk8u131\8869\hotspot\src\share\vm\interpreter\linkResolver
Event: 0.154 Thread 0x0000000001576000 Exception <a 'java/lang/NoSuchFieldError': method resolution failed> (0x000000076b4b9848) thrown at [C:\re\workspace\8-2-build-windows-amd64-cygwin\jdk8u131\8869\hotspot\src\share\vm\prims\methodHandles.cpp, line 1146]
Event: 0.154 Thread 0x0000000001576000 Exception <a 'java/lang/NoSuchFieldError': method resolution failed> (0x000000076b4c6b68) thrown at [C:\re\workspace\8-2-build-windows-amd64-cygwin\jdk8u131\8869\hotspot\src\share\vm\prims\methodHandles.cpp, line 1146]
Event: 0.166 Thread 0x0000000001576000 Exception <a 'java/security/PrivilegedActionException'> (0x000000076b556f70) thrown at [C:\re\workspace\8-2-build-windows-amd64-cygwin\jdk8u131\8869\hotspot\src\share\vm\prims\jvm.cpp, line 1390]
Event: 0.166 Thread 0x0000000001576000 Exception <a 'java/security/PrivilegedActionException'> (0x000000076b557180) thrown at [C:\re\workspace\8-2-build-windows-amd64-cygwin\jdk8u131\8869\hotspot\src\share\vm\prims\jvm.cpp, line 1390]
Event: 0.166 Thread 0x0000000001576000 Exception <a 'java/security/PrivilegedActionException'> (0x000000076b55b090) thrown at [C:\re\workspace\8-2-build-windows-amd64-cygwin\jdk8u131\8869\hotspot\src\share\vm\prims\jvm.cpp, line 1390]
Event: 0.166 Thread 0x0000000001576000 Exception <a 'java/security/PrivilegedActionException'> (0x000000076b55b2a0) thrown at [C:\re\workspace\8-2-build-windows-amd64-cygwin\jdk8u131\8869\hotspot\src\share\vm\prims\jvm.cpp, line 1390]
Event: 0.641 Thread 0x0000000001576000 Exception <a 'sun/nio/fs/WindowsException'> (0x000000076bae3858) thrown at [C:\re\workspace\8-2-build-windows-amd64-cygwin\jdk8u131\8869\hotspot\src\share\vm\prims\jni.cpp, line 709]
Event: 0.641 Thread 0x0000000001576000 Exception <a 'sun/nio/fs/WindowsException'> (0x000000076bae4098) thrown at [C:\re\workspace\8-2-build-windows-amd64-cygwin\jdk8u131\8869\hotspot\src\share\vm\prims\jni.cpp, line 709]
Event: 0.797 Thread 0x0000000001576000 Exception <a 'java/io/FileNotFoundException'> (0x000000076c3c5160) thrown at [C:\re\workspace\8-2-build-windows-amd64-cygwin\jdk8u131\8869\hotspot\src\share\vm\prims\jni.cpp, line 709]

Events (10 events):
Event: 3.892 loading class sun/misc/FDBigInteger
Event: 3.892 loading class sun/misc/FDBigInteger done
Event: 3.893 loading class sun/misc/FormattedFloatingDecimal$2
Event: 3.893 loading class sun/misc/FormattedFloatingDecimal$2 done
Event: 3.894 loading class util/Key
Event: 3.894 loading class util/Key done
Event: 3.894 loading class gl/FrameBufferRenderBuffer
Event: 3.894 loading class gl/FrameBufferRenderBuffer done
Event: 3.895 Executing VM operation: ParallelGCFailedAllocation
Event: 3.897 Executing VM operation: ParallelGCFailedAllocation done


Dynamic libraries:
0x00007ff7143c0000 - 0x00007ff7143f7000 	C:\Program Files\Java\jdk1.8.0_131\bin\javaw.exe
0x00007ff8601a0000 - 0x00007ff860381000 	C:\WINDOWS\SYSTEM32\ntdll.dll
0x00007ff85e7d0000 - 0x00007ff85e882000 	C:\WINDOWS\System32\KERNEL32.DLL
0x00007ff85cb80000 - 0x00007ff85cdf3000 	C:\WINDOWS\System32\KERNELBASE.dll
0x00007ff85e700000 - 0x00007ff85e7a1000 	C:\WINDOWS\System32\ADVAPI32.dll
0x00007ff85fe80000 - 0x00007ff85ff1e000 	C:\WINDOWS\System32\msvcrt.dll
0x00007ff85ff20000 - 0x00007ff85ff7b000 	C:\WINDOWS\System32\sechost.dll
0x00007ff85e470000 - 0x00007ff85e594000 	C:\WINDOWS\System32\RPCRT4.dll
0x00007ff85e2e0000 - 0x00007ff85e470000 	C:\WINDOWS\System32\USER32.dll
0x00007ff85cf00000 - 0x00007ff85cf20000 	C:\WINDOWS\System32\win32u.dll
0x00007ff85e890000 - 0x00007ff85e8b8000 	C:\WINDOWS\System32\GDI32.dll
0x00007ff85c570000 - 0x00007ff85c702000 	C:\WINDOWS\System32\gdi32full.dll
0x00007ff85cae0000 - 0x00007ff85cb7f000 	C:\WINDOWS\System32\msvcp_win.dll
0x00007ff85ce00000 - 0x00007ff85cefa000 	C:\WINDOWS\System32\ucrtbase.dll
0x00007ff851400000 - 0x00007ff851669000 	C:\WINDOWS\WinSxS\amd64_microsoft.windows.common-controls_6595b64144ccf1df_6.0.17134.48_none_b4b2216a3cb4dd3e\COMCTL32.dll
0x00007ff85dc80000 - 0x00007ff85dfa3000 	C:\WINDOWS\System32\combase.dll
0x00007ff85ca60000 - 0x00007ff85cada000 	C:\WINDOWS\System32\bcryptPrimitives.dll
0x00007ff85dbe0000 - 0x00007ff85dc0d000 	C:\WINDOWS\System32\IMM32.DLL
0x0000000058400000 - 0x00000000584d2000 	C:\Program Files\Java\jdk1.8.0_131\jre\bin\msvcr100.dll
0x0000000057430000 - 0x0000000057ccc000 	C:\Program Files\Java\jdk1.8.0_131\jre\bin\server\jvm.dll
0x00007ff85e7b0000 - 0x00007ff85e7b8000 	C:\WINDOWS\System32\PSAPI.DLL
0x00007ff84a400000 - 0x00007ff84a409000 	C:\WINDOWS\SYSTEM32\WSOCK32.dll
0x00007ff85a310000 - 0x00007ff85a333000 	C:\WINDOWS\SYSTEM32\WINMM.dll
0x00007ff857ef0000 - 0x00007ff857efa000 	C:\WINDOWS\SYSTEM32\VERSION.dll
0x00007ff85dc10000 - 0x00007ff85dc7c000 	C:\WINDOWS\System32\WS2_32.dll
0x00007ff85a1f0000 - 0x00007ff85a21a000 	C:\WINDOWS\SYSTEM32\winmmbase.dll
0x00007ff85c960000 - 0x00007ff85c9a9000 	C:\WINDOWS\System32\cfgmgr32.dll
0x00000000583f0000 - 0x00000000583ff000 	C:\Program Files\Java\jdk1.8.0_131\jre\bin\verify.dll
0x00000000583c0000 - 0x00000000583e9000 	C:\Program Files\Java\jdk1.8.0_131\jre\bin\java.dll
0x00000000583a0000 - 0x00000000583b6000 	C:\Program Files\Java\jdk1.8.0_131\jre\bin\zip.dll
0x00007ff85e8c0000 - 0x00007ff85fd00000 	C:\WINDOWS\System32\SHELL32.dll
0x00007ff8600c0000 - 0x00007ff860169000 	C:\WINDOWS\System32\shcore.dll
0x00007ff85cf20000 - 0x00007ff85d62d000 	C:\WINDOWS\System32\windows.storage.dll
0x00007ff860040000 - 0x00007ff860091000 	C:\WINDOWS\System32\shlwapi.dll
0x00007ff85c550000 - 0x00007ff85c561000 	C:\WINDOWS\System32\kernel.appcore.dll
0x00007ff85c530000 - 0x00007ff85c54f000 	C:\WINDOWS\System32\profapi.dll
0x00007ff85c4e0000 - 0x00007ff85c52c000 	C:\WINDOWS\System32\powrprof.dll
0x00007ff85c4d0000 - 0x00007ff85c4da000 	C:\WINDOWS\System32\FLTLIB.DLL
0x0000000057410000 - 0x000000005742a000 	C:\Program Files\Java\jdk1.8.0_131\jre\bin\net.dll
0x00007ff85bd30000 - 0x00007ff85bd96000 	C:\WINDOWS\system32\mswsock.dll
0x00000000573f0000 - 0x0000000057401000 	C:\Program Files\Java\jdk1.8.0_131\jre\bin\nio.dll
0x00007ff8444f0000 - 0x00007ff84454b000 	C:\Users\Nick Stames\AppData\Local\Temp\lwjglNick Stames\3.1.6-build-14\lwjgl.dll
0x00007ff839700000 - 0x00007ff839751000 	C:\Users\NICKST~1\AppData\Local\Temp\lwjglNick Stames\3.1.6-build-14\glfw.dll
0x00007ff85a5f0000 - 0x00007ff85a688000 	C:\WINDOWS\system32\uxtheme.dll
0x00007ff83e0a0000 - 0x00007ff83e0e3000 	C:\WINDOWS\SYSTEM32\dinput8.dll
0x00007ff858c30000 - 0x00007ff858c40000 	C:\WINDOWS\SYSTEM32\xinput1_4.dll
0x00007ff85c2c0000 - 0x00007ff85c2e7000 	C:\WINDOWS\SYSTEM32\DEVOBJ.dll
0x00007ff84f890000 - 0x00007ff84f909000 	C:\WINDOWS\SYSTEM32\inputhost.dll
0x00007ff85a110000 - 0x00007ff85a1ea000 	C:\WINDOWS\SYSTEM32\CoreMessaging.dll
0x00007ff857950000 - 0x00007ff857a9d000 	C:\WINDOWS\SYSTEM32\wintypes.dll
0x00007ff856d30000 - 0x00007ff85704e000 	C:\WINDOWS\SYSTEM32\CoreUIComponents.dll
0x00007ff85b5a0000 - 0x00007ff85b5d1000 	C:\WINDOWS\SYSTEM32\ntmarta.dll
0x00007ff85a940000 - 0x00007ff85a969000 	C:\WINDOWS\SYSTEM32\dwmapi.dll
0x00007ff85fd00000 - 0x00007ff85fe75000 	C:\WINDOWS\System32\MSCTF.dll
0x00007ff85e5b0000 - 0x00007ff85e672000 	C:\WINDOWS\System32\OLEAUT32.dll
0x00007ff85b1e0000 - 0x00007ff85b1ec000 	C:\WINDOWS\SYSTEM32\HID.DLL
0x00007ff85d630000 - 0x00007ff85da7b000 	C:\WINDOWS\System32\SETUPAPI.DLL
0x00007ff85c710000 - 0x00007ff85c767000 	C:\WINDOWS\System32\WINTRUST.dll
0x00007ff85c4b0000 - 0x00007ff85c4c2000 	C:\WINDOWS\System32\MSASN1.dll
0x00007ff85c770000 - 0x00007ff85c952000 	C:\WINDOWS\System32\CRYPT32.dll
0x00007ff82f370000 - 0x00007ff82f490000 	C:\WINDOWS\SYSTEM32\opengl32.dll
0x00007ff844f30000 - 0x00007ff844f5c000 	C:\WINDOWS\SYSTEM32\GLU32.dll
0x00000000550d0000 - 0x0000000057398000 	C:\WINDOWS\SYSTEM32\nvoglv64.DLL
0x00007ff85da80000 - 0x00007ff85dbd1000 	C:\WINDOWS\System32\ole32.dll
0x00007ff858680000 - 0x00007ff858693000 	C:\WINDOWS\SYSTEM32\WTSAPI32.dll
0x00007ff84bbd0000 - 0x00007ff84be36000 	C:\WINDOWS\system32\nvspcap64.dll
0x00007ff85b610000 - 0x00007ff85b666000 	C:\WINDOWS\SYSTEM32\WINSTA.dll
0x00007ff84f910000 - 0x00007ff84f9a8000 	C:\WINDOWS\System32\TextInputFramework.dll
0x00007ff839000000 - 0x00007ff83905f000 	C:\Users\Nick Stames\AppData\Local\Temp\lwjglNick Stames\3.1.6-build-14\lwjgl_opengl.dll
0x0000000054bd0000 - 0x0000000054d68000 	C:\Program Files\Java\jdk1.8.0_131\jre\bin\awt.dll
0x00007ff85a430000 - 0x00007ff85a4bb000 	C:\WINDOWS\SYSTEM32\apphelp.dll
0x00007ff831000000 - 0x00007ff8310f0000 	C:\Users\NICKST~1\AppData\Local\Temp\lwjglNick Stames\3.1.6-build-14\OpenAL.dll
0x00007ff85dfb0000 - 0x00007ff85e050000 	C:\WINDOWS\System32\clbcatq.dll
0x00007ff8569a0000 - 0x00007ff856a16000 	C:\WINDOWS\System32\MMDevApi.dll
0x00007ff85afb0000 - 0x00007ff85b164000 	C:\WINDOWS\System32\PROPSYS.dll
0x00007ff836010000 - 0x00007ff83613c000 	C:\WINDOWS\SYSTEM32\AUDIOSES.DLL
0x00007ff858190000 - 0x00007ff85819a000 	C:\WINDOWS\SYSTEM32\AVRT.dll
0x00007ff8385d0000 - 0x00007ff83864e000 	C:\Users\Nick Stames\AppData\Local\Temp\lwjglNick Stames\3.1.6-build-14\lwjgl_stb.dll
0x00007ff849d30000 - 0x00007ff849ef9000 	C:\WINDOWS\SYSTEM32\dbghelp.dll

VM Arguments:
jvm_args: -Dfile.encoding=UTF-8 
java_command: staindev.Game
java_class_path (initial): C:\Program Files\Java\jdk1.8.0_131\jre\lib\resources.jar;C:\Program Files\Java\jdk1.8.0_131\jre\lib\rt.jar;C:\Program Files\Java\jdk1.8.0_131\jre\lib\jsse.jar;C:\Program Files\Java\jdk1.8.0_131\jre\lib\jce.jar;C:\Program Files\Java\jdk1.8.0_131\jre\lib\charsets.jar;C:\Program Files\Java\jdk1.8.0_131\jre\lib\jfr.jar;C:\Program Files\Java\jdk1.8.0_131\jre\lib\ext\access-bridge-64.jar;C:\Program Files\Java\jdk1.8.0_131\jre\lib\ext\cldrdata.jar;C:\Program Files\Java\jdk1.8.0_131\jre\lib\ext\dnsns.jar;C:\Program Files\Java\jdk1.8.0_131\jre\lib\ext\jaccess.jar;C:\Program Files\Java\jdk1.8.0_131\jre\lib\ext\jfxrt.jar;C:\Program Files\Java\jdk1.8.0_131\jre\lib\ext\localedata.jar;C:\Program Files\Java\jdk1.8.0_131\jre\lib\ext\nashorn.jar;C:\Program Files\Java\jdk1.8.0_131\jre\lib\ext\sunec.jar;C:\Program Files\Java\jdk1.8.0_131\jre\lib\ext\sunjce_provider.jar;C:\Program Files\Java\jdk1.8.0_131\jre\lib\ext\sunmscapi.jar;C:\Program Files\Java\jdk1.8.0_131\jre\lib\ext\sunpkcs11.jar;C:\Program Files\Java\jdk1.8.0_131\jre\lib\ext\zipfs.jar;C:\Users\Nick Stames\git\staindev\Stains\bin;C:\Users\Nick Stames\git\staindev\Stains\lib\lwjgl-assimp.jar;C:\Users\Nick Stames\git\staindev\Stains\lib\lwjgl-bgfx.jar;C:\Users\Nick Stames\git\staindev\Stains\lib\lwjgl-egl.jar;C:\Users\Nick Stames\git\staindev\Stains\lib\lwjgl-glfw.jar;C:\Users\Nick Stames\git\staindev\Stains\lib\lwjgl-jawt.jar;C:\Users\Nick Stames\git\staindev\Stains\lib\lwjgl-jemalloc.jar;C:\Users\Nick Stames\git\staindev\Stains\lib\lwjgl-lmdb.jar;C:\Users\Nick Stames\git\staindev\Stains\lib\lwjgl-lz4.jar;C:\Users\Nick Stames\git\staindev\Stains\lib\lwjgl-nanovg.jar;C:\Users\Nick Stames\git\staindev\Stains\lib\lwjgl-nfd.jar;C:\Users\Nick Stames\git\staindev\Stains\lib\lwjgl-nuklear.jar;C:\Users\Nick Stames\git\staindev\Stains\lib\lwjgl-odbc.jar;C:\Users\Nick Stames\git\staindev\Stains\lib\lwjgl-openal.jar;C:\Users\Nick Stames\git\staindev\Stains\lib\lwjgl-opencl.jar;C:\Users\Nick Stames\git\stainde
Launcher Type: SUN_STANDARD

Environment Variables:
JAVA_HOME=C:\Program Files\Java\jdk1.8.0_91
PATH=C:\Program Files (x86)\Common Files\Oracle\Java\javapath;C:\Program Files\NVIDIA GPU Computing Toolkit\CUDA\v9.1\bin;C:\Program Files\NVIDIA GPU Computing Toolkit\CUDA\v9.1\libnvvp;C:\Program Files\NVIDIA GPU Computing Toolkit\CUDA\v8.0\bin;C:\Program Files\NVIDIA GPU Computing Toolkit\CUDA\v8.0\libnvvp;C:\Windows\system32;C:\Windows;C:\Windows\System32\Wbem;C:\Windows\System32\WindowsPowerShell\v1.0\;C:\Program Files (x86)\NVIDIA Corporation\PhysX\Common;C:\WINDOWS\system32;C:\WINDOWS;C:\WINDOWS\System32\Wbem;C:\WINDOWS\System32\WindowsPowerShell\v1.0\;C:\Program Files\nodejs;C:\Users\Nick Stames\.dnx\bin;C:\Program Files\Microsoft DNX\Dnvm\;C:\Program Files\Microsoft SQL Server\130\Tools\Binn\;C:\Program Files\Microsoft SQL Server\110\Tools\Binn\;C:\Program Files (x86)\Microsoft SDKs\TypeScript\1.0\;C:\Program Files\Microsoft SQL Server\120\Tools\Binn\;C:\Program Files (x86)\Microsoft Visual Studio 12.0\VC\bin\amd64;C:\Program Files (x86)\Microsoft Visual Studio 12.0\VC\bin;C:\Program Files (x86)\Microsoft Visual Studio 12.0\Common7\IDE;C:\Program Files\Java\jdk1.8.0_91\bin\;C:\Program Files\Java\jre1.8.0_121\bin\;C:\Program Files (x86)\GtkSharp\2.12\bin;C:\Program Files (x86)\Skype\Phone\;C:\Users\Nick Stames\AppData\Local\FFmpeg\bin;C:\Program Files\NVIDIA Corporation\OpenCL;C:\Program Files\PuTTY\;C:\WINDOWS\system32;C:\WINDOWS;C:\WINDOWS\System32\Wbem;C:\WINDOWS\System32\WindowsPowerShell\v1.0\;C:\WINDOWS\System32\OpenSSH\;C:\Users\Nick Stames\Anaconda3;C:\Users\Nick Stames\Anaconda3\Scripts;C:\Users\Nick Stames\Anaconda3\Library\bin;C:\Users\Nick Stames\AppData\Local\Microsoft\WindowsApps;C:\Program Files (x86)\Nmap;C:\Users\Nick Stames\AppData\Roaming\npm;C:\Users\Nick Stames\AppData\Local\FFmpeg\bin;C:\Users\Nick Stames\AppData\Local\Programs\Python\Python36;C:\Users\Nick Stames\AppData\Local\Programs\Python\Python36\Scripts;
USERNAME=Nick Stames
OS=Windows_NT
PROCESSOR_IDENTIFIER=Intel64 Family 6 Model 94 Stepping 3, GenuineIntel



---------------  S Y S T E M  ---------------

OS: Windows 10.0 , 64 bit Build 17134 (10.0.17134.1)

CPU:total 8 (initial active 8) (4 cores per cpu, 2 threads per core) family 6 model 94 stepping 3, cmov, cx8, fxsr, mmx, sse, sse2, sse3, ssse3, sse4.1, sse4.2, popcnt, avx, avx2, aes, clmul, erms, rtm, 3dnowpref, lzcnt, ht, tsc, tscinvbit, bmi1, bmi2, adx

Memory: 4k page, physical 16725676k(9641760k free), swap 19740332k(8179440k free)

vm_info: Java HotSpot(TM) 64-Bit Server VM (25.131-b11) for windows-amd64 JRE (1.8.0_131-b11), built on Mar 15 2017 01:23:53 by "java_re" with MS VC++ 10.0 (VS2010)

time: Fri Jun 08 17:34:15 2018
elapsed time: 3 seconds (0d 0h 0m 3s)

