#
# A fatal error has been detected by the Java Runtime Environment:
#
#  EXCEPTION_ACCESS_VIOLATION (0xc0000005) at pc=0x00007ff8502cf547, pid=27612, tid=0x0000000000002ba4
#
# JRE version: Java(TM) SE Runtime Environment (8.0_151-b12) (build 1.8.0_151-b12)
# Java VM: Java HotSpot(TM) 64-Bit Server VM (25.151-b12 mixed mode windows-amd64 compressed oops)
# Problematic frame:
# C  [lwjgl_opengl.dll+0xf547]
#
# Failed to write core dump. Minidumps are not enabled by default on client versions of Windows
#
# If you would like to submit a bug report, please visit:
#   http://bugreport.java.com/bugreport/crash.jsp
# The crash happened outside the Java Virtual Machine in native code.
# See problematic frame for where to report the bug.
#

---------------  T H R E A D  ---------------

Current thread (0x0000000005515800):  JavaThread "main" [_thread_in_native, id=11172, stack(0x0000000005410000,0x0000000005510000)]

siginfo: ExceptionCode=0xc0000005, reading address 0x0000000000001130

Registers:
RAX=0x0000000070d61d50, RBX=0x000000001ebf6078, RCX=0x0000000000000000, RDX=0x000000000550f4d0
RSP=0x000000000550f458, RBP=0x000000000550f4c0, RSI=0x0000000000000001, RDI=0x0000000000000073
R8 =0x0000000000000004, R9 =0x0000000001fa8140, R10=0x0000000005627f48, R11=0x00000000707eb4d0
R12=0x0000000000000000, R13=0x000000001ebf6070, R14=0x000000000550f4d8, R15=0x0000000005515800
RIP=0x00007ff8502cf547, EFLAGS=0x0000000000010202

Top of Stack: (sp=0x000000000550f458)
0x000000000550f458:   0000000005627f74 0000000000000001
0x000000000550f468:   0000000005515800 000000000550f530
0x000000000550f478:   0000000005627ca2 000000000550f480
0x000000000550f488:   000000001ebf6070 000000000550f4d8
0x000000000550f498:   000000001ec18bf0 0000000000000000
0x000000000550f4a8:   000000001ebf6078 0000000000000000
0x000000000550f4b8:   000000000550f4e0 000000000550f520
0x000000000550f4c8:   0000000005617da0 000000076bd21ea0
0x000000000550f4d8:   00000000056219d6 000000000550f4e0
0x000000000550f4e8:   000000001ebde9a0 000000000550f530
0x000000000550f4f8:   000000001ebdee88 0000000000000000
0x000000000550f508:   000000001ebde9c0 000000000550f4e0
0x000000000550f518:   000000000550f530 000000000550f578
0x000000000550f528:   00000000056183a2 000000076bcc5910
0x000000000550f538:   000000000550f538 000000001ebd1edd
0x000000000550f548:   000000000550f5d0 000000001ebd76f8 

Instructions: (pc=0x00007ff8502cf547)
0x00007ff8502cf527:   8b c8 4c 8b 50 18 49 ff a2 28 11 00 00 cc cc cc
0x00007ff8502cf537:   cc cc cc cc cc cc cc cc cc 48 8b 01 48 8b 48 18
0x00007ff8502cf547:   48 8b 81 30 11 00 00 48 ff e0 cc cc cc cc cc cc
0x00007ff8502cf557:   cc cc cc cc cc cc cc cc cc 48 8b 01 45 8b d8 4c 


Register to memory mapping:

RAX=0x0000000070d61d50 is an unknown value
RBX={method} {0x000000001ebf6080} 'glGetError' '()I' in 'org/lwjgl/opengl/GL11'
RCX=0x0000000000000000 is an unknown value
RDX=0x000000000550f4d0 is pointing into the stack for thread: 0x0000000005515800
RSP=0x000000000550f458 is pointing into the stack for thread: 0x0000000005515800
RBP=0x000000000550f4c0 is pointing into the stack for thread: 0x0000000005515800
RSI=0x0000000000000001 is an unknown value
RDI=0x0000000000000073 is an unknown value
R8 =0x0000000000000004 is an unknown value
R9 =0x0000000001fa8140 is an unknown value
R10=0x0000000005627f48 is at code_begin+840 in an Interpreter codelet
method entry point (kind = native)  [0x0000000005627c00, 0x0000000005628560]  2400 bytes
R11=0x00000000707eb4d0 is an unknown value
R12=0x0000000000000000 is an unknown value
R13=0x000000001ebf6070 is pointing into metadata
R14=0x000000000550f4d8 is pointing into the stack for thread: 0x0000000005515800
R15=0x0000000005515800 is a thread


Stack: [0x0000000005410000,0x0000000005510000],  sp=0x000000000550f458,  free space=1021k
Native frames: (J=compiled Java code, j=interpreted, Vv=VM code, C=native code)
C  [lwjgl_opengl.dll+0xf547]

Java frames: (J=compiled Java code, j=interpreted, Vv=VM code)
j  org.lwjgl.opengl.GL11.glGetError()I+0
j  org.newdawn.slick.opengl.renderer.ImmediateModeOGLRenderer.glGetError()V+0
j  org.newdawn.slick.opengl.InternalTextureLoader.getTexture(Ljava/io/InputStream;Ljava/lang/String;ZI[I)Lorg/newdawn/slick/opengl/TextureImpl;+205
j  org.newdawn.slick.opengl.InternalTextureLoader.getTexture(Ljava/io/InputStream;Ljava/lang/String;ZI)Lorg/newdawn/slick/opengl/Texture;+7
j  org.newdawn.slick.opengl.TextureLoader.getTexture(Ljava/lang/String;Ljava/io/InputStream;ZI)Lorg/newdawn/slick/opengl/Texture;+32
j  org.newdawn.slick.opengl.TextureLoader.getTexture(Ljava/lang/String;Ljava/io/InputStream;)Lorg/newdawn/slick/opengl/Texture;+6
j  staindev.Main.loadTexture(Ljava/lang/String;Ljava/lang/String;)V+52
j  staindev.Main.loadTextures()V+5
j  staindev.Main.init()V+237
j  staindev.Main.run()V+1
j  staindev.Main.main([Ljava/lang/String;)V+7
v  ~StubRoutines::call_stub

---------------  P R O C E S S  ---------------

Java Threads: ( => current thread )
  0x0000000021071800 JavaThread "Service Thread" daemon [_thread_blocked, id=8336, stack(0x0000000021ca0000,0x0000000021da0000)]
  0x0000000020ff3800 JavaThread "C1 CompilerThread3" daemon [_thread_blocked, id=9844, stack(0x0000000021ba0000,0x0000000021ca0000)]
  0x0000000020fe6000 JavaThread "C2 CompilerThread2" daemon [_thread_blocked, id=1524, stack(0x0000000021aa0000,0x0000000021ba0000)]
  0x0000000020fe4800 JavaThread "C2 CompilerThread1" daemon [_thread_blocked, id=20572, stack(0x00000000219a0000,0x0000000021aa0000)]
  0x0000000020fe0000 JavaThread "C2 CompilerThread0" daemon [_thread_blocked, id=9916, stack(0x00000000218a0000,0x00000000219a0000)]
  0x0000000020fde800 JavaThread "Attach Listener" daemon [_thread_blocked, id=7536, stack(0x00000000217a0000,0x00000000218a0000)]
  0x0000000020fde000 JavaThread "Signal Dispatcher" daemon [_thread_blocked, id=26204, stack(0x00000000216a0000,0x00000000217a0000)]
  0x000000001f0c4800 JavaThread "Finalizer" daemon [_thread_blocked, id=22248, stack(0x00000000213b0000,0x00000000214b0000)]
  0x000000001f0bd800 JavaThread "Reference Handler" daemon [_thread_blocked, id=2604, stack(0x0000000020eb0000,0x0000000020fb0000)]
=>0x0000000005515800 JavaThread "main" [_thread_in_native, id=11172, stack(0x0000000005410000,0x0000000005510000)]

Other Threads:
  0x000000000560e800 VMThread [stack: 0x0000000020db0000,0x0000000020eb0000] [id=17160]
  0x00000000210da800 WatcherThread [stack: 0x0000000021da0000,0x0000000021ea0000] [id=8240]

VM state:not at safepoint (normal execution)

VM Mutex/Monitor currently owned by a thread: None

Heap:
 PSYoungGen      total 76288K, used 15837K [0x000000076af00000, 0x0000000770400000, 0x00000007c0000000)
  eden space 65536K, 24% used [0x000000076af00000,0x000000076be777c8,0x000000076ef00000)
  from space 10752K, 0% used [0x000000076f980000,0x000000076f980000,0x0000000770400000)
  to   space 10752K, 0% used [0x000000076ef00000,0x000000076ef00000,0x000000076f980000)
 ParOldGen       total 175104K, used 0K [0x00000006c0c00000, 0x00000006cb700000, 0x000000076af00000)
  object space 175104K, 0% used [0x00000006c0c00000,0x00000006c0c00000,0x00000006cb700000)
 Metaspace       used 6044K, capacity 6264K, committed 6400K, reserved 1056768K
  class space    used 643K, capacity 738K, committed 768K, reserved 1048576K

Card table byte_map: [0x00000000149d0000,0x00000000151d0000] byte_map_base: 0x00000000113ca000

Marking Bits: (ParMarkBitMap*) 0x0000000070ddd850
 Begin Bits: [0x0000000015f30000, 0x0000000019f00000)
 End Bits:   [0x0000000019f00000, 0x000000001ded0000)

Polling page: 0x00000000014f0000

CodeCache: size=245760Kb used=2769Kb max_used=2769Kb free=242990Kb
 bounds [0x0000000005610000, 0x00000000058d0000, 0x0000000014610000]
 total_blobs=1307 nmethods=574 adapters=646
 compilation: enabled

Compilation events (10 events):
Event: 0.543 Thread 0x0000000020ff3800 nmethod 567 0x00000000058bce50 code [0x00000000058bcfa0, 0x00000000058bd0b0]
Event: 0.543 Thread 0x0000000020ff3800  568       3       java.util.regex.Pattern$Ctype::isSatisfiedBy (24 bytes)
Event: 0.543 Thread 0x0000000020ff3800 nmethod 568 0x00000000058bd110 code [0x00000000058bd280, 0x00000000058bd610]
Event: 0.543 Thread 0x0000000020ff3800  569       3       java.util.regex.ASCII::isType (15 bytes)
Event: 0.543 Thread 0x0000000020ff3800 nmethod 569 0x00000000058bd790 code [0x00000000058bd900, 0x00000000058bdb70]
Event: 0.543 Thread 0x0000000020ff3800  570       3       java.util.regex.Pattern$5::isSatisfiedBy (28 bytes)
Event: 0.543 Thread 0x0000000020ff3800 nmethod 570 0x00000000058bdc90 code [0x00000000058bde20, 0x00000000058be1b8]
Event: 0.543 Thread 0x0000000020fe0000  571       4       java.util.Arrays::copyOf (19 bytes)
Event: 0.545 Thread 0x0000000020fe0000 nmethod 571 0x00000000058c10d0 code [0x00000000058c1220, 0x00000000058c1418]
Event: 0.545 Thread 0x0000000020ff3800  572   !   3       java.net.URL::<init> (543 bytes)

GC Heap History (0 events):
No events

Deoptimization events (2 events):
Event: 0.070 Thread 0x0000000005515800 Uncommon trap: reason=unstable_if action=reinterpret pc=0x0000000005720488 method=java.lang.String.hashCode()I @ 14
Event: 0.162 Thread 0x0000000005515800 Uncommon trap: reason=unstable_if action=reinterpret pc=0x0000000005806e90 method=java.lang.String.indexOf([CII[CIII)I @ 134

Internal exceptions (10 events):
Event: 0.022 Thread 0x0000000005515800 Exception <a 'java/lang/NoSuchMethodError': Method sun.misc.Unsafe.prefetchRead(Ljava/lang/Object;J)V name or signature does not match> (0x000000076af07f90) thrown at [C:\re\workspace\8-2-build-windows-amd64-cygwin\jdk8u151\9699\hotspot\src\share\vm\prims
Event: 0.138 Thread 0x0000000005515800 Exception <a 'java/lang/NoSuchMethodError': java.lang.Object.lambda$static$0(Ljava/lang/String;)Ljava/lang/Boolean;> (0x000000076b521f30) thrown at [C:\re\workspace\8-2-build-windows-amd64-cygwin\jdk8u151\9699\hotspot\src\share\vm\interpreter\linkResolver
Event: 0.145 Thread 0x0000000005515800 Exception <a 'java/lang/NoSuchFieldError': method resolution failed> (0x000000076b599da8) thrown at [C:\re\workspace\8-2-build-windows-amd64-cygwin\jdk8u151\9699\hotspot\src\share\vm\prims\methodHandles.cpp, line 1146]
Event: 0.146 Thread 0x0000000005515800 Exception <a 'java/lang/NoSuchFieldError': method resolution failed> (0x000000076b5a7148) thrown at [C:\re\workspace\8-2-build-windows-amd64-cygwin\jdk8u151\9699\hotspot\src\share\vm\prims\methodHandles.cpp, line 1146]
Event: 0.178 Thread 0x0000000005515800 Exception <a 'java/security/PrivilegedActionException'> (0x000000076b8003a0) thrown at [C:\re\workspace\8-2-build-windows-amd64-cygwin\jdk8u151\9699\hotspot\src\share\vm\prims\jvm.cpp, line 1390]
Event: 0.178 Thread 0x0000000005515800 Exception <a 'java/security/PrivilegedActionException'> (0x000000076b8005b0) thrown at [C:\re\workspace\8-2-build-windows-amd64-cygwin\jdk8u151\9699\hotspot\src\share\vm\prims\jvm.cpp, line 1390]
Event: 0.179 Thread 0x0000000005515800 Exception <a 'java/security/PrivilegedActionException'> (0x000000076b804408) thrown at [C:\re\workspace\8-2-build-windows-amd64-cygwin\jdk8u151\9699\hotspot\src\share\vm\prims\jvm.cpp, line 1390]
Event: 0.179 Thread 0x0000000005515800 Exception <a 'java/security/PrivilegedActionException'> (0x000000076b804618) thrown at [C:\re\workspace\8-2-build-windows-amd64-cygwin\jdk8u151\9699\hotspot\src\share\vm\prims\jvm.cpp, line 1390]
Event: 0.544 Thread 0x0000000005515800 Exception <a 'sun/nio/fs/WindowsException'> (0x000000076bd79418) thrown at [C:\re\workspace\8-2-build-windows-amd64-cygwin\jdk8u151\9699\hotspot\src\share\vm\prims\jni.cpp, line 709]
Event: 0.544 Thread 0x0000000005515800 Exception <a 'sun/nio/fs/WindowsException'> (0x000000076bd79c58) thrown at [C:\re\workspace\8-2-build-windows-amd64-cygwin\jdk8u151\9699\hotspot\src\share\vm\prims\jni.cpp, line 709]

Events (10 events):
Event: 0.544 loading class java/nio/file/NoSuchFileException
Event: 0.544 loading class java/nio/file/FileSystemException
Event: 0.544 loading class java/nio/file/FileSystemException done
Event: 0.544 loading class java/nio/file/NoSuchFileException done
Event: 0.544 loading class org/lwjgl/opengl/GL$1
Event: 0.544 loading class org/lwjgl/opengl/GL$1 done
Event: 0.545 loading class org/lwjgl/opengl/GL$SharedLibraryGL
Event: 0.545 loading class org/lwjgl/opengl/GL$SharedLibraryGL done
Event: 0.545 loading class org/lwjgl/system/SharedLibrary$Delegate
Event: 0.545 loading class org/lwjgl/system/SharedLibrary$Delegate done


Dynamic libraries:
0x00007ff75e2f0000 - 0x00007ff75e327000 	C:\Program Files\Java\jre1.8.0_151\bin\javaw.exe
0x00007ff874680000 - 0x00007ff874860000 	C:\WINDOWS\SYSTEM32\ntdll.dll
0x00007ff871b50000 - 0x00007ff871bfe000 	C:\WINDOWS\System32\KERNEL32.DLL
0x00007ff870a80000 - 0x00007ff870ce6000 	C:\WINDOWS\System32\KERNELBASE.dll
0x00007ff871ed0000 - 0x00007ff871f71000 	C:\WINDOWS\System32\ADVAPI32.dll
0x00007ff871c00000 - 0x00007ff871c9d000 	C:\WINDOWS\System32\msvcrt.dll
0x00007ff8742b0000 - 0x00007ff87430b000 	C:\WINDOWS\System32\sechost.dll
0x00007ff871ca0000 - 0x00007ff871dbf000 	C:\WINDOWS\System32\RPCRT4.dll
0x00007ff874310000 - 0x00007ff87449f000 	C:\WINDOWS\System32\USER32.dll
0x00007ff870d90000 - 0x00007ff870db0000 	C:\WINDOWS\System32\win32u.dll
0x00007ff871f80000 - 0x00007ff871fa8000 	C:\WINDOWS\System32\GDI32.dll
0x00007ff871960000 - 0x00007ff871af3000 	C:\WINDOWS\System32\gdi32full.dll
0x00007ff870cf0000 - 0x00007ff870d8b000 	C:\WINDOWS\System32\msvcp_win.dll
0x00007ff871800000 - 0x00007ff8718f6000 	C:\WINDOWS\System32\ucrtbase.dll
0x00007ff8622d0000 - 0x00007ff862539000 	C:\WINDOWS\WinSxS\amd64_microsoft.windows.common-controls_6595b64144ccf1df_6.0.16299.309_none_15cfd4c4935e6b11\COMCTL32.dll
0x00007ff8723a0000 - 0x00007ff8726a8000 	C:\WINDOWS\System32\combase.dll
0x00007ff870e60000 - 0x00007ff870ed2000 	C:\WINDOWS\System32\bcryptPrimitives.dll
0x00007ff872370000 - 0x00007ff87239d000 	C:\WINDOWS\System32\IMM32.DLL
0x00000000703f0000 - 0x00000000704c2000 	C:\Program Files\Java\jre1.8.0_151\bin\msvcr100.dll
0x00000000705c0000 - 0x0000000070e5d000 	C:\Program Files\Java\jre1.8.0_151\bin\server\jvm.dll
0x00007ff872360000 - 0x00007ff872368000 	C:\WINDOWS\System32\PSAPI.DLL
0x00007ff866ee0000 - 0x00007ff866ee9000 	C:\WINDOWS\SYSTEM32\WSOCK32.dll
0x00007ff86ce70000 - 0x00007ff86ce7a000 	C:\WINDOWS\SYSTEM32\VERSION.dll
0x00007ff8726b0000 - 0x00007ff87271c000 	C:\WINDOWS\System32\WS2_32.dll
0x00007ff8653c0000 - 0x00007ff8653e3000 	C:\WINDOWS\SYSTEM32\WINMM.dll
0x00007ff8652e0000 - 0x00007ff86530a000 	C:\WINDOWS\SYSTEM32\winmmbase.dll
0x00007ff871b00000 - 0x00007ff871b4a000 	C:\WINDOWS\System32\cfgmgr32.dll
0x00000000713a0000 - 0x00000000713af000 	C:\Program Files\Java\jre1.8.0_151\bin\verify.dll
0x0000000070590000 - 0x00000000705b9000 	C:\Program Files\Java\jre1.8.0_151\bin\java.dll
0x0000000070570000 - 0x0000000070586000 	C:\Program Files\Java\jre1.8.0_151\bin\zip.dll
0x00007ff872720000 - 0x00007ff873b56000 	C:\WINDOWS\System32\SHELL32.dll
0x00007ff873b60000 - 0x00007ff873c06000 	C:\WINDOWS\System32\shcore.dll
0x00007ff870ee0000 - 0x00007ff871627000 	C:\WINDOWS\System32\windows.storage.dll
0x00007ff873cf0000 - 0x00007ff873d41000 	C:\WINDOWS\System32\shlwapi.dll
0x00007ff870a20000 - 0x00007ff870a31000 	C:\WINDOWS\System32\kernel.appcore.dll
0x00007ff8709d0000 - 0x00007ff870a1c000 	C:\WINDOWS\System32\powrprof.dll
0x00007ff870a40000 - 0x00007ff870a5b000 	C:\WINDOWS\System32\profapi.dll
0x0000000070550000 - 0x000000007056a000 	C:\Program Files\Java\jre1.8.0_151\bin\net.dll
0x00007ff870260000 - 0x00007ff8702c6000 	C:\WINDOWS\system32\mswsock.dll
0x0000000070530000 - 0x0000000070541000 	C:\Program Files\Java\jre1.8.0_151\bin\nio.dll
0x00007ff85eff0000 - 0x00007ff85f04b000 	C:\Users\Nick Stames\AppData\Local\Temp\lwjglNick Stames\3.1.6-build-14\lwjgl.dll
0x00007ff850ce0000 - 0x00007ff850d31000 	C:\Users\NICKST~1\AppData\Local\Temp\lwjglNick Stames\3.1.6-build-14\glfw.dll
0x00007ff86eed0000 - 0x00007ff86ef65000 	C:\WINDOWS\system32\uxtheme.dll
0x00007ff85df40000 - 0x00007ff85df83000 	C:\WINDOWS\SYSTEM32\dinput8.dll
0x00007ff86c710000 - 0x00007ff86c720000 	C:\WINDOWS\SYSTEM32\xinput1_4.dll
0x00007ff8707e0000 - 0x00007ff870807000 	C:\WINDOWS\SYSTEM32\DEVOBJ.dll
0x00007ff86f120000 - 0x00007ff86f14a000 	C:\WINDOWS\SYSTEM32\dwmapi.dll
0x00007ff85b630000 - 0x00007ff85b65e000 	C:\WINDOWS\SYSTEM32\inputhost.dll
0x00007ff85cd40000 - 0x00007ff85d02e000 	C:\WINDOWS\SYSTEM32\CoreUIComponents.dll
0x00007ff86e5a0000 - 0x00007ff86e67c000 	C:\WINDOWS\SYSTEM32\CoreMessaging.dll
0x00007ff86fb00000 - 0x00007ff86fb31000 	C:\WINDOWS\SYSTEM32\ntmarta.dll
0x00007ff86c3d0000 - 0x00007ff86c506000 	C:\WINDOWS\SYSTEM32\wintypes.dll
0x00007ff871fb0000 - 0x00007ff872117000 	C:\WINDOWS\System32\MSCTF.dll
0x00007ff873c10000 - 0x00007ff873cd5000 	C:\WINDOWS\System32\OLEAUT32.dll
0x00007ff86f7a0000 - 0x00007ff86f7ac000 	C:\WINDOWS\SYSTEM32\HID.DLL
0x00007ff873e60000 - 0x00007ff8742ae000 	C:\WINDOWS\System32\SETUPAPI.DLL
0x00007ff871900000 - 0x00007ff871958000 	C:\WINDOWS\System32\WINTRUST.dll
0x00007ff870a60000 - 0x00007ff870a72000 	C:\WINDOWS\System32\MSASN1.dll
0x00007ff871630000 - 0x00007ff8717fe000 	C:\WINDOWS\System32\CRYPT32.dll
0x00007ff8424b0000 - 0x00007ff8425ce000 	C:\WINDOWS\SYSTEM32\opengl32.dll
0x00007ff86ae20000 - 0x00007ff86ae4c000 	C:\WINDOWS\SYSTEM32\GLU32.dll
0x000000006e120000 - 0x00000000703e8000 	C:\WINDOWS\SYSTEM32\nvoglv64.DLL
0x00007ff8744a0000 - 0x00007ff8745e9000 	C:\WINDOWS\System32\ole32.dll
0x00007ff86d480000 - 0x00007ff86d493000 	C:\WINDOWS\SYSTEM32\WTSAPI32.dll
0x00007ff859420000 - 0x00007ff859674000 	C:\WINDOWS\system32\nvspcap64.dll
0x00007ff86fb70000 - 0x00007ff86fbc5000 	C:\WINDOWS\SYSTEM32\WINSTA.dll
0x00007ff85d030000 - 0x00007ff85d0c8000 	C:\WINDOWS\System32\TextInputFramework.dll
0x00007ff8502c0000 - 0x00007ff85031f000 	C:\Users\Nick Stames\AppData\Local\Temp\lwjglNick Stames\3.1.6-build-14\lwjgl_opengl.dll
0x00007ff86c1e0000 - 0x00007ff86c3a8000 	C:\WINDOWS\SYSTEM32\dbghelp.dll

VM Arguments:
jvm_args: -Dfile.encoding=UTF-8 
java_command: staindev.Main
java_class_path (initial): C:\Program Files\Java\jre1.8.0_151\lib\resources.jar;C:\Program Files\Java\jre1.8.0_151\lib\rt.jar;C:\Program Files\Java\jre1.8.0_151\lib\jsse.jar;C:\Program Files\Java\jre1.8.0_151\lib\jce.jar;C:\Program Files\Java\jre1.8.0_151\lib\charsets.jar;C:\Program Files\Java\jre1.8.0_151\lib\jfr.jar;C:\Program Files\Java\jre1.8.0_151\lib\ext\access-bridge-64.jar;C:\Program Files\Java\jre1.8.0_151\lib\ext\cldrdata.jar;C:\Program Files\Java\jre1.8.0_151\lib\ext\dnsns.jar;C:\Program Files\Java\jre1.8.0_151\lib\ext\jaccess.jar;C:\Program Files\Java\jre1.8.0_151\lib\ext\jfxrt.jar;C:\Program Files\Java\jre1.8.0_151\lib\ext\localedata.jar;C:\Program Files\Java\jre1.8.0_151\lib\ext\nashorn.jar;C:\Program Files\Java\jre1.8.0_151\lib\ext\sunec.jar;C:\Program Files\Java\jre1.8.0_151\lib\ext\sunjce_provider.jar;C:\Program Files\Java\jre1.8.0_151\lib\ext\sunmscapi.jar;C:\Program Files\Java\jre1.8.0_151\lib\ext\sunpkcs11.jar;C:\Program Files\Java\jre1.8.0_151\lib\ext\zipfs.jar;C:\Users\Nick Stames\git\staindev\Stains\bin;C:\Users\Nick Stames\git\staindev\Stains\lib\lwjgl-assimp-javadoc.jar;C:\Users\Nick Stames\git\staindev\Stains\lib\lwjgl-assimp-natives-windows.jar;C:\Users\Nick Stames\git\staindev\Stains\lib\lwjgl-assimp-sources.jar;C:\Users\Nick Stames\git\staindev\Stains\lib\lwjgl-assimp.jar;C:\Users\Nick Stames\git\staindev\Stains\lib\lwjgl-bgfx-javadoc.jar;C:\Users\Nick Stames\git\staindev\Stains\lib\lwjgl-bgfx-natives-windows.jar;C:\Users\Nick Stames\git\staindev\Stains\lib\lwjgl-bgfx-sources.jar;C:\Users\Nick Stames\git\staindev\Stains\lib\lwjgl-bgfx.jar;C:\Users\Nick Stames\git\staindev\Stains\lib\lwjgl-egl-javadoc.jar;C:\Users\Nick Stames\git\staindev\Stains\lib\lwjgl-egl-sources.jar;C:\Users\Nick Stames\git\staindev\Stains\lib\lwjgl-egl.jar;C:\Users\Nick Stames\git\staindev\Stains\lib\lwjgl-glfw-javadoc.jar;C:\Users\Nick Stames\git\staindev\Stains\lib\lwjgl-glfw-natives-windows.jar;C:\Users\Nick Stames\git\staindev\Stains\lib\lwjgl-glfw-sources.jar
Launcher Type: SUN_STANDARD

Environment Variables:
JAVA_HOME=C:\Program Files\Java\jdk1.8.0_91
USERNAME=Nick Stames
OS=Windows_NT
PROCESSOR_IDENTIFIER=Intel64 Family 6 Model 94 Stepping 3, GenuineIntel



---------------  S Y S T E M  ---------------

OS: Windows 10.0 , 64 bit Build 16299 (10.0.16299.15)

CPU:total 8 (initial active 8) (4 cores per cpu, 2 threads per core) family 6 model 94 stepping 3, cmov, cx8, fxsr, mmx, sse, sse2, sse3, ssse3, sse4.1, sse4.2, popcnt, avx, avx2, aes, clmul, erms, rtm, 3dnowpref, lzcnt, ht, tsc, tscinvbit, bmi1, bmi2, adx

Memory: 4k page, physical 16725676k(9085184k free), swap 19216044k(8942240k free)

vm_info: Java HotSpot(TM) 64-Bit Server VM (25.151-b12) for windows-amd64 JRE (1.8.0_151-b12), built on Sep  5 2017 19:33:46 by "java_re" with MS VC++ 10.0 (VS2010)

time: Fri Mar 23 19:09:29 2018
elapsed time: 0 seconds (0d 0h 0m 0s)

