#
# A fatal error has been detected by the Java Runtime Environment:
#
#  EXCEPTION_ACCESS_VIOLATION (0xc0000005) at pc=0x000000005c86f7da, pid=20072, tid=0x0000000000000388
#
# JRE version: Java(TM) SE Runtime Environment (8.0_131-b11) (build 1.8.0_131-b11)
# Java VM: Java HotSpot(TM) 64-Bit Server VM (25.131-b11 mixed mode windows-amd64 compressed oops)
# Problematic frame:
# C  [nvoglv64.dll+0xaff7da]
#
# Failed to write core dump. Minidumps are not enabled by default on client versions of Windows
#
# If you would like to submit a bug report, please visit:
#   http://bugreport.java.com/bugreport/crash.jsp
# The crash happened outside the Java Virtual Machine in native code.
# See problematic frame for where to report the bug.
#

---------------  T H R E A D  ---------------

Current thread (0x0000000003516000):  JavaThread "main" [_thread_in_native, id=904, stack(0x0000000003410000,0x0000000003510000)]

siginfo: ExceptionCode=0xc0000005, writing address 0x0000000030244000

Registers:
RAX=0xffffffffffffd780, RBX=0x0000000024c6ce82, RCX=0x000000000000002e, RDX=0x0000000024c6b142
RSP=0x000000000350bd90, RBP=0x000000000000001e, RSI=0x0000000030243fe0, RDI=0x000000002480a040
R8 =0x000000000000289e, R9 =0x000000005c887640, R10=0x0000000024c6b134, R11=0x00000000302422d0
R12=0x000000000350d600, R13=0x0000000024c6b142, R14=0x0000000000000010, R15=0x00000000302422e0
RIP=0x000000005c86f7da, EFLAGS=0x0000000000010206

Top of Stack: (sp=0x000000000350bd90)
0x000000000350bd90:   000001bd3a56953f 000000000350bec0
0x000000000350bda0:   0000000000000000 0000000000000010
0x000000000350bdb0:   0000000000000001 000000005c8726f5
0x000000000350bdc0:   000000002480a040 000000000000289e
0x000000000350bdd0:   000000000350bec0 0000000000000000
0x000000000350bde0:   0000000000000001 0000000000000802
0x000000000350bdf0:   0000000200000000 0000000000000000
0x000000000350be00:   0040040000000000 0000000000000d8a
0x000000000350be10:   0000000000000010 0000000000000000
0x000000000350be20:   000000000350d8a0 000000000000004a
0x000000000350be30:   0000000000000000 000000001c9a1040
0x000000000350be40:   0000000000000000 0000000022100080
0x000000000350be50:   0000000000000d8a 000000003021c180
0x000000000350be60:   0000289e00000001 0000000100000001
0x000000000350be70:   0000000000000001 000000005d6ccf90
0x000000000350be80:   00000000000289e0 0000000000000032 

Instructions: (pc=0x000000005c86f7da)
0x000000005c86f7ba:   48 03 e8 0f 1f 00 0f 10 03 0f 10 5b 10 0f 10 53
0x000000005c86f7ca:   20 0f 10 4b 30 48 83 c3 40 0f 2b 06 0f 2b 5e 10
0x000000005c86f7da:   0f 2b 56 20 0f 2b 4e 30 48 83 c6 40 48 83 e9 01
0x000000005c86f7ea:   75 d4 48 83 fd 10 0f 82 a1 00 00 00 48 8b cd 48 


Register to memory mapping:

RAX=0xffffffffffffd780 is an unknown value
RBX=0x0000000024c6ce82 is an unknown value
RCX=0x000000000000002e is an unknown value
RDX=0x0000000024c6b142 is an unknown value
RSP=0x000000000350bd90 is pointing into the stack for thread: 0x0000000003516000
RBP=0x000000000000001e is an unknown value
RSI=0x0000000030243fe0 is an unknown value
RDI=0x000000002480a040 is an unknown value
R8 =0x000000000000289e is an unknown value
R9 =0x000000005c887640 is an unknown value
R10=0x0000000024c6b134 is an unknown value
R11=0x00000000302422d0 is an unknown value
R12=0x000000000350d600 is pointing into the stack for thread: 0x0000000003516000
R13=0x0000000024c6b142 is an unknown value
R14=0x0000000000000010 is an unknown value
R15=0x00000000302422e0 is an unknown value


Stack: [0x0000000003410000,0x0000000003510000],  sp=0x000000000350bd90,  free space=1007k
Native frames: (J=compiled Java code, j=interpreted, Vv=VM code, C=native code)
C  [nvoglv64.dll+0xaff7da]
C  [nvoglv64.dll+0xb026f5]
C  [nvoglv64.dll+0xb0324a]
C  [nvoglv64.dll+0xb1e59d]
C  [nvoglv64.dll+0x9bbede]
C  [nvoglv64.dll+0xae0842]
C  [nvoglv64.dll+0xaa4479]
C  [nvoglv64.dll+0x62d843]
C  [nvoglv64.dll+0x6343be]
C  [lwjgl_opengl.dll+0x107b9]
C  0x0000000003627f74

Java frames: (J=compiled Java code, j=interpreted, Vv=VM code)
j  org.lwjgl.opengl.GL11.nglReadPixels(IIIIIIJ)V+0
j  org.lwjgl.opengl.GL11.glReadPixels(IIIIIILjava/nio/ByteBuffer;)V+13
j  gl.FrameBufferRenderBuffer.readPixels()Ljava/awt/image/BufferedImage;+40
j  guis.EditorScreen.saveMapImage()V+390
j  guis.EditorScreen.lambda$4()V+23
j  guis.EditorScreen$$Lambda$31.run()V+4
j  guis.elements.Button.select()V+4
j  guis.elements.Button.handleRelease(I)V+15
j  staindev.Game.lambda$1(JIII)V+89
j  staindev.Game$$Lambda$9.invoke(JIII)V+6
j  org.lwjgl.glfw.GLFWMouseButtonCallbackI.callback(J)V+17
v  ~StubRoutines::call_stub
j  org.lwjgl.system.JNI.invokeV(J)V+0
j  org.lwjgl.glfw.GLFW.glfwPollEvents()V+8
j  staindev.Game.updateGame()V+3
j  staindev.Game.loop()V+85
j  staindev.Game.main([Ljava/lang/String;)V+24
v  ~StubRoutines::call_stub

---------------  P R O C E S S  ---------------

Java Threads: ( => current thread )
  0x0000000026b5b000 JavaThread "Java2D Disposer" daemon [_thread_blocked, id=9948, stack(0x0000000027e40000,0x0000000027f40000)]
  0x000000001f06a800 JavaThread "Service Thread" daemon [_thread_blocked, id=13112, stack(0x000000001fb80000,0x000000001fc80000)]
  0x000000001efd4000 JavaThread "C1 CompilerThread3" daemon [_thread_blocked, id=25964, stack(0x000000001fa80000,0x000000001fb80000)]
  0x000000001efd0000 JavaThread "C2 CompilerThread2" daemon [_thread_blocked, id=24552, stack(0x000000001f980000,0x000000001fa80000)]
  0x000000001efc9000 JavaThread "C2 CompilerThread1" daemon [_thread_blocked, id=9256, stack(0x000000001f880000,0x000000001f980000)]
  0x000000001efbf800 JavaThread "C2 CompilerThread0" daemon [_thread_blocked, id=2612, stack(0x000000001f780000,0x000000001f880000)]
  0x000000001efbd800 JavaThread "Attach Listener" daemon [_thread_blocked, id=14596, stack(0x000000001f680000,0x000000001f780000)]
  0x000000001efbc000 JavaThread "Signal Dispatcher" daemon [_thread_blocked, id=6052, stack(0x000000001f580000,0x000000001f680000)]
  0x000000000360e800 JavaThread "Finalizer" daemon [_thread_blocked, id=24564, stack(0x000000001f390000,0x000000001f490000)]
  0x000000000360d000 JavaThread "Reference Handler" daemon [_thread_blocked, id=20784, stack(0x000000001ee90000,0x000000001ef90000)]
=>0x0000000003516000 JavaThread "main" [_thread_in_native, id=904, stack(0x0000000003410000,0x0000000003510000)]

Other Threads:
  0x000000001d0b9800 VMThread [stack: 0x000000001ed90000,0x000000001ee90000] [id=736]
  0x000000001f0c9000 WatcherThread [stack: 0x000000001fc80000,0x000000001fd80000] [id=11052]

VM state:not at safepoint (normal execution)

VM Mutex/Monitor currently owned by a thread: None

Heap:
 PSYoungGen      total 76288K, used 73960K [0x000000076af00000, 0x0000000774400000, 0x00000007c0000000)
  eden space 65536K, 97% used [0x000000076af00000,0x000000076ed20890,0x000000076ef00000)
  from space 10752K, 96% used [0x000000076f980000,0x00000007703998f8,0x0000000770400000)
  to   space 10752K, 0% used [0x000000076ef00000,0x000000076ef00000,0x000000076f980000)
 ParOldGen       total 175104K, used 33932K [0x00000006c0c00000, 0x00000006cb700000, 0x000000076af00000)
  object space 175104K, 19% used [0x00000006c0c00000,0x00000006c2d23048,0x00000006cb700000)
 Metaspace       used 12572K, capacity 12869K, committed 13184K, reserved 1060864K
  class space    used 1046K, capacity 1147K, committed 1152K, reserved 1048576K

Card table byte_map: [0x00000000129d0000,0x00000000131d0000] byte_map_base: 0x000000000f3ca000

Marking Bits: (ParMarkBitMap*) 0x000000006077c720
 Begin Bits: [0x0000000013f30000, 0x0000000017f00000)
 End Bits:   [0x0000000017f00000, 0x000000001bed0000)

Polling page: 0x0000000000ff0000

CodeCache: size=245760Kb used=4087Kb max_used=4087Kb free=241672Kb
 bounds [0x0000000003610000, 0x0000000003a10000, 0x0000000012610000]
 total_blobs=2063 nmethods=1112 adapters=864
 compilation: enabled

Compilation events (10 events):
Event: 3.784 Thread 0x000000001efd4000 1108       3       java.util.regex.Matcher::groupCount (10 bytes)
Event: 3.784 Thread 0x000000001efd4000 nmethod 1108 0x0000000003a071d0 code [0x0000000003a07320, 0x0000000003a07490]
Event: 3.784 Thread 0x000000001efd4000 1109       3       java.lang.String::toString (2 bytes)
Event: 3.784 Thread 0x000000001efd4000 nmethod 1109 0x0000000003a0f290 code [0x0000000003a0f3e0, 0x0000000003a0f530]
Event: 3.784 Thread 0x000000001efd4000 1110       1       java.util.Formatter::access$000 (5 bytes)
Event: 3.784 Thread 0x000000001efd4000 nmethod 1110 0x0000000003a0f590 code [0x0000000003a0f6e0, 0x0000000003a0f7d0]
Event: 3.784 Thread 0x000000001efd4000 1111       1       java.lang.AbstractStringBuilder::length (5 bytes)
Event: 3.784 Thread 0x000000001efd4000 nmethod 1111 0x0000000003a0f850 code [0x0000000003a0f9a0, 0x0000000003a0fab0]
Event: 3.785 Thread 0x000000001efd4000 1112       3       java.util.regex.Matcher::getTextLength (10 bytes)
Event: 3.785 Thread 0x000000001efd4000 nmethod 1112 0x0000000003a0fb10 code [0x0000000003a0fc80, 0x0000000003a0fea8]

GC Heap History (4 events):
Event: 0.973 GC heap before
{Heap before GC invocations=1 (full 0):
 PSYoungGen      total 76288K, used 40009K [0x000000076af00000, 0x0000000770400000, 0x00000007c0000000)
  eden space 65536K, 61% used [0x000000076af00000,0x000000076d612760,0x000000076ef00000)
  from space 10752K, 0% used [0x000000076f980000,0x000000076f980000,0x0000000770400000)
  to   space 10752K, 0% used [0x000000076ef00000,0x000000076ef00000,0x000000076f980000)
 ParOldGen       total 175104K, used 0K [0x00000006c0c00000, 0x00000006cb700000, 0x000000076af00000)
  object space 175104K, 0% used [0x00000006c0c00000,0x00000006c0c00000,0x00000006cb700000)
 Metaspace       used 10693K, capacity 10887K, committed 11008K, reserved 1058816K
  class space    used 914K, capacity 1002K, committed 1024K, reserved 1048576K
Event: 0.978 GC heap after
Heap after GC invocations=1 (full 0):
 PSYoungGen      total 76288K, used 10724K [0x000000076af00000, 0x0000000770400000, 0x00000007c0000000)
  eden space 65536K, 0% used [0x000000076af00000,0x000000076af00000,0x000000076ef00000)
  from space 10752K, 99% used [0x000000076ef00000,0x000000076f9793c8,0x000000076f980000)
  to   space 10752K, 0% used [0x000000076f980000,0x000000076f980000,0x0000000770400000)
 ParOldGen       total 175104K, used 17724K [0x00000006c0c00000, 0x00000006cb700000, 0x000000076af00000)
  object space 175104K, 10% used [0x00000006c0c00000,0x00000006c1d4f028,0x00000006cb700000)
 Metaspace       used 10693K, capacity 10887K, committed 11008K, reserved 1058816K
  class space    used 914K, capacity 1002K, committed 1024K, reserved 1048576K
}
Event: 1.064 GC heap before
{Heap before GC invocations=2 (full 0):
 PSYoungGen      total 76288K, used 76260K [0x000000076af00000, 0x0000000770400000, 0x00000007c0000000)
  eden space 65536K, 100% used [0x000000076af00000,0x000000076ef00000,0x000000076ef00000)
  from space 10752K, 99% used [0x000000076ef00000,0x000000076f9793c8,0x000000076f980000)
  to   space 10752K, 0% used [0x000000076f980000,0x000000076f980000,0x0000000770400000)
 ParOldGen       total 175104K, used 17724K [0x00000006c0c00000, 0x00000006cb700000, 0x000000076af00000)
  object space 175104K, 10% used [0x00000006c0c00000,0x00000006c1d4f028,0x00000006cb700000)
 Metaspace       used 10707K, capacity 10951K, committed 11264K, reserved 1058816K
  class space    used 914K, capacity 1002K, committed 1024K, reserved 1048576K
Event: 1.070 GC heap after
Heap after GC invocations=2 (full 0):
 PSYoungGen      total 76288K, used 10342K [0x000000076af00000, 0x0000000774400000, 0x00000007c0000000)
  eden space 65536K, 0% used [0x000000076af00000,0x000000076af00000,0x000000076ef00000)
  from space 10752K, 96% used [0x000000076f980000,0x00000007703998f8,0x0000000770400000)
  to   space 10752K, 0% used [0x000000076ef00000,0x000000076ef00000,0x000000076f980000)
 ParOldGen       total 175104K, used 33932K [0x00000006c0c00000, 0x00000006cb700000, 0x000000076af00000)
  object space 175104K, 19% used [0x00000006c0c00000,0x00000006c2d23048,0x00000006cb700000)
 Metaspace       used 10707K, capacity 10951K, committed 11264K, reserved 1058816K
  class space    used 914K, capacity 1002K, committed 1024K, reserved 1048576K
}

Deoptimization events (8 events):
Event: 0.089 Thread 0x0000000003516000 Uncommon trap: reason=unstable_if action=reinterpret pc=0x0000000003721d48 method=java.lang.String.hashCode()I @ 14
Event: 0.187 Thread 0x0000000003516000 Uncommon trap: reason=unstable_if action=reinterpret pc=0x00000000037aa994 method=java.lang.String.indexOf([CII[CIII)I @ 134
Event: 1.004 Thread 0x0000000003516000 Uncommon trap: reason=unstable_if action=reinterpret pc=0x000000000397da88 method=sun.awt.image.ByteInterleavedRaster.getPixels(IIII[I)[I @ 627
Event: 1.334 Thread 0x0000000003516000 Uncommon trap: reason=class_check action=maybe_recompile pc=0x000000000396aaec method=java.io.BufferedInputStream.fill()V @ 214
Event: 2.882 Thread 0x0000000003516000 Uncommon trap: reason=unstable_if action=reinterpret pc=0x00000000039fad10 method=org.joml.Matrix4f.translation(FFF)Lorg/joml/Matrix4f; @ 6
Event: 2.882 Thread 0x0000000003516000 Uncommon trap: reason=unstable_if action=reinterpret pc=0x00000000039f53f4 method=java.lang.Math.abs(F)F @ 3
Event: 2.950 Thread 0x0000000003516000 Uncommon trap: reason=unstable_if action=reinterpret pc=0x00000000039f4cc8 method=org.joml.Matrix4f.translation(FFF)Lorg/joml/Matrix4f; @ 6
Event: 2.950 Thread 0x0000000003516000 Uncommon trap: reason=unstable_if action=reinterpret pc=0x00000000039f897c method=org.joml.Math.cosFromSin(DD)D @ 53

Internal exceptions (10 events):
Event: 0.165 Thread 0x0000000003516000 Exception <a 'java/lang/NoSuchMethodError': java.lang.Object.lambda$static$0(Ljava/lang/String;)Ljava/lang/Boolean;> (0x000000076b442f78) thrown at [C:\re\workspace\8-2-build-windows-amd64-cygwin\jdk8u131\8869\hotspot\src\share\vm\interpreter\linkResolver
Event: 0.172 Thread 0x0000000003516000 Exception <a 'java/lang/NoSuchFieldError': method resolution failed> (0x000000076b4baf88) thrown at [C:\re\workspace\8-2-build-windows-amd64-cygwin\jdk8u131\8869\hotspot\src\share\vm\prims\methodHandles.cpp, line 1146]
Event: 0.173 Thread 0x0000000003516000 Exception <a 'java/lang/NoSuchFieldError': method resolution failed> (0x000000076b4c82a8) thrown at [C:\re\workspace\8-2-build-windows-amd64-cygwin\jdk8u131\8869\hotspot\src\share\vm\prims\methodHandles.cpp, line 1146]
Event: 0.186 Thread 0x0000000003516000 Exception <a 'java/security/PrivilegedActionException'> (0x000000076b5586b0) thrown at [C:\re\workspace\8-2-build-windows-amd64-cygwin\jdk8u131\8869\hotspot\src\share\vm\prims\jvm.cpp, line 1390]
Event: 0.186 Thread 0x0000000003516000 Exception <a 'java/security/PrivilegedActionException'> (0x000000076b5588c0) thrown at [C:\re\workspace\8-2-build-windows-amd64-cygwin\jdk8u131\8869\hotspot\src\share\vm\prims\jvm.cpp, line 1390]
Event: 0.186 Thread 0x0000000003516000 Exception <a 'java/security/PrivilegedActionException'> (0x000000076b55c7d0) thrown at [C:\re\workspace\8-2-build-windows-amd64-cygwin\jdk8u131\8869\hotspot\src\share\vm\prims\jvm.cpp, line 1390]
Event: 0.186 Thread 0x0000000003516000 Exception <a 'java/security/PrivilegedActionException'> (0x000000076b55c9e0) thrown at [C:\re\workspace\8-2-build-windows-amd64-cygwin\jdk8u131\8869\hotspot\src\share\vm\prims\jvm.cpp, line 1390]
Event: 0.667 Thread 0x0000000003516000 Exception <a 'sun/nio/fs/WindowsException'> (0x000000076bae6208) thrown at [C:\re\workspace\8-2-build-windows-amd64-cygwin\jdk8u131\8869\hotspot\src\share\vm\prims\jni.cpp, line 709]
Event: 0.668 Thread 0x0000000003516000 Exception <a 'sun/nio/fs/WindowsException'> (0x000000076bae6a48) thrown at [C:\re\workspace\8-2-build-windows-amd64-cygwin\jdk8u131\8869\hotspot\src\share\vm\prims\jni.cpp, line 709]
Event: 0.841 Thread 0x0000000003516000 Exception <a 'java/io/FileNotFoundException'> (0x000000076c3c76b8) thrown at [C:\re\workspace\8-2-build-windows-amd64-cygwin\jdk8u131\8869\hotspot\src\share\vm\prims\jni.cpp, line 709]

Events (10 events):
Event: 3.782 loading class sun/misc/FormattedFloatingDecimal$1
Event: 3.782 loading class sun/misc/FormattedFloatingDecimal$1 done
Event: 3.782 loading class sun/misc/FDBigInteger
Event: 3.782 loading class sun/misc/FDBigInteger done
Event: 3.782 loading class sun/misc/FormattedFloatingDecimal$2
Event: 3.783 loading class sun/misc/FormattedFloatingDecimal$2 done
Event: 3.785 loading class util/Key
Event: 3.785 loading class util/Key done
Event: 3.785 loading class gl/FrameBufferRenderBuffer
Event: 3.785 loading class gl/FrameBufferRenderBuffer done


Dynamic libraries:
0x00007ff7857f0000 - 0x00007ff785827000 	C:\Program Files\Java\jdk1.8.0_131\bin\javaw.exe
0x00007fffb5e90000 - 0x00007fffb6071000 	C:\WINDOWS\SYSTEM32\ntdll.dll
0x00007fffb3e70000 - 0x00007fffb3f22000 	C:\WINDOWS\System32\KERNEL32.DLL
0x00007fffb2590000 - 0x00007fffb2803000 	C:\WINDOWS\System32\KERNELBASE.dll
0x00007fffb33c0000 - 0x00007fffb3461000 	C:\WINDOWS\System32\ADVAPI32.dll
0x00007fffb3320000 - 0x00007fffb33be000 	C:\WINDOWS\System32\msvcrt.dll
0x00007fffb3940000 - 0x00007fffb399b000 	C:\WINDOWS\System32\sechost.dll
0x00007fffb4640000 - 0x00007fffb4764000 	C:\WINDOWS\System32\RPCRT4.dll
0x00007fffb3f60000 - 0x00007fffb40f0000 	C:\WINDOWS\System32\USER32.dll
0x00007fffb23d0000 - 0x00007fffb23f0000 	C:\WINDOWS\System32\win32u.dll
0x00007fffb36c0000 - 0x00007fffb36e8000 	C:\WINDOWS\System32\GDI32.dll
0x00007fffb23f0000 - 0x00007fffb2582000 	C:\WINDOWS\System32\gdi32full.dll
0x00007fffb22b0000 - 0x00007fffb234f000 	C:\WINDOWS\System32\msvcp_win.dll
0x00007fffb28c0000 - 0x00007fffb29ba000 	C:\WINDOWS\System32\ucrtbase.dll
0x00007fffa3c40000 - 0x00007fffa3ea9000 	C:\WINDOWS\WinSxS\amd64_microsoft.windows.common-controls_6595b64144ccf1df_6.0.17134.112_none_fb3f961b30681c12\COMCTL32.dll
0x00007fffb39a0000 - 0x00007fffb3cc3000 	C:\WINDOWS\System32\combase.dll
0x00007fffb2350000 - 0x00007fffb23ca000 	C:\WINDOWS\System32\bcryptPrimitives.dll
0x00007fffb3f30000 - 0x00007fffb3f5d000 	C:\WINDOWS\System32\IMM32.DLL
0x00000000626b0000 - 0x0000000062782000 	C:\Program Files\Java\jdk1.8.0_131\jre\bin\msvcr100.dll
0x000000005ff60000 - 0x00000000607fc000 	C:\Program Files\Java\jdk1.8.0_131\jre\bin\server\jvm.dll
0x00007fffb3930000 - 0x00007fffb3938000 	C:\WINDOWS\System32\PSAPI.DLL
0x00007fffa5940000 - 0x00007fffa5949000 	C:\WINDOWS\SYSTEM32\WSOCK32.dll
0x00007fffae170000 - 0x00007fffae17a000 	C:\WINDOWS\SYSTEM32\VERSION.dll
0x00007fffa7520000 - 0x00007fffa7543000 	C:\WINDOWS\SYSTEM32\WINMM.dll
0x00007fffb3d50000 - 0x00007fffb3dbc000 	C:\WINDOWS\System32\WS2_32.dll
0x00007fffa74f0000 - 0x00007fffa751a000 	C:\WINDOWS\SYSTEM32\winmmbase.dll
0x00007fffb2260000 - 0x00007fffb22a9000 	C:\WINDOWS\System32\cfgmgr32.dll
0x00000000626a0000 - 0x00000000626af000 	C:\Program Files\Java\jdk1.8.0_131\jre\bin\verify.dll
0x0000000062670000 - 0x0000000062699000 	C:\Program Files\Java\jdk1.8.0_131\jre\bin\java.dll
0x00000000613c0000 - 0x00000000613d6000 	C:\Program Files\Java\jdk1.8.0_131\jre\bin\zip.dll
0x00007fffb4790000 - 0x00007fffb5bd0000 	C:\WINDOWS\System32\SHELL32.dll
0x00007fffb3470000 - 0x00007fffb3519000 	C:\WINDOWS\System32\shcore.dll
0x00007fffb29c0000 - 0x00007fffb30cd000 	C:\WINDOWS\System32\windows.storage.dll
0x00007fffb36f0000 - 0x00007fffb3741000 	C:\WINDOWS\System32\shlwapi.dll
0x00007fffb21f0000 - 0x00007fffb2201000 	C:\WINDOWS\System32\kernel.appcore.dll
0x00007fffb2210000 - 0x00007fffb222f000 	C:\WINDOWS\System32\profapi.dll
0x00007fffb21a0000 - 0x00007fffb21ec000 	C:\WINDOWS\System32\powrprof.dll
0x00007fffb2230000 - 0x00007fffb223a000 	C:\WINDOWS\System32\FLTLIB.DLL
0x00000000613a0000 - 0x00000000613ba000 	C:\Program Files\Java\jdk1.8.0_131\jre\bin\net.dll
0x00007fffb1a20000 - 0x00007fffb1a86000 	C:\WINDOWS\system32\mswsock.dll
0x0000000061380000 - 0x0000000061391000 	C:\Program Files\Java\jdk1.8.0_131\jre\bin\nio.dll
0x00007fffa3f80000 - 0x00007fffa3fdb000 	C:\Users\Nick Stames\AppData\Local\Temp\lwjglNick Stames\3.1.6-build-14\lwjgl.dll
0x00007fffa0ac0000 - 0x00007fffa0b11000 	C:\Users\NICKST~1\AppData\Local\Temp\lwjglNick Stames\3.1.6-build-14\glfw.dll
0x00007fffb04e0000 - 0x00007fffb0578000 	C:\WINDOWS\system32\uxtheme.dll
0x00007fffa38f0000 - 0x00007fffa3933000 	C:\WINDOWS\SYSTEM32\dinput8.dll
0x00007fffaf440000 - 0x00007fffaf450000 	C:\WINDOWS\SYSTEM32\xinput1_4.dll
0x00007fffb1fb0000 - 0x00007fffb1fd7000 	C:\WINDOWS\SYSTEM32\DEVOBJ.dll
0x00007fffb0690000 - 0x00007fffb06b9000 	C:\WINDOWS\SYSTEM32\dwmapi.dll
0x00007fffa0390000 - 0x00007fffa0409000 	C:\WINDOWS\SYSTEM32\inputhost.dll
0x00007fffafb70000 - 0x00007fffafc4a000 	C:\WINDOWS\SYSTEM32\CoreMessaging.dll
0x00007fff9ff60000 - 0x00007fffa027e000 	C:\WINDOWS\SYSTEM32\CoreUIComponents.dll
0x00007fffad9b0000 - 0x00007fffadafd000 	C:\WINDOWS\SYSTEM32\wintypes.dll
0x00007fffb1290000 - 0x00007fffb12c1000 	C:\WINDOWS\SYSTEM32\ntmarta.dll
0x00007fffb3750000 - 0x00007fffb38c5000 	C:\WINDOWS\System32\MSCTF.dll
0x00007fffb5d30000 - 0x00007fffb5df2000 	C:\WINDOWS\System32\OLEAUT32.dll
0x00007fffb0c00000 - 0x00007fffb0c0c000 	C:\WINDOWS\SYSTEM32\HID.DLL
0x00007fffb41f0000 - 0x00007fffb463b000 	C:\WINDOWS\System32\SETUPAPI.DLL
0x00007fffb32c0000 - 0x00007fffb3317000 	C:\WINDOWS\System32\WINTRUST.dll
0x00007fffb2240000 - 0x00007fffb2252000 	C:\WINDOWS\System32\MSASN1.dll
0x00007fffb30d0000 - 0x00007fffb32b2000 	C:\WINDOWS\System32\CRYPT32.dll
0x00007fff7e1b0000 - 0x00007fff7e2d0000 	C:\WINDOWS\SYSTEM32\opengl32.dll
0x00007fffa5440000 - 0x00007fffa546c000 	C:\WINDOWS\SYSTEM32\GLU32.dll
0x000000005bd70000 - 0x000000005e3f4000 	C:\WINDOWS\System32\DriverStore\FileRepository\nv_dispi.inf_amd64_040c7acb04cee565\nvoglv64.dll
0x00007fffb5bd0000 - 0x00007fffb5d21000 	C:\WINDOWS\System32\ole32.dll
0x00007fffae4e0000 - 0x00007fffae4f3000 	C:\WINDOWS\SYSTEM32\WTSAPI32.dll
0x00007fff7b6a0000 - 0x00007fff7b90a000 	C:\WINDOWS\system32\nvspcap64.dll
0x00007fffb1930000 - 0x00007fffb1986000 	C:\WINDOWS\SYSTEM32\WINSTA.dll
0x00007fffa02f0000 - 0x00007fffa0388000 	C:\WINDOWS\System32\TextInputFramework.dll
0x00007fff99ca0000 - 0x00007fff99cff000 	C:\Users\Nick Stames\AppData\Local\Temp\lwjglNick Stames\3.1.6-build-14\lwjgl_opengl.dll
0x0000000061080000 - 0x0000000061218000 	C:\Program Files\Java\jdk1.8.0_131\jre\bin\awt.dll
0x00007fffafe90000 - 0x00007fffaff1b000 	C:\WINDOWS\SYSTEM32\apphelp.dll
0x00007fff83a40000 - 0x00007fff83b30000 	C:\Users\NICKST~1\AppData\Local\Temp\lwjglNick Stames\3.1.6-build-14\OpenAL.dll
0x00007fffb3dc0000 - 0x00007fffb3e60000 	C:\WINDOWS\System32\clbcatq.dll
0x00007fffad3b0000 - 0x00007fffad426000 	C:\WINDOWS\System32\MMDevApi.dll
0x00007fffb0ce0000 - 0x00007fffb0e94000 	C:\WINDOWS\System32\PROPSYS.dll
0x00007fff884f0000 - 0x00007fff8861c000 	C:\WINDOWS\SYSTEM32\AUDIOSES.DLL
0x00007fffa1b90000 - 0x00007fffa1b9a000 	C:\WINDOWS\SYSTEM32\AVRT.dll
0x00007fff964a0000 - 0x00007fff9651e000 	C:\Users\Nick Stames\AppData\Local\Temp\lwjglNick Stames\3.1.6-build-14\lwjgl_stb.dll
0x00007fffad700000 - 0x00007fffad8c9000 	C:\WINDOWS\SYSTEM32\dbghelp.dll

VM Arguments:
jvm_args: -Dfile.encoding=UTF-8 
java_command: staindev.Game
java_class_path (initial): C:\Program Files\Java\jdk1.8.0_131\jre\lib\resources.jar;C:\Program Files\Java\jdk1.8.0_131\jre\lib\rt.jar;C:\Program Files\Java\jdk1.8.0_131\jre\lib\jsse.jar;C:\Program Files\Java\jdk1.8.0_131\jre\lib\jce.jar;C:\Program Files\Java\jdk1.8.0_131\jre\lib\charsets.jar;C:\Program Files\Java\jdk1.8.0_131\jre\lib\jfr.jar;C:\Program Files\Java\jdk1.8.0_131\jre\lib\ext\access-bridge-64.jar;C:\Program Files\Java\jdk1.8.0_131\jre\lib\ext\cldrdata.jar;C:\Program Files\Java\jdk1.8.0_131\jre\lib\ext\dnsns.jar;C:\Program Files\Java\jdk1.8.0_131\jre\lib\ext\jaccess.jar;C:\Program Files\Java\jdk1.8.0_131\jre\lib\ext\jfxrt.jar;C:\Program Files\Java\jdk1.8.0_131\jre\lib\ext\localedata.jar;C:\Program Files\Java\jdk1.8.0_131\jre\lib\ext\nashorn.jar;C:\Program Files\Java\jdk1.8.0_131\jre\lib\ext\sunec.jar;C:\Program Files\Java\jdk1.8.0_131\jre\lib\ext\sunjce_provider.jar;C:\Program Files\Java\jdk1.8.0_131\jre\lib\ext\sunmscapi.jar;C:\Program Files\Java\jdk1.8.0_131\jre\lib\ext\sunpkcs11.jar;C:\Program Files\Java\jdk1.8.0_131\jre\lib\ext\zipfs.jar;C:\Users\Nick Stames\git\staindev\Stains\bin;C:\Users\Nick Stames\git\staindev\Stains\lib\lwjgl-assimp.jar;C:\Users\Nick Stames\git\staindev\Stains\lib\lwjgl-bgfx.jar;C:\Users\Nick Stames\git\staindev\Stains\lib\lwjgl-egl.jar;C:\Users\Nick Stames\git\staindev\Stains\lib\lwjgl-glfw.jar;C:\Users\Nick Stames\git\staindev\Stains\lib\lwjgl-jawt.jar;C:\Users\Nick Stames\git\staindev\Stains\lib\lwjgl-jemalloc.jar;C:\Users\Nick Stames\git\staindev\Stains\lib\lwjgl-lmdb.jar;C:\Users\Nick Stames\git\staindev\Stains\lib\lwjgl-lz4.jar;C:\Users\Nick Stames\git\staindev\Stains\lib\lwjgl-nanovg.jar;C:\Users\Nick Stames\git\staindev\Stains\lib\lwjgl-nfd.jar;C:\Users\Nick Stames\git\staindev\Stains\lib\lwjgl-nuklear.jar;C:\Users\Nick Stames\git\staindev\Stains\lib\lwjgl-odbc.jar;C:\Users\Nick Stames\git\staindev\Stains\lib\lwjgl-openal.jar;C:\Users\Nick Stames\git\staindev\Stains\lib\lwjgl-opencl.jar;C:\Users\Nick Stames\git\stainde
Launcher Type: SUN_STANDARD

Environment Variables:
JAVA_HOME=C:\Program Files\Java\jdk1.8.0_91
PATH=C:\WINDOWS;C:\WINDOWS;C:\WINDOWS;C:\WINDOWS;C:\WINDOWS;C:\Program Files (x86)\Common Files\Oracle\Java\javapath;C:\Program Files\NVIDIA GPU Computing Toolkit\CUDA\v9.1\bin;C:\Program Files\NVIDIA GPU Computing Toolkit\CUDA\v9.1\libnvvp;C:\Program Files\NVIDIA GPU Computing Toolkit\CUDA\v8.0\bin;C:\Program Files\NVIDIA GPU Computing Toolkit\CUDA\v8.0\libnvvp;C:\Windows\system32;C:\Windows;C:\Windows\System32\Wbem;C:\Windows\System32\WindowsPowerShell\v1.0\;C:\Program Files (x86)\NVIDIA Corporation\PhysX\Common;C:\WINDOWS\system32;C:\WINDOWS;C:\WINDOWS\System32\Wbem;C:\WINDOWS\System32\WindowsPowerShell\v1.0\;C:\Program Files\nodejs;C:\Users\Nick Stames\.dnx\bin;C:\Program Files\Microsoft DNX\Dnvm\;C:\Program Files\Microsoft SQL Server\130\Tools\Binn\;C:\Program Files\Microsoft SQL Server\110\Tools\Binn\;C:\Program Files (x86)\Microsoft SDKs\TypeScript\1.0\;C:\Program Files\Microsoft SQL Server\120\Tools\Binn\;C:\Program Files (x86)\Microsoft Visual Studio 12.0\VC\bin\amd64;C:\Program Files (x86)\Microsoft Visual Studio 12.0\VC\bin;C:\Program Files (x86)\Microsoft Visual Studio 12.0\Common7\IDE;C:\Program Files\Java\jdk1.8.0_91\bin\;C:\Program Files\Java\jre1.8.0_121\bin\;C:\Program Files (x86)\GtkSharp\2.12\bin;C:\Program Files (x86)\Skype\Phone\;C:\Users\Nick Stames\AppData\Local\FFmpeg\bin;C:\Program Files\NVIDIA Corporation\OpenCL;C:\Program Files\PuTTY\;C:\WINDOWS\system32;C:\WINDOWS;C:\WINDOWS\System32\Wbem;C:\WINDOWS\System32\WindowsPowerShell\v1.0\;C:\WINDOWS\System32\OpenSSH\;C:\Users\Nick Stames\Anaconda3;C:\Users\Nick Stames\Anaconda3\Scripts;C:\Users\Nick Stames\Anaconda3\Library\bin;C:\Users\Nick Stames\AppData\Local\Microsoft\WindowsApps;C:\Program Files (x86)\Nmap;C:\Users\Nick Stames\AppData\Roaming\npm;C:\Users\Nick Stames\AppData\Local\FFmpeg\bin;C:\Users\Nick Stames\AppData\Local\Programs\Python\Python36;C:\Users\Nick Stames\AppData\Local\Programs\Python\Python36\Scripts;
USERNAME=Nick Stames
OS=Windows_NT
PROCESSOR_IDENTIFIER=Intel64 Family 6 Model 94 Stepping 3, GenuineIntel



---------------  S Y S T E M  ---------------

OS: Windows 10.0 , 64 bit Build 17134 (10.0.17134.1)

CPU:total 8 (initial active 8) (4 cores per cpu, 2 threads per core) family 6 model 94 stepping 3, cmov, cx8, fxsr, mmx, sse, sse2, sse3, ssse3, sse4.1, sse4.2, popcnt, avx, avx2, aes, clmul, erms, rtm, 3dnowpref, lzcnt, ht, tsc, tscinvbit, bmi1, bmi2, adx

Memory: 4k page, physical 16725676k(9450668k free), swap 19216044k(6637616k free)

vm_info: Java HotSpot(TM) 64-Bit Server VM (25.131-b11) for windows-amd64 JRE (1.8.0_131-b11), built on Mar 15 2017 01:23:53 by "java_re" with MS VC++ 10.0 (VS2010)

time: Mon Jun 18 17:59:48 2018
elapsed time: 3 seconds (0d 0h 0m 3s)

