#
# A fatal error has been detected by the Java Runtime Environment:
#
#  EXCEPTION_ACCESS_VIOLATION (0xc0000005) at pc=0x00007ff8502ce87a, pid=2396, tid=0x0000000000000e44
#
# JRE version: Java(TM) SE Runtime Environment (8.0_151-b12) (build 1.8.0_151-b12)
# Java VM: Java HotSpot(TM) 64-Bit Server VM (25.151-b12 mixed mode windows-amd64 compressed oops)
# Problematic frame:
# C  [lwjgl_opengl.dll+0xe87a]
#
# Failed to write core dump. Minidumps are not enabled by default on client versions of Windows
#
# If you would like to submit a bug report, please visit:
#   http://bugreport.java.com/bugreport/crash.jsp
# The crash happened outside the Java Virtual Machine in native code.
# See problematic frame for where to report the bug.
#

---------------  T H R E A D  ---------------

Current thread (0x0000000001ca5800):  JavaThread "main" [_thread_in_native, id=3652, stack(0x0000000001ba0000,0x0000000001ca0000)]

siginfo: ExceptionCode=0xc0000005, reading address 0x0000000000000c20

Registers:
RAX=0x0000000070d61d50, RBX=0x000000001e7ddb40, RCX=0x0000000000000be2, RDX=0x0000000000000000
RSP=0x0000000001c9f4b8, RBP=0x0000000001c9f528, RSI=0x0000000000000180, RDI=0x000000000541835d
R8 =0x0000000000000be2, R9 =0x0000000001b985c0, R10=0x0000000005427f48, R11=0x00000000707eb4d0
R12=0x0000000000000000, R13=0x000000001e7ddb38, R14=0x0000000001c9f548, R15=0x0000000001ca5800
RIP=0x00007ff8502ce87a, EFLAGS=0x0000000000010206

Top of Stack: (sp=0x0000000001c9f4b8)
0x0000000001c9f4b8:   0000000005427f74 0000000001ca5800
0x0000000001c9f4c8:   000000001e7ddb40 0000000000000180
0x0000000001c9f4d8:   0000000001ca5800 0000000005427ca2
0x0000000001c9f4e8:   0000000001c9f4e8 000000001e7ddb38
0x0000000001c9f4f8:   0000000001c9f548 000000001e808bf0
0x0000000001c9f508:   0000000000000000 000000001e7ddb40
0x0000000001c9f518:   0000000000000000 0000000001c9f548
0x0000000001c9f528:   0000000001c9f590 000000000541835d
0x0000000001c9f538:   000000076bbd12c0 00000000054219d8
0x0000000001c9f548:   0000000000000be2 0000000001c9f550
0x0000000001c9f558:   000000001e6d1138 0000000001c9f5d0
0x0000000001c9f568:   000000001e6d2028 0000000000000000
0x0000000001c9f578:   000000001e6d11f8 0000000001c9f548
0x0000000001c9f588:   0000000001c9f5d0 0000000001c9f618
0x0000000001c9f598:   000000000541835d 000000076bbbdfc8
0x0000000001c9f5a8:   000000076bb82a40 000000076bb82a08 

Instructions: (pc=0x00007ff8502ce87a)
0x00007ff8502ce85a:   28 49 8b d1 48 8b 48 18 48 8b 81 88 1a 00 00 41
0x00007ff8502ce86a:   8b ca 48 ff e0 cc 48 8b 01 41 8b c8 48 8b 50 18
0x00007ff8502ce87a:   48 ff a2 20 0c 00 00 cc cc cc cc cc cc cc cc cc
0x00007ff8502ce88a:   cc cc cc cc cc cc 48 8b 01 41 8b c8 48 8b 50 18 


Register to memory mapping:

RAX=0x0000000070d61d50 is an unknown value
RBX={method} {0x000000001e7ddb48} 'glEnable' '(I)V' in 'org/lwjgl/opengl/GL11'
RCX=0x0000000000000be2 is an unknown value
RDX=0x0000000000000000 is an unknown value
RSP=0x0000000001c9f4b8 is pointing into the stack for thread: 0x0000000001ca5800
RBP=0x0000000001c9f528 is pointing into the stack for thread: 0x0000000001ca5800
RSI=0x0000000000000180 is an unknown value
RDI=0x000000000541835d is at code_begin+2301 in an Interpreter codelet
invoke return entry points  [0x0000000005417a60, 0x0000000005418440]  2528 bytes
R8 =0x0000000000000be2 is an unknown value
R9 =0x0000000001b985c0 is an unknown value
R10=0x0000000005427f48 is at code_begin+840 in an Interpreter codelet
method entry point (kind = native)  [0x0000000005427c00, 0x0000000005428560]  2400 bytes
R11=0x00000000707eb4d0 is an unknown value
R12=0x0000000000000000 is an unknown value
R13=0x000000001e7ddb38 is pointing into metadata
R14=0x0000000001c9f548 is pointing into the stack for thread: 0x0000000001ca5800
R15=0x0000000001ca5800 is a thread


Stack: [0x0000000001ba0000,0x0000000001ca0000],  sp=0x0000000001c9f4b8,  free space=1021k
Native frames: (J=compiled Java code, j=interpreted, Vv=VM code, C=native code)
C  [lwjgl_opengl.dll+0xe87a]

Java frames: (J=compiled Java code, j=interpreted, Vv=VM code)
j  org.lwjgl.opengl.GL11.glEnable(I)V+0
j  staindev.Main.init()V+224
j  staindev.Main.run()V+1
j  staindev.Main.main([Ljava/lang/String;)V+7
v  ~StubRoutines::call_stub

---------------  P R O C E S S  ---------------

Java Threads: ( => current thread )
  0x0000000020c36800 JavaThread "Service Thread" daemon [_thread_blocked, id=23456, stack(0x0000000021780000,0x0000000021880000)]
  0x0000000020bc1000 JavaThread "C1 CompilerThread3" daemon [_thread_blocked, id=22480, stack(0x0000000021680000,0x0000000021780000)]
  0x0000000020bb7800 JavaThread "C2 CompilerThread2" daemon [_thread_blocked, id=10424, stack(0x0000000021580000,0x0000000021680000)]
  0x0000000020bb5800 JavaThread "C2 CompilerThread1" daemon [_thread_blocked, id=27096, stack(0x0000000021480000,0x0000000021580000)]
  0x0000000020baf000 JavaThread "C2 CompilerThread0" daemon [_thread_blocked, id=14712, stack(0x0000000021380000,0x0000000021480000)]
  0x0000000020bad800 JavaThread "Attach Listener" daemon [_thread_blocked, id=25816, stack(0x0000000021280000,0x0000000021380000)]
  0x000000001ecce000 JavaThread "Signal Dispatcher" daemon [_thread_blocked, id=10568, stack(0x0000000021180000,0x0000000021280000)]
  0x0000000001d9d800 JavaThread "Finalizer" daemon [_thread_blocked, id=22348, stack(0x0000000020f80000,0x0000000021080000)]
  0x0000000001d9c000 JavaThread "Reference Handler" daemon [_thread_blocked, id=14468, stack(0x0000000020a80000,0x0000000020b80000)]
=>0x0000000001ca5800 JavaThread "main" [_thread_in_native, id=3652, stack(0x0000000001ba0000,0x0000000001ca0000)]

Other Threads:
  0x000000001ecb9000 VMThread [stack: 0x0000000020980000,0x0000000020a80000] [id=26608]
  0x0000000020c96800 WatcherThread [stack: 0x0000000021880000,0x0000000021980000] [id=15236]

VM state:not at safepoint (normal execution)

VM Mutex/Monitor currently owned by a thread: None

Heap:
 PSYoungGen      total 76288K, used 14666K [0x000000076af00000, 0x0000000770400000, 0x00000007c0000000)
  eden space 65536K, 22% used [0x000000076af00000,0x000000076bd52908,0x000000076ef00000)
  from space 10752K, 0% used [0x000000076f980000,0x000000076f980000,0x0000000770400000)
  to   space 10752K, 0% used [0x000000076ef00000,0x000000076ef00000,0x000000076f980000)
 ParOldGen       total 175104K, used 0K [0x00000006c0c00000, 0x00000006cb700000, 0x000000076af00000)
  object space 175104K, 0% used [0x00000006c0c00000,0x00000006c0c00000,0x00000006cb700000)
 Metaspace       used 5965K, capacity 6200K, committed 6400K, reserved 1056768K
  class space    used 634K, capacity 738K, committed 768K, reserved 1048576K

Card table byte_map: [0x00000000147d0000,0x0000000014fd0000] byte_map_base: 0x00000000111ca000

Marking Bits: (ParMarkBitMap*) 0x0000000070ddd850
 Begin Bits: [0x0000000015b30000, 0x0000000019b00000)
 End Bits:   [0x0000000019b00000, 0x000000001dad0000)

Polling page: 0x0000000001910000

CodeCache: size=245760Kb used=2705Kb max_used=2705Kb free=243054Kb
 bounds [0x0000000005410000, 0x00000000056c0000, 0x0000000014410000]
 total_blobs=1293 nmethods=565 adapters=641
 compilation: enabled

Compilation events (10 events):
Event: 0.511 Thread 0x0000000020bc1000  562       3       java.util.regex.Pattern$Ctype::isSatisfiedBy (24 bytes)
Event: 0.511 Thread 0x0000000020bc1000 nmethod 562 0x00000000056b29d0 code [0x00000000056b2b40, 0x00000000056b2ed0]
Event: 0.511 Thread 0x0000000020bc1000  563       3       java.util.regex.Pattern$5::isSatisfiedBy (28 bytes)
Event: 0.511 Thread 0x0000000020bc1000 nmethod 563 0x00000000056b3050 code [0x00000000056b31e0, 0x00000000056b3578]
Event: 0.511 Thread 0x0000000020bc1000  561       1       java.util.Formatter$Flags::valueOf (5 bytes)
Event: 0.511 Thread 0x0000000020bc1000 nmethod 561 0x00000000056b3690 code [0x00000000056b37e0, 0x00000000056b38f0]
Event: 0.512 Thread 0x0000000020bc1000  564       3       java.lang.ClassLoader::loadClass (7 bytes)
Event: 0.512 Thread 0x0000000020bc1000 nmethod 564 0x00000000056b3950 code [0x00000000056b3ac0, 0x00000000056b3ce8]
Event: 0.512 Thread 0x0000000020bc1000  565       3       sun.misc.Launcher$AppClassLoader::loadClass (85 bytes)
Event: 0.513 Thread 0x0000000020bc1000 nmethod 565 0x00000000056b3d90 code [0x00000000056b3fc0, 0x00000000056b4d08]

GC Heap History (0 events):
No events

Deoptimization events (2 events):
Event: 0.071 Thread 0x0000000001ca5800 Uncommon trap: reason=unstable_if action=reinterpret pc=0x000000000551ec08 method=java.lang.String.hashCode()I @ 14
Event: 0.165 Thread 0x0000000001ca5800 Uncommon trap: reason=unstable_if action=reinterpret pc=0x00000000056096d0 method=java.lang.String.indexOf([CII[CIII)I @ 134

Internal exceptions (10 events):
Event: 0.022 Thread 0x0000000001ca5800 Exception <a 'java/lang/NoSuchMethodError': Method sun.misc.Unsafe.prefetchRead(Ljava/lang/Object;J)V name or signature does not match> (0x000000076af07f90) thrown at [C:\re\workspace\8-2-build-windows-amd64-cygwin\jdk8u151\9699\hotspot\src\share\vm\prims
Event: 0.140 Thread 0x0000000001ca5800 Exception <a 'java/lang/NoSuchMethodError': java.lang.Object.lambda$static$0(Ljava/lang/String;)Ljava/lang/Boolean;> (0x000000076b522058) thrown at [C:\re\workspace\8-2-build-windows-amd64-cygwin\jdk8u151\9699\hotspot\src\share\vm\interpreter\linkResolver
Event: 0.147 Thread 0x0000000001ca5800 Exception <a 'java/lang/NoSuchFieldError': method resolution failed> (0x000000076b599ec8) thrown at [C:\re\workspace\8-2-build-windows-amd64-cygwin\jdk8u151\9699\hotspot\src\share\vm\prims\methodHandles.cpp, line 1146]
Event: 0.148 Thread 0x0000000001ca5800 Exception <a 'java/lang/NoSuchFieldError': method resolution failed> (0x000000076b5a7268) thrown at [C:\re\workspace\8-2-build-windows-amd64-cygwin\jdk8u151\9699\hotspot\src\share\vm\prims\methodHandles.cpp, line 1146]
Event: 0.181 Thread 0x0000000001ca5800 Exception <a 'java/security/PrivilegedActionException'> (0x000000076b800688) thrown at [C:\re\workspace\8-2-build-windows-amd64-cygwin\jdk8u151\9699\hotspot\src\share\vm\prims\jvm.cpp, line 1390]
Event: 0.182 Thread 0x0000000001ca5800 Exception <a 'java/security/PrivilegedActionException'> (0x000000076b800898) thrown at [C:\re\workspace\8-2-build-windows-amd64-cygwin\jdk8u151\9699\hotspot\src\share\vm\prims\jvm.cpp, line 1390]
Event: 0.182 Thread 0x0000000001ca5800 Exception <a 'java/security/PrivilegedActionException'> (0x000000076b8046f0) thrown at [C:\re\workspace\8-2-build-windows-amd64-cygwin\jdk8u151\9699\hotspot\src\share\vm\prims\jvm.cpp, line 1390]
Event: 0.182 Thread 0x0000000001ca5800 Exception <a 'java/security/PrivilegedActionException'> (0x000000076b804900) thrown at [C:\re\workspace\8-2-build-windows-amd64-cygwin\jdk8u151\9699\hotspot\src\share\vm\prims\jvm.cpp, line 1390]
Event: 0.512 Thread 0x0000000001ca5800 Exception <a 'sun/nio/fs/WindowsException'> (0x000000076bc5a330) thrown at [C:\re\workspace\8-2-build-windows-amd64-cygwin\jdk8u151\9699\hotspot\src\share\vm\prims\jni.cpp, line 709]
Event: 0.512 Thread 0x0000000001ca5800 Exception <a 'sun/nio/fs/WindowsException'> (0x000000076bc5ab70) thrown at [C:\re\workspace\8-2-build-windows-amd64-cygwin\jdk8u151\9699\hotspot\src\share\vm\prims\jni.cpp, line 709]

Events (10 events):
Event: 0.512 loading class java/nio/file/NoSuchFileException
Event: 0.512 loading class java/nio/file/FileSystemException
Event: 0.512 loading class java/nio/file/FileSystemException done
Event: 0.512 loading class java/nio/file/NoSuchFileException done
Event: 0.512 loading class org/lwjgl/opengl/GL$1
Event: 0.512 loading class org/lwjgl/opengl/GL$1 done
Event: 0.512 loading class org/lwjgl/opengl/GL$SharedLibraryGL
Event: 0.512 loading class org/lwjgl/opengl/GL$SharedLibraryGL done
Event: 0.513 loading class org/lwjgl/system/SharedLibrary$Delegate
Event: 0.513 loading class org/lwjgl/system/SharedLibrary$Delegate done


Dynamic libraries:
0x00007ff75e2f0000 - 0x00007ff75e327000 	C:\Program Files\Java\jre1.8.0_151\bin\javaw.exe
0x00007ff874680000 - 0x00007ff874860000 	C:\WINDOWS\SYSTEM32\ntdll.dll
0x00007ff871b50000 - 0x00007ff871bfe000 	C:\WINDOWS\System32\KERNEL32.DLL
0x00007ff870a80000 - 0x00007ff870ce6000 	C:\WINDOWS\System32\KERNELBASE.dll
0x00007ff871ed0000 - 0x00007ff871f71000 	C:\WINDOWS\System32\ADVAPI32.dll
0x00007ff871c00000 - 0x00007ff871c9d000 	C:\WINDOWS\System32\msvcrt.dll
0x00007ff8742b0000 - 0x00007ff87430b000 	C:\WINDOWS\System32\sechost.dll
0x00007ff871ca0000 - 0x00007ff871dbf000 	C:\WINDOWS\System32\RPCRT4.dll
0x00007ff874310000 - 0x00007ff87449f000 	C:\WINDOWS\System32\USER32.dll
0x00007ff870d90000 - 0x00007ff870db0000 	C:\WINDOWS\System32\win32u.dll
0x00007ff871f80000 - 0x00007ff871fa8000 	C:\WINDOWS\System32\GDI32.dll
0x00007ff871960000 - 0x00007ff871af3000 	C:\WINDOWS\System32\gdi32full.dll
0x00007ff870cf0000 - 0x00007ff870d8b000 	C:\WINDOWS\System32\msvcp_win.dll
0x00007ff871800000 - 0x00007ff8718f6000 	C:\WINDOWS\System32\ucrtbase.dll
0x00007ff8622d0000 - 0x00007ff862539000 	C:\WINDOWS\WinSxS\amd64_microsoft.windows.common-controls_6595b64144ccf1df_6.0.16299.309_none_15cfd4c4935e6b11\COMCTL32.dll
0x00007ff8723a0000 - 0x00007ff8726a8000 	C:\WINDOWS\System32\combase.dll
0x00007ff870e60000 - 0x00007ff870ed2000 	C:\WINDOWS\System32\bcryptPrimitives.dll
0x00007ff872370000 - 0x00007ff87239d000 	C:\WINDOWS\System32\IMM32.DLL
0x00000000703f0000 - 0x00000000704c2000 	C:\Program Files\Java\jre1.8.0_151\bin\msvcr100.dll
0x00000000705c0000 - 0x0000000070e5d000 	C:\Program Files\Java\jre1.8.0_151\bin\server\jvm.dll
0x00007ff872360000 - 0x00007ff872368000 	C:\WINDOWS\System32\PSAPI.DLL
0x00007ff8653c0000 - 0x00007ff8653e3000 	C:\WINDOWS\SYSTEM32\WINMM.dll
0x00007ff866ee0000 - 0x00007ff866ee9000 	C:\WINDOWS\SYSTEM32\WSOCK32.dll
0x00007ff86ce70000 - 0x00007ff86ce7a000 	C:\WINDOWS\SYSTEM32\VERSION.dll
0x00007ff8726b0000 - 0x00007ff87271c000 	C:\WINDOWS\System32\WS2_32.dll
0x00007ff8652e0000 - 0x00007ff86530a000 	C:\WINDOWS\SYSTEM32\WINMMBASE.dll
0x00007ff871b00000 - 0x00007ff871b4a000 	C:\WINDOWS\System32\cfgmgr32.dll
0x00000000713a0000 - 0x00000000713af000 	C:\Program Files\Java\jre1.8.0_151\bin\verify.dll
0x0000000070590000 - 0x00000000705b9000 	C:\Program Files\Java\jre1.8.0_151\bin\java.dll
0x0000000070570000 - 0x0000000070586000 	C:\Program Files\Java\jre1.8.0_151\bin\zip.dll
0x00007ff872720000 - 0x00007ff873b56000 	C:\WINDOWS\System32\SHELL32.dll
0x00007ff873b60000 - 0x00007ff873c06000 	C:\WINDOWS\System32\shcore.dll
0x00007ff870ee0000 - 0x00007ff871627000 	C:\WINDOWS\System32\windows.storage.dll
0x00007ff873cf0000 - 0x00007ff873d41000 	C:\WINDOWS\System32\shlwapi.dll
0x00007ff870a20000 - 0x00007ff870a31000 	C:\WINDOWS\System32\kernel.appcore.dll
0x00007ff8709d0000 - 0x00007ff870a1c000 	C:\WINDOWS\System32\powrprof.dll
0x00007ff870a40000 - 0x00007ff870a5b000 	C:\WINDOWS\System32\profapi.dll
0x0000000070550000 - 0x000000007056a000 	C:\Program Files\Java\jre1.8.0_151\bin\net.dll
0x00007ff870260000 - 0x00007ff8702c6000 	C:\WINDOWS\system32\mswsock.dll
0x0000000070530000 - 0x0000000070541000 	C:\Program Files\Java\jre1.8.0_151\bin\nio.dll
0x00007ff85eff0000 - 0x00007ff85f04b000 	C:\Users\Nick Stames\AppData\Local\Temp\lwjglNick Stames\3.1.6-build-14\lwjgl.dll
0x00007ff850ce0000 - 0x00007ff850d31000 	C:\Users\NICKST~1\AppData\Local\Temp\lwjglNick Stames\3.1.6-build-14\glfw.dll
0x00007ff86eed0000 - 0x00007ff86ef65000 	C:\WINDOWS\system32\uxtheme.dll
0x00007ff85df40000 - 0x00007ff85df83000 	C:\WINDOWS\SYSTEM32\dinput8.dll
0x00007ff86c710000 - 0x00007ff86c720000 	C:\WINDOWS\SYSTEM32\xinput1_4.dll
0x00007ff8707e0000 - 0x00007ff870807000 	C:\WINDOWS\SYSTEM32\DEVOBJ.dll
0x00007ff85b630000 - 0x00007ff85b65e000 	C:\WINDOWS\SYSTEM32\inputhost.dll
0x00007ff86e5a0000 - 0x00007ff86e67c000 	C:\WINDOWS\SYSTEM32\CoreMessaging.dll
0x00007ff85cd40000 - 0x00007ff85d02e000 	C:\WINDOWS\SYSTEM32\CoreUIComponents.dll
0x00007ff86fb00000 - 0x00007ff86fb31000 	C:\WINDOWS\SYSTEM32\ntmarta.dll
0x00007ff86c3d0000 - 0x00007ff86c506000 	C:\WINDOWS\SYSTEM32\wintypes.dll
0x00007ff86f120000 - 0x00007ff86f14a000 	C:\WINDOWS\SYSTEM32\dwmapi.dll
0x00007ff871fb0000 - 0x00007ff872117000 	C:\WINDOWS\System32\MSCTF.dll
0x00007ff873c10000 - 0x00007ff873cd5000 	C:\WINDOWS\System32\OLEAUT32.dll
0x00007ff86f7a0000 - 0x00007ff86f7ac000 	C:\WINDOWS\SYSTEM32\HID.DLL
0x00007ff873e60000 - 0x00007ff8742ae000 	C:\WINDOWS\System32\SETUPAPI.DLL
0x00007ff871900000 - 0x00007ff871958000 	C:\WINDOWS\System32\WINTRUST.dll
0x00007ff870a60000 - 0x00007ff870a72000 	C:\WINDOWS\System32\MSASN1.dll
0x00007ff871630000 - 0x00007ff8717fe000 	C:\WINDOWS\System32\CRYPT32.dll
0x00007ff8424b0000 - 0x00007ff8425ce000 	C:\WINDOWS\SYSTEM32\opengl32.dll
0x00007ff86ae20000 - 0x00007ff86ae4c000 	C:\WINDOWS\SYSTEM32\GLU32.dll
0x000000006e120000 - 0x00000000703e8000 	C:\WINDOWS\SYSTEM32\nvoglv64.DLL
0x00007ff8744a0000 - 0x00007ff8745e9000 	C:\WINDOWS\System32\ole32.dll
0x00007ff86d480000 - 0x00007ff86d493000 	C:\WINDOWS\SYSTEM32\WTSAPI32.dll
0x00007ff859420000 - 0x00007ff859674000 	C:\WINDOWS\system32\nvspcap64.dll
0x00007ff86fb70000 - 0x00007ff86fbc5000 	C:\WINDOWS\SYSTEM32\WINSTA.dll
0x00007ff8502c0000 - 0x00007ff85031f000 	C:\Users\Nick Stames\AppData\Local\Temp\lwjglNick Stames\3.1.6-build-14\lwjgl_opengl.dll
0x00007ff86c1e0000 - 0x00007ff86c3a8000 	C:\WINDOWS\SYSTEM32\dbghelp.dll

VM Arguments:
jvm_args: -Dfile.encoding=UTF-8 
java_command: staindev.Main
java_class_path (initial): C:\Program Files\Java\jre1.8.0_151\lib\resources.jar;C:\Program Files\Java\jre1.8.0_151\lib\rt.jar;C:\Program Files\Java\jre1.8.0_151\lib\jsse.jar;C:\Program Files\Java\jre1.8.0_151\lib\jce.jar;C:\Program Files\Java\jre1.8.0_151\lib\charsets.jar;C:\Program Files\Java\jre1.8.0_151\lib\jfr.jar;C:\Program Files\Java\jre1.8.0_151\lib\ext\access-bridge-64.jar;C:\Program Files\Java\jre1.8.0_151\lib\ext\cldrdata.jar;C:\Program Files\Java\jre1.8.0_151\lib\ext\dnsns.jar;C:\Program Files\Java\jre1.8.0_151\lib\ext\jaccess.jar;C:\Program Files\Java\jre1.8.0_151\lib\ext\jfxrt.jar;C:\Program Files\Java\jre1.8.0_151\lib\ext\localedata.jar;C:\Program Files\Java\jre1.8.0_151\lib\ext\nashorn.jar;C:\Program Files\Java\jre1.8.0_151\lib\ext\sunec.jar;C:\Program Files\Java\jre1.8.0_151\lib\ext\sunjce_provider.jar;C:\Program Files\Java\jre1.8.0_151\lib\ext\sunmscapi.jar;C:\Program Files\Java\jre1.8.0_151\lib\ext\sunpkcs11.jar;C:\Program Files\Java\jre1.8.0_151\lib\ext\zipfs.jar;C:\Users\Nick Stames\git\staindev\Stains\bin;C:\Users\Nick Stames\git\staindev\Stains\lib\lwjgl-assimp-javadoc.jar;C:\Users\Nick Stames\git\staindev\Stains\lib\lwjgl-assimp-natives-windows.jar;C:\Users\Nick Stames\git\staindev\Stains\lib\lwjgl-assimp-sources.jar;C:\Users\Nick Stames\git\staindev\Stains\lib\lwjgl-assimp.jar;C:\Users\Nick Stames\git\staindev\Stains\lib\lwjgl-bgfx-javadoc.jar;C:\Users\Nick Stames\git\staindev\Stains\lib\lwjgl-bgfx-natives-windows.jar;C:\Users\Nick Stames\git\staindev\Stains\lib\lwjgl-bgfx-sources.jar;C:\Users\Nick Stames\git\staindev\Stains\lib\lwjgl-bgfx.jar;C:\Users\Nick Stames\git\staindev\Stains\lib\lwjgl-egl-javadoc.jar;C:\Users\Nick Stames\git\staindev\Stains\lib\lwjgl-egl-sources.jar;C:\Users\Nick Stames\git\staindev\Stains\lib\lwjgl-egl.jar;C:\Users\Nick Stames\git\staindev\Stains\lib\lwjgl-glfw-javadoc.jar;C:\Users\Nick Stames\git\staindev\Stains\lib\lwjgl-glfw-natives-windows.jar;C:\Users\Nick Stames\git\staindev\Stains\lib\lwjgl-glfw-sources.jar
Launcher Type: SUN_STANDARD

Environment Variables:
JAVA_HOME=C:\Program Files\Java\jdk1.8.0_91
USERNAME=Nick Stames
OS=Windows_NT
PROCESSOR_IDENTIFIER=Intel64 Family 6 Model 94 Stepping 3, GenuineIntel



---------------  S Y S T E M  ---------------

OS: Windows 10.0 , 64 bit Build 16299 (10.0.16299.15)

CPU:total 8 (initial active 8) (4 cores per cpu, 2 threads per core) family 6 model 94 stepping 3, cmov, cx8, fxsr, mmx, sse, sse2, sse3, ssse3, sse4.1, sse4.2, popcnt, avx, avx2, aes, clmul, erms, rtm, 3dnowpref, lzcnt, ht, tsc, tscinvbit, bmi1, bmi2, adx

Memory: 4k page, physical 16725676k(9072312k free), swap 19216044k(8934064k free)

vm_info: Java HotSpot(TM) 64-Bit Server VM (25.151-b12) for windows-amd64 JRE (1.8.0_151-b12), built on Sep  5 2017 19:33:46 by "java_re" with MS VC++ 10.0 (VS2010)

time: Fri Mar 23 19:05:23 2018
elapsed time: 0 seconds (0d 0h 0m 0s)

