#
# A fatal error has been detected by the Java Runtime Environment:
#
#  EXCEPTION_ACCESS_VIOLATION (0xc0000005) at pc=0x00007ff853f0f547, pid=14232, tid=0x000000000000350c
#
# JRE version: Java(TM) SE Runtime Environment (8.0_131-b11) (build 1.8.0_131-b11)
# Java VM: Java HotSpot(TM) 64-Bit Server VM (25.131-b11 mixed mode windows-amd64 compressed oops)
# Problematic frame:
# C  [lwjgl_opengl.dll+0xf547]
#
# Failed to write core dump. Minidumps are not enabled by default on client versions of Windows
#
# If you would like to submit a bug report, please visit:
#   http://bugreport.java.com/bugreport/crash.jsp
# The crash happened outside the Java Virtual Machine in native code.
# See problematic frame for where to report the bug.
#

---------------  T H R E A D  ---------------

Current thread (0x0000000005416800):  JavaThread "main" [_thread_in_native, id=13580, stack(0x0000000001ec0000,0x0000000001fc0000)]

siginfo: ExceptionCode=0xc0000005, reading address 0x0000000000001130

Registers:
RAX=0x0000000070c80d50, RBX=0x000000001e9f70e0, RCX=0x0000000000000000, RDX=0x0000000001fbf388
RSP=0x0000000001fbf308, RBP=0x0000000001fbf378, RSI=0x000000001e841770, RDI=0x0000000000000158
R8 =0x0000000000000004, R9 =0x00000000019082c0, R10=0x0000000005527f48, R11=0x000000007070bd80
R12=0x0000000000000000, R13=0x000000001e9f70d8, R14=0x0000000001fbf390, R15=0x0000000005416800
RIP=0x00007ff853f0f547, EFLAGS=0x0000000000010206

Top of Stack: (sp=0x0000000001fbf308)
0x0000000001fbf308:   0000000005527f74 0000000005416800
0x0000000001fbf318:   000000001e9f70e0 000000001e841770
0x0000000001fbf328:   0000000005416800 0000000005527ca2
0x0000000001fbf338:   0000000001fbf338 000000001e9f70d8
0x0000000001fbf348:   0000000001fbf390 000000001ea24028
0x0000000001fbf358:   0000000000000000 000000001e9f70e0
0x0000000001fbf368:   0000000000000000 0000000001fbf398
0x0000000001fbf378:   0000000001fbf3d8 0000000005517da0
0x0000000001fbf388:   000000076b549c30 00000000055219d6
0x0000000001fbf398:   0000000001fbf398 000000001e9e1ee0
0x0000000001fbf3a8:   0000000001fbf3e8 000000001e9e23c8
0x0000000001fbf3b8:   0000000000000000 000000001e9e1f00
0x0000000001fbf3c8:   0000000001fbf398 0000000001fbf3e8
0x0000000001fbf3d8:   0000000001fbf430 00000000055183a2
0x0000000001fbf3e8:   000000076b4edad0 0000000001fbf3f0
0x0000000001fbf3f8:   000000001e9d5e8d 0000000001fbf488 

Instructions: (pc=0x00007ff853f0f547)
0x00007ff853f0f527:   8b c8 4c 8b 50 18 49 ff a2 28 11 00 00 cc cc cc
0x00007ff853f0f537:   cc cc cc cc cc cc cc cc cc 48 8b 01 48 8b 48 18
0x00007ff853f0f547:   48 8b 81 30 11 00 00 48 ff e0 cc cc cc cc cc cc
0x00007ff853f0f557:   cc cc cc cc cc cc cc cc cc 48 8b 01 45 8b d8 4c 


Register to memory mapping:

RAX=0x0000000070c80d50 is an unknown value
RBX={method} {0x000000001e9f70e8} 'glGetError' '()I' in 'org/lwjgl/opengl/GL11'
RCX=0x0000000000000000 is an unknown value
RDX=0x0000000001fbf388 is pointing into the stack for thread: 0x0000000005416800
RSP=0x0000000001fbf308 is pointing into the stack for thread: 0x0000000005416800
RBP=0x0000000001fbf378 is pointing into the stack for thread: 0x0000000005416800
RSI=0x000000001e841770 is pointing into metadata
RDI=0x0000000000000158 is an unknown value
R8 =0x0000000000000004 is an unknown value
R9 =0x00000000019082c0 is an unknown value
R10=0x0000000005527f48 is at code_begin+840 in an Interpreter codelet
method entry point (kind = native)  [0x0000000005527c00, 0x0000000005528560]  2400 bytes
R11=0x000000007070bd80 is an unknown value
R12=0x0000000000000000 is an unknown value
R13=0x000000001e9f70d8 is pointing into metadata
R14=0x0000000001fbf390 is pointing into the stack for thread: 0x0000000005416800
R15=0x0000000005416800 is a thread


Stack: [0x0000000001ec0000,0x0000000001fc0000],  sp=0x0000000001fbf308,  free space=1020k
Native frames: (J=compiled Java code, j=interpreted, Vv=VM code, C=native code)
C  [lwjgl_opengl.dll+0xf547]

Java frames: (J=compiled Java code, j=interpreted, Vv=VM code)
j  org.lwjgl.opengl.GL11.glGetError()I+0
j  org.newdawn.slick.opengl.renderer.ImmediateModeOGLRenderer.glGetError()V+0
j  org.newdawn.slick.opengl.InternalTextureLoader.getTexture(Ljava/io/InputStream;Ljava/lang/String;ZI[I)Lorg/newdawn/slick/opengl/TextureImpl;+205
j  org.newdawn.slick.opengl.InternalTextureLoader.getTexture(Ljava/io/InputStream;Ljava/lang/String;ZI)Lorg/newdawn/slick/opengl/Texture;+7
j  org.newdawn.slick.opengl.TextureLoader.getTexture(Ljava/lang/String;Ljava/io/InputStream;ZI)Lorg/newdawn/slick/opengl/Texture;+32
j  org.newdawn.slick.opengl.TextureLoader.getTexture(Ljava/lang/String;Ljava/io/InputStream;)Lorg/newdawn/slick/opengl/Texture;+6
j  staindev.Main.loadTexture(Ljava/lang/String;Ljava/lang/String;)V+26
j  staindev.Main.loadTextures()V+5
j  staindev.Main.init()V+9
j  staindev.Main.run()V+1
j  staindev.Main.main([Ljava/lang/String;)V+7
v  ~StubRoutines::call_stub

---------------  P R O C E S S  ---------------

Java Threads: ( => current thread )
  0x0000000020f5e000 JavaThread "Service Thread" daemon [_thread_blocked, id=17716, stack(0x0000000021b80000,0x0000000021c80000)]
  0x0000000020ed3000 JavaThread "C1 CompilerThread3" daemon [_thread_blocked, id=27592, stack(0x0000000021a80000,0x0000000021b80000)]
  0x0000000020ecd000 JavaThread "C2 CompilerThread2" daemon [_thread_blocked, id=27048, stack(0x0000000021980000,0x0000000021a80000)]
  0x0000000020ed0800 JavaThread "C2 CompilerThread1" daemon [_thread_blocked, id=18896, stack(0x0000000021880000,0x0000000021980000)]
  0x0000000020ec5000 JavaThread "C2 CompilerThread0" daemon [_thread_blocked, id=7632, stack(0x0000000021780000,0x0000000021880000)]
  0x0000000020ec0000 JavaThread "Attach Listener" daemon [_thread_blocked, id=18696, stack(0x0000000021680000,0x0000000021780000)]
  0x0000000020ebf000 JavaThread "Signal Dispatcher" daemon [_thread_blocked, id=1812, stack(0x0000000021580000,0x0000000021680000)]
  0x0000000020eb0800 JavaThread "Finalizer" daemon [_thread_blocked, id=22024, stack(0x0000000021290000,0x0000000021390000)]
  0x000000001efbd800 JavaThread "Reference Handler" daemon [_thread_blocked, id=13396, stack(0x0000000020d90000,0x0000000020e90000)]
=>0x0000000005416800 JavaThread "main" [_thread_in_native, id=13580, stack(0x0000000001ec0000,0x0000000001fc0000)]

Other Threads:
  0x000000000550e000 VMThread [stack: 0x0000000020c90000,0x0000000020d90000] [id=14052]
  0x0000000020f83800 WatcherThread [stack: 0x0000000021c80000,0x0000000021d80000] [id=18812]

VM state:not at safepoint (normal execution)

VM Mutex/Monitor currently owned by a thread: None

Heap:
 PSYoungGen      total 76288K, used 13124K [0x000000076af00000, 0x0000000770400000, 0x00000007c0000000)
  eden space 65536K, 20% used [0x000000076af00000,0x000000076bbd11e8,0x000000076ef00000)
  from space 10752K, 0% used [0x000000076f980000,0x000000076f980000,0x0000000770400000)
  to   space 10752K, 0% used [0x000000076ef00000,0x000000076ef00000,0x000000076f980000)
 ParOldGen       total 175104K, used 0K [0x00000006c0c00000, 0x00000006cb700000, 0x000000076af00000)
  object space 175104K, 0% used [0x00000006c0c00000,0x00000006c0c00000,0x00000006cb700000)
 Metaspace       used 5776K, capacity 5986K, committed 6144K, reserved 1056768K
  class space    used 622K, capacity 703K, committed 768K, reserved 1048576K

Card table byte_map: [0x00000000148d0000,0x00000000150d0000] byte_map_base: 0x00000000112ca000

Marking Bits: (ParMarkBitMap*) 0x0000000070cfc720
 Begin Bits: [0x0000000015e30000, 0x0000000019e00000)
 End Bits:   [0x0000000019e00000, 0x000000001ddd0000)

Polling page: 0x00000000013d0000

CodeCache: size=245760Kb used=2506Kb max_used=2506Kb free=243253Kb
 bounds [0x0000000005510000, 0x0000000005790000, 0x0000000014510000]
 total_blobs=898 nmethods=552 adapters=259
 compilation: enabled

Compilation events (10 events):
Event: 0.401 Thread 0x0000000020ed3000  547       3       java.io.File::exists (43 bytes)
Event: 0.401 Thread 0x0000000020ed3000 nmethod 547 0x0000000005781990 code [0x0000000005781b20, 0x0000000005781fa8]
Event: 0.403 Thread 0x0000000020ed3000  548       3       sun.misc.URLClassPath::getResource (83 bytes)
Event: 0.403 Thread 0x0000000020ed3000 nmethod 548 0x00000000057820d0 code [0x0000000005782260, 0x0000000005782628]
Event: 0.403 Thread 0x0000000020ed3000  549       3       java.lang.ref.SoftReference::get (29 bytes)
Event: 0.403 Thread 0x0000000020ed3000 nmethod 549 0x00000000057827d0 code [0x0000000005782920, 0x0000000005782b10]
Event: 0.403 Thread 0x0000000020ed3000  551       3       java.nio.DirectLongBufferU::get (16 bytes)
Event: 0.404 Thread 0x0000000020ed3000 nmethod 551 0x0000000005782f10 code [0x0000000005783080, 0x00000000057832f0]
Event: 0.404 Thread 0x0000000020ed3000  552       3       java.nio.DirectLongBufferU::put (18 bytes)
Event: 0.404 Thread 0x0000000020ed3000 nmethod 552 0x0000000005783410 code [0x0000000005783580, 0x00000000057837f0]

GC Heap History (0 events):
No events

Deoptimization events (1 events):
Event: 0.110 Thread 0x0000000005416800 Uncommon trap: reason=unstable_if action=reinterpret pc=0x000000000560f848 method=java.lang.String.hashCode()I @ 14

Internal exceptions (10 events):
Event: 0.033 Thread 0x0000000005416800 Exception <a 'java/lang/NoSuchMethodError': Method sun.misc.Unsafe.prefetchRead(Ljava/lang/Object;J)V name or signature does not match> (0x000000076af07f90) thrown at [C:\re\workspace\8-2-build-windows-amd64-cygwin\jdk8u131\8869\hotspot\src\share\vm\prims
Event: 0.186 Thread 0x0000000005416800 Exception <a 'java/security/PrivilegedActionException'> (0x000000076b42a808) thrown at [C:\re\workspace\8-2-build-windows-amd64-cygwin\jdk8u131\8869\hotspot\src\share\vm\prims\jvm.cpp, line 1390]
Event: 0.186 Thread 0x0000000005416800 Exception <a 'java/security/PrivilegedActionException'> (0x000000076b42aa18) thrown at [C:\re\workspace\8-2-build-windows-amd64-cygwin\jdk8u131\8869\hotspot\src\share\vm\prims\jvm.cpp, line 1390]
Event: 0.187 Thread 0x0000000005416800 Exception <a 'java/security/PrivilegedActionException'> (0x000000076b42e928) thrown at [C:\re\workspace\8-2-build-windows-amd64-cygwin\jdk8u131\8869\hotspot\src\share\vm\prims\jvm.cpp, line 1390]
Event: 0.187 Thread 0x0000000005416800 Exception <a 'java/security/PrivilegedActionException'> (0x000000076b42eb38) thrown at [C:\re\workspace\8-2-build-windows-amd64-cygwin\jdk8u131\8869\hotspot\src\share\vm\prims\jvm.cpp, line 1390]
Event: 0.267 Thread 0x0000000005416800 Exception <a 'java/lang/NoSuchFieldError': method resolution failed> (0x000000076b6dbb98) thrown at [C:\re\workspace\8-2-build-windows-amd64-cygwin\jdk8u131\8869\hotspot\src\share\vm\prims\methodHandles.cpp, line 1146]
Event: 0.268 Thread 0x0000000005416800 Exception <a 'java/lang/NoSuchFieldError': method resolution failed> (0x000000076b6e9308) thrown at [C:\re\workspace\8-2-build-windows-amd64-cygwin\jdk8u131\8869\hotspot\src\share\vm\prims\methodHandles.cpp, line 1146]
Event: 0.318 Thread 0x0000000005416800 Exception <a 'java/lang/NoSuchMethodError': java.lang.Object.lambda$static$0(Ljava/lang/String;)Ljava/lang/Boolean;> (0x000000076b866580) thrown at [C:\re\workspace\8-2-build-windows-amd64-cygwin\jdk8u131\8869\hotspot\src\share\vm\interpreter\linkResolver
Event: 0.387 Thread 0x0000000005416800 Exception <a 'sun/nio/fs/WindowsException'> (0x000000076b993578) thrown at [C:\re\workspace\8-2-build-windows-amd64-cygwin\jdk8u131\8869\hotspot\src\share\vm\prims\jni.cpp, line 709]
Event: 0.388 Thread 0x0000000005416800 Exception <a 'sun/nio/fs/WindowsException'> (0x000000076b993db8) thrown at [C:\re\workspace\8-2-build-windows-amd64-cygwin\jdk8u131\8869\hotspot\src\share\vm\prims\jni.cpp, line 709]

Events (10 events):
Event: 0.399 loading class org/lwjgl/system/jni/JNINativeInterface
Event: 0.399 loading class org/lwjgl/system/jni/JNINativeInterface done
Event: 0.401 loading class org/lwjgl/system/windows/WinBase
Event: 0.401 loading class org/lwjgl/system/windows/WinBase done
Event: 0.402 loading class org/lwjgl/opengl/GL$1
Event: 0.402 loading class org/lwjgl/opengl/GL$1 done
Event: 0.403 loading class org/lwjgl/opengl/GL$SharedLibraryGL
Event: 0.403 loading class org/lwjgl/opengl/GL$SharedLibraryGL done
Event: 0.403 loading class org/lwjgl/system/SharedLibrary$Delegate
Event: 0.403 loading class org/lwjgl/system/SharedLibrary$Delegate done


Dynamic libraries:
0x00007ff6209e0000 - 0x00007ff620a17000 	C:\Program Files\Java\jdk1.8.0_131\bin\javaw.exe
0x00007ff874680000 - 0x00007ff874860000 	C:\WINDOWS\SYSTEM32\ntdll.dll
0x00007ff871b50000 - 0x00007ff871bfe000 	C:\WINDOWS\System32\KERNEL32.DLL
0x00007ff870a80000 - 0x00007ff870ce6000 	C:\WINDOWS\System32\KERNELBASE.dll
0x00007ff871ed0000 - 0x00007ff871f71000 	C:\WINDOWS\System32\ADVAPI32.dll
0x00007ff871c00000 - 0x00007ff871c9d000 	C:\WINDOWS\System32\msvcrt.dll
0x00007ff8742b0000 - 0x00007ff87430b000 	C:\WINDOWS\System32\sechost.dll
0x00007ff871ca0000 - 0x00007ff871dbf000 	C:\WINDOWS\System32\RPCRT4.dll
0x00007ff874310000 - 0x00007ff87449f000 	C:\WINDOWS\System32\USER32.dll
0x00007ff870d90000 - 0x00007ff870db0000 	C:\WINDOWS\System32\win32u.dll
0x00007ff871f80000 - 0x00007ff871fa8000 	C:\WINDOWS\System32\GDI32.dll
0x00007ff871960000 - 0x00007ff871af3000 	C:\WINDOWS\System32\gdi32full.dll
0x00007ff870cf0000 - 0x00007ff870d8b000 	C:\WINDOWS\System32\msvcp_win.dll
0x00007ff871800000 - 0x00007ff8718f6000 	C:\WINDOWS\System32\ucrtbase.dll
0x00007ff8622d0000 - 0x00007ff862539000 	C:\WINDOWS\WinSxS\amd64_microsoft.windows.common-controls_6595b64144ccf1df_6.0.16299.309_none_15cfd4c4935e6b11\COMCTL32.dll
0x00007ff8723a0000 - 0x00007ff8726a8000 	C:\WINDOWS\System32\combase.dll
0x00007ff870e60000 - 0x00007ff870ed2000 	C:\WINDOWS\System32\bcryptPrimitives.dll
0x00007ff872370000 - 0x00007ff87239d000 	C:\WINDOWS\System32\IMM32.DLL
0x0000000070d80000 - 0x0000000070e52000 	C:\Program Files\Java\jdk1.8.0_131\jre\bin\msvcr100.dll
0x00000000704e0000 - 0x0000000070d7c000 	C:\Program Files\Java\jdk1.8.0_131\jre\bin\server\jvm.dll
0x00007ff872360000 - 0x00007ff872368000 	C:\WINDOWS\System32\PSAPI.DLL
0x00007ff8653c0000 - 0x00007ff8653e3000 	C:\WINDOWS\SYSTEM32\WINMM.dll
0x00007ff86ce70000 - 0x00007ff86ce7a000 	C:\WINDOWS\SYSTEM32\VERSION.dll
0x00007ff8652e0000 - 0x00007ff86530a000 	C:\WINDOWS\SYSTEM32\WINMMBASE.dll
0x00007ff871b00000 - 0x00007ff871b4a000 	C:\WINDOWS\System32\cfgmgr32.dll
0x00007ff866ee0000 - 0x00007ff866ee9000 	C:\WINDOWS\SYSTEM32\WSOCK32.dll
0x00007ff8726b0000 - 0x00007ff87271c000 	C:\WINDOWS\System32\WS2_32.dll
0x00000000713a0000 - 0x00000000713af000 	C:\Program Files\Java\jdk1.8.0_131\jre\bin\verify.dll
0x00000000704b0000 - 0x00000000704d9000 	C:\Program Files\Java\jdk1.8.0_131\jre\bin\java.dll
0x0000000070490000 - 0x00000000704a6000 	C:\Program Files\Java\jdk1.8.0_131\jre\bin\zip.dll
0x00007ff872720000 - 0x00007ff873b56000 	C:\WINDOWS\System32\SHELL32.dll
0x00007ff873b60000 - 0x00007ff873c06000 	C:\WINDOWS\System32\shcore.dll
0x00007ff870ee0000 - 0x00007ff871627000 	C:\WINDOWS\System32\windows.storage.dll
0x00007ff873cf0000 - 0x00007ff873d41000 	C:\WINDOWS\System32\shlwapi.dll
0x00007ff870a20000 - 0x00007ff870a31000 	C:\WINDOWS\System32\kernel.appcore.dll
0x00007ff8709d0000 - 0x00007ff870a1c000 	C:\WINDOWS\System32\powrprof.dll
0x00007ff870a40000 - 0x00007ff870a5b000 	C:\WINDOWS\System32\profapi.dll
0x0000000070470000 - 0x000000007048a000 	C:\Program Files\Java\jdk1.8.0_131\jre\bin\net.dll
0x00007ff870260000 - 0x00007ff8702c6000 	C:\WINDOWS\system32\mswsock.dll
0x0000000070450000 - 0x0000000070461000 	C:\Program Files\Java\jdk1.8.0_131\jre\bin\nio.dll
0x00007ff8557b0000 - 0x00007ff85580b000 	C:\Users\Nick Stames\AppData\Local\Temp\lwjglNick Stames\3.1.6-build-14\lwjgl.dll
0x00007ff853f00000 - 0x00007ff853f5f000 	C:\Users\Nick Stames\AppData\Local\Temp\lwjglNick Stames\3.1.6-build-14\lwjgl_opengl.dll
0x00007ff842900000 - 0x00007ff842a1e000 	C:\WINDOWS\SYSTEM32\opengl32.dll
0x00007ff8601e0000 - 0x00007ff86020c000 	C:\WINDOWS\SYSTEM32\GLU32.dll
0x00007ff86c1e0000 - 0x00007ff86c3a8000 	C:\WINDOWS\SYSTEM32\dbghelp.dll

VM Arguments:
jvm_args: -Dfile.encoding=UTF-8 
java_command: staindev.Main
java_class_path (initial): C:\Program Files\Java\jdk1.8.0_131\jre\lib\resources.jar;C:\Program Files\Java\jdk1.8.0_131\jre\lib\rt.jar;C:\Program Files\Java\jdk1.8.0_131\jre\lib\jsse.jar;C:\Program Files\Java\jdk1.8.0_131\jre\lib\jce.jar;C:\Program Files\Java\jdk1.8.0_131\jre\lib\charsets.jar;C:\Program Files\Java\jdk1.8.0_131\jre\lib\jfr.jar;C:\Program Files\Java\jdk1.8.0_131\jre\lib\ext\access-bridge-64.jar;C:\Program Files\Java\jdk1.8.0_131\jre\lib\ext\cldrdata.jar;C:\Program Files\Java\jdk1.8.0_131\jre\lib\ext\dnsns.jar;C:\Program Files\Java\jdk1.8.0_131\jre\lib\ext\jaccess.jar;C:\Program Files\Java\jdk1.8.0_131\jre\lib\ext\jfxrt.jar;C:\Program Files\Java\jdk1.8.0_131\jre\lib\ext\localedata.jar;C:\Program Files\Java\jdk1.8.0_131\jre\lib\ext\nashorn.jar;C:\Program Files\Java\jdk1.8.0_131\jre\lib\ext\sunec.jar;C:\Program Files\Java\jdk1.8.0_131\jre\lib\ext\sunjce_provider.jar;C:\Program Files\Java\jdk1.8.0_131\jre\lib\ext\sunmscapi.jar;C:\Program Files\Java\jdk1.8.0_131\jre\lib\ext\sunpkcs11.jar;C:\Program Files\Java\jdk1.8.0_131\jre\lib\ext\zipfs.jar;C:\Users\Nick Stames\git\staindev\Stains\bin;C:\Users\Nick Stames\git\staindev\Stains\lib\lwjgl-assimp-javadoc.jar;C:\Users\Nick Stames\git\staindev\Stains\lib\lwjgl-assimp-natives-windows.jar;C:\Users\Nick Stames\git\staindev\Stains\lib\lwjgl-assimp-sources.jar;C:\Users\Nick Stames\git\staindev\Stains\lib\lwjgl-assimp.jar;C:\Users\Nick Stames\git\staindev\Stains\lib\lwjgl-bgfx-javadoc.jar;C:\Users\Nick Stames\git\staindev\Stains\lib\lwjgl-bgfx-natives-windows.jar;C:\Users\Nick Stames\git\staindev\Stains\lib\lwjgl-bgfx-sources.jar;C:\Users\Nick Stames\git\staindev\Stains\lib\lwjgl-bgfx.jar;C:\Users\Nick Stames\git\staindev\Stains\lib\lwjgl-egl-javadoc.jar;C:\Users\Nick Stames\git\staindev\Stains\lib\lwjgl-egl-sources.jar;C:\Users\Nick Stames\git\staindev\Stains\lib\lwjgl-egl.jar;C:\Users\Nick Stames\git\staindev\Stains\lib\lwjgl-glfw-javadoc.jar;C:\Users\Nick Stames\git\staindev\Stains\lib\lwjgl-glfw-natives-windows
Launcher Type: SUN_STANDARD

Environment Variables:
JAVA_HOME=C:\Program Files\Java\jdk1.8.0_91
USERNAME=Nick Stames
OS=Windows_NT
PROCESSOR_IDENTIFIER=Intel64 Family 6 Model 94 Stepping 3, GenuineIntel



---------------  S Y S T E M  ---------------

OS: Windows 10.0 , 64 bit Build 16299 (10.0.16299.15)

CPU:total 8 (initial active 8) (4 cores per cpu, 2 threads per core) family 6 model 94 stepping 3, cmov, cx8, fxsr, mmx, sse, sse2, sse3, ssse3, sse4.1, sse4.2, popcnt, avx, avx2, aes, clmul, erms, rtm, 3dnowpref, lzcnt, ht, tsc, tscinvbit, bmi1, bmi2, adx

Memory: 4k page, physical 16725676k(9608176k free), swap 19216044k(8932952k free)

vm_info: Java HotSpot(TM) 64-Bit Server VM (25.131-b11) for windows-amd64 JRE (1.8.0_131-b11), built on Mar 15 2017 01:23:53 by "java_re" with MS VC++ 10.0 (VS2010)

time: Fri Mar 23 23:22:47 2018
elapsed time: 0 seconds (0d 0h 0m 0s)

