#
# A fatal error has been detected by the Java Runtime Environment:
#
#  EXCEPTION_ACCESS_VIOLATION (0xc0000005) at pc=0x00007ffda8e7846d, pid=18800, tid=0x0000000000000e8c
#
# JRE version: Java(TM) SE Runtime Environment (8.0_131-b11) (build 1.8.0_131-b11)
# Java VM: Java HotSpot(TM) 64-Bit Server VM (25.131-b11 mixed mode windows-amd64 compressed oops)
# Problematic frame:
# C  [lwjgl_opengl.dll+0x846d]
#
# Failed to write core dump. Minidumps are not enabled by default on client versions of Windows
#
# If you would like to submit a bug report, please visit:
#   http://bugreport.java.com/bugreport/crash.jsp
# The crash happened outside the Java Virtual Machine in native code.
# See problematic frame for where to report the bug.
#

---------------  T H R E A D  ---------------

Current thread (0x0000000001276000):  JavaThread "main" [_thread_in_native, id=3724, stack(0x0000000001090000,0x0000000001190000)]

siginfo: ExceptionCode=0xc0000005, reading address 0x0000000000000f70

Registers:
RAX=0x000000006b500d50, RBX=0x000000001dd64880, RCX=0x0000000000000001, RDX=0x00000000215b62ec
RSP=0x000000000118f1c8, RBP=0x000000000118f250, RSI=0x0000000000000c10, RDI=0x0000000005417e70
R8 =0x0000000000000001, R9 =0x00000000215b62ec, R10=0x0000000000000000, R11=0x000000006af8bd80
R12=0x0000000000000000, R13=0x000000001dd64880, R14=0x000000000118f280, R15=0x0000000001276000
RIP=0x00007ffda8e7846d, EFLAGS=0x0000000000010202

Top of Stack: (sp=0x000000000118f1c8)
0x000000000118f1c8:   0000000005427f74 0000000005417e70
0x000000000118f1d8:   0000000005427cdd 0000000001276000
0x000000000118f1e8:   000000001dd64880 0000000000000c10
0x000000000118f1f8:   0000000001276000 000000000118f2f8
0x000000000118f208:   0000000005427ca2 000000000118f210
0x000000000118f218:   000000001dd64880 000000000118f280
0x000000000118f228:   000000001dd6d450 0000000000000000
0x000000000118f238:   000000001dd64880 0000000000000000
0x000000000118f248:   000000000118f270 000000000118f2c8
0x000000000118f258:   000000000541835d 000000076b46e030
0x000000000118f268:   00000000054219d8 00000000215b62ec
0x000000000118f278:   000000076ba6e988 0000000000000001
0x000000000118f288:   000000000118f288 000000001dd649f4
0x000000000118f298:   000000000118f2f8 000000001dd6d450
0x000000000118f2a8:   0000000000000000 000000001dd64a60
0x000000000118f2b8:   000000000118f270 000000000118f300 

Instructions: (pc=0x00007ffda8e7846d)
0x00007ffda8e7844d:   49 ff a2 30 0a 00 00 cc cc cc cc cc cc cc cc cc
0x00007ffda8e7845d:   cc cc cc 48 8b 01 49 8b d1 41 8b c8 4c 8b 50 18
0x00007ffda8e7846d:   49 ff a2 70 0f 00 00 cc cc cc cc cc cc cc cc cc
0x00007ffda8e7847d:   cc cc cc 48 8b 01 48 8b 48 18 48 8b 81 78 1c 00 


Register to memory mapping:

RAX=0x000000006b500d50 is an unknown value
RBX={method} {0x000000001dd64888} 'nglGenVertexArrays' '(IJ)V' in 'org/lwjgl/opengl/GL30'
RCX=0x0000000000000001 is an unknown value
RDX=0x00000000215b62ec is an unknown value
RSP=0x000000000118f1c8 is pointing into the stack for thread: 0x0000000001276000
RBP=0x000000000118f250 is pointing into the stack for thread: 0x0000000001276000
RSI=0x0000000000000c10 is an unknown value
RDI=0x0000000005417e70 is at code_begin+1040 in an Interpreter codelet
invoke return entry points  [0x0000000005417a60, 0x0000000005418440]  2528 bytes
R8 =0x0000000000000001 is an unknown value
R9 =0x00000000215b62ec is an unknown value
R10=0x0000000000000000 is an unknown value
R11=0x000000006af8bd80 is an unknown value
R12=0x0000000000000000 is an unknown value
R13={method} {0x000000001dd64888} 'nglGenVertexArrays' '(IJ)V' in 'org/lwjgl/opengl/GL30'
R14=0x000000000118f280 is pointing into the stack for thread: 0x0000000001276000
R15=0x0000000001276000 is a thread


Stack: [0x0000000001090000,0x0000000001190000],  sp=0x000000000118f1c8,  free space=1020k
Native frames: (J=compiled Java code, j=interpreted, Vv=VM code, C=native code)
C  [lwjgl_opengl.dll+0x846d]

Java frames: (J=compiled Java code, j=interpreted, Vv=VM code)
j  org.lwjgl.opengl.GL30.nglGenVertexArrays(IJ)V+0
j  org.lwjgl.opengl.GL30.glGenVertexArrays()I+20
j  gl.VertexArray.<init>()V+5
j  staindev.Game.<clinit>()V+47
v  ~StubRoutines::call_stub

---------------  P R O C E S S  ---------------

Java Threads: ( => current thread )
  0x00000000202ce800 JavaThread "Service Thread" daemon [_thread_blocked, id=21500, stack(0x0000000020ee0000,0x0000000020fe0000)]
  0x0000000020232000 JavaThread "C1 CompilerThread3" daemon [_thread_blocked, id=15632, stack(0x0000000020de0000,0x0000000020ee0000)]
  0x0000000020228800 JavaThread "C2 CompilerThread2" daemon [_thread_in_native, id=17796, stack(0x0000000020ce0000,0x0000000020de0000)]
  0x0000000020226800 JavaThread "C2 CompilerThread1" daemon [_thread_in_native, id=3124, stack(0x0000000020be0000,0x0000000020ce0000)]
  0x0000000020222000 JavaThread "C2 CompilerThread0" daemon [_thread_blocked, id=15312, stack(0x0000000020ae0000,0x0000000020be0000)]
  0x0000000020221000 JavaThread "Attach Listener" daemon [_thread_blocked, id=15960, stack(0x00000000209e0000,0x0000000020ae0000)]
  0x000000001e30e000 JavaThread "Signal Dispatcher" daemon [_thread_blocked, id=24068, stack(0x00000000208e0000,0x00000000209e0000)]
  0x000000000136e000 JavaThread "Finalizer" daemon [_thread_blocked, id=5116, stack(0x00000000205f0000,0x00000000206f0000)]
  0x000000000136d000 JavaThread "Reference Handler" daemon [_thread_blocked, id=2164, stack(0x00000000200f0000,0x00000000201f0000)]
=>0x0000000001276000 JavaThread "main" [_thread_in_native, id=3724, stack(0x0000000001090000,0x0000000001190000)]

Other Threads:
  0x000000001e2f9000 VMThread [stack: 0x000000001fff0000,0x00000000200f0000] [id=24636]
  0x0000000020258800 WatcherThread [stack: 0x0000000020fe0000,0x00000000210e0000] [id=6476]

VM state:not at safepoint (normal execution)

VM Mutex/Monitor currently owned by a thread: None

Heap:
 PSYoungGen      total 76288K, used 12011K [0x000000076af00000, 0x0000000770400000, 0x00000007c0000000)
  eden space 65536K, 18% used [0x000000076af00000,0x000000076babae90,0x000000076ef00000)
  from space 10752K, 0% used [0x000000076f980000,0x000000076f980000,0x0000000770400000)
  to   space 10752K, 0% used [0x000000076ef00000,0x000000076ef00000,0x000000076f980000)
 ParOldGen       total 175104K, used 0K [0x00000006c0c00000, 0x00000006cb700000, 0x000000076af00000)
  object space 175104K, 0% used [0x00000006c0c00000,0x00000006c0c00000,0x00000006cb700000)
 Metaspace       used 5818K, capacity 6012K, committed 6144K, reserved 1056768K
  class space    used 621K, capacity 729K, committed 768K, reserved 1048576K

Card table byte_map: [0x0000000001730000,0x0000000001f30000] byte_map_base: 0xfffffffffe12a000

Marking Bits: (ParMarkBitMap*) 0x000000006b57c720
 Begin Bits: [0x0000000015170000, 0x0000000019140000)
 End Bits:   [0x0000000019140000, 0x000000001d110000)

Polling page: 0x0000000000ac0000

CodeCache: size=245760Kb used=2367Kb max_used=2383Kb free=243392Kb
 bounds [0x0000000005410000, 0x0000000005680000, 0x0000000014410000]
 total_blobs=882 nmethods=524 adapters=271
 compilation: enabled

Compilation events (10 events):
Event: 0.218 Thread 0x0000000020232000 nmethod 519 0x0000000005657f50 code [0x0000000005658120, 0x0000000005658c48]
Event: 0.218 Thread 0x0000000020232000  520       3       java.util.WeakHashMap::indexFor (6 bytes)
Event: 0.218 Thread 0x0000000020232000 nmethod 520 0x0000000005657c50 code [0x0000000005657da0, 0x0000000005657ed0]
Event: 0.219 Thread 0x0000000020228800  521       4       java.util.zip.ZipCoder::getBytes (192 bytes)
Event: 0.219 Thread 0x0000000020232000  523   !   3       java.lang.ref.Finalizer::add (41 bytes)
Event: 0.219 Thread 0x0000000020232000 nmethod 523 0x0000000005657610 code [0x0000000005657780, 0x0000000005657b30]
Event: 0.222 Thread 0x0000000020232000  525       3       java.nio.Buffer::clear (20 bytes)
Event: 0.222 Thread 0x0000000020232000 nmethod 525 0x00000000056572d0 code [0x0000000005657420, 0x0000000005657590]
Event: 0.222 Thread 0x0000000020228800 nmethod 521 0x000000000565d590 code [0x000000000565d740, 0x000000000565dd10]
Event: 0.222 Thread 0x0000000020228800  524  s!   4       sun.misc.URLClassPath::getLoader (243 bytes)

GC Heap History (0 events):
No events

Deoptimization events (1 events):
Event: 0.068 Thread 0x0000000001276000 Uncommon trap: reason=unstable_if action=reinterpret pc=0x000000000551e588 method=java.lang.String.hashCode()I @ 14

Internal exceptions (10 events):
Event: 0.021 Thread 0x0000000001276000 Exception <a 'java/lang/NoSuchMethodError': Method sun.misc.Unsafe.prefetchRead(Ljava/lang/Object;J)V name or signature does not match> (0x000000076af07f90) thrown at [C:\re\workspace\8-2-build-windows-amd64-cygwin\jdk8u131\8869\hotspot\src\share\vm\prims
Event: 0.162 Thread 0x0000000001276000 Exception <a 'java/lang/NoSuchFieldError': method resolution failed> (0x000000076b60e328) thrown at [C:\re\workspace\8-2-build-windows-amd64-cygwin\jdk8u131\8869\hotspot\src\share\vm\prims\methodHandles.cpp, line 1146]
Event: 0.163 Thread 0x0000000001276000 Exception <a 'java/lang/NoSuchFieldError': method resolution failed> (0x000000076b61b6c8) thrown at [C:\re\workspace\8-2-build-windows-amd64-cygwin\jdk8u131\8869\hotspot\src\share\vm\prims\methodHandles.cpp, line 1146]
Event: 0.184 Thread 0x0000000001276000 Exception <a 'java/lang/NoSuchMethodError': java.lang.Object.lambda$static$0(Ljava/lang/String;)Ljava/lang/Boolean;> (0x000000076b798840) thrown at [C:\re\workspace\8-2-build-windows-amd64-cygwin\jdk8u131\8869\hotspot\src\share\vm\interpreter\linkResolver
Event: 0.189 Thread 0x0000000001276000 Exception <a 'java/security/PrivilegedActionException'> (0x000000076b7e0930) thrown at [C:\re\workspace\8-2-build-windows-amd64-cygwin\jdk8u131\8869\hotspot\src\share\vm\prims\jvm.cpp, line 1390]
Event: 0.189 Thread 0x0000000001276000 Exception <a 'java/security/PrivilegedActionException'> (0x000000076b7e0b40) thrown at [C:\re\workspace\8-2-build-windows-amd64-cygwin\jdk8u131\8869\hotspot\src\share\vm\prims\jvm.cpp, line 1390]
Event: 0.190 Thread 0x0000000001276000 Exception <a 'java/security/PrivilegedActionException'> (0x000000076b7e4a50) thrown at [C:\re\workspace\8-2-build-windows-amd64-cygwin\jdk8u131\8869\hotspot\src\share\vm\prims\jvm.cpp, line 1390]
Event: 0.190 Thread 0x0000000001276000 Exception <a 'java/security/PrivilegedActionException'> (0x000000076b7e4c60) thrown at [C:\re\workspace\8-2-build-windows-amd64-cygwin\jdk8u131\8869\hotspot\src\share\vm\prims\jvm.cpp, line 1390]
Event: 0.210 Thread 0x0000000001276000 Exception <a 'sun/nio/fs/WindowsException'> (0x000000076b8c9af0) thrown at [C:\re\workspace\8-2-build-windows-amd64-cygwin\jdk8u131\8869\hotspot\src\share\vm\prims\jni.cpp, line 709]
Event: 0.210 Thread 0x0000000001276000 Exception <a 'sun/nio/fs/WindowsException'> (0x000000076b8ca330) thrown at [C:\re\workspace\8-2-build-windows-amd64-cygwin\jdk8u131\8869\hotspot\src\share\vm\prims\jni.cpp, line 709]

Events (10 events):
Event: 0.220 loading class org/lwjgl/system/jni/JNINativeInterface
Event: 0.220 loading class org/lwjgl/system/jni/JNINativeInterface done
Event: 0.221 loading class org/lwjgl/system/windows/WinBase
Event: 0.221 loading class org/lwjgl/system/windows/WinBase done
Event: 0.223 loading class org/lwjgl/opengl/GL$1
Event: 0.223 loading class org/lwjgl/opengl/GL$1 done
Event: 0.223 loading class org/lwjgl/opengl/GL$SharedLibraryGL
Event: 0.223 loading class org/lwjgl/opengl/GL$SharedLibraryGL done
Event: 0.223 loading class org/lwjgl/system/SharedLibrary$Delegate
Event: 0.223 loading class org/lwjgl/system/SharedLibrary$Delegate done


Dynamic libraries:
0x00007ff7c2e40000 - 0x00007ff7c2e77000 	C:\Program Files\Java\jdk1.8.0_131\bin\javaw.exe
0x00007ffdb2e10000 - 0x00007ffdb2ff0000 	C:\WINDOWS\SYSTEM32\ntdll.dll
0x00007ffdb0a40000 - 0x00007ffdb0aee000 	C:\WINDOWS\System32\KERNEL32.DLL
0x00007ffdaf960000 - 0x00007ffdafbc6000 	C:\WINDOWS\System32\KERNELBASE.dll
0x00007ffdb1730000 - 0x00007ffdb17d1000 	C:\WINDOWS\System32\ADVAPI32.dll
0x00007ffdb0900000 - 0x00007ffdb099d000 	C:\WINDOWS\System32\msvcrt.dll
0x00007ffdb1520000 - 0x00007ffdb157b000 	C:\WINDOWS\System32\sechost.dll
0x00007ffdb0ba0000 - 0x00007ffdb0cbf000 	C:\WINDOWS\System32\RPCRT4.dll
0x00007ffdb1810000 - 0x00007ffdb199f000 	C:\WINDOWS\System32\USER32.dll
0x00007ffdafef0000 - 0x00007ffdaff10000 	C:\WINDOWS\System32\win32u.dll
0x00007ffdb1370000 - 0x00007ffdb1398000 	C:\WINDOWS\System32\GDI32.dll
0x00007ffdaff10000 - 0x00007ffdb00a3000 	C:\WINDOWS\System32\gdi32full.dll
0x00007ffdafe50000 - 0x00007ffdafeeb000 	C:\WINDOWS\System32\msvcp_win.dll
0x00007ffdafd50000 - 0x00007ffdafe46000 	C:\WINDOWS\System32\ucrtbase.dll
0x00007ffda4bb0000 - 0x00007ffda4e19000 	C:\WINDOWS\WinSxS\amd64_microsoft.windows.common-controls_6595b64144ccf1df_6.0.16299.309_none_15cfd4c4935e6b11\COMCTL32.dll
0x00007ffdb0e70000 - 0x00007ffdb1178000 	C:\WINDOWS\System32\combase.dll
0x00007ffdafcd0000 - 0x00007ffdafd42000 	C:\WINDOWS\System32\bcryptPrimitives.dll
0x00007ffdb17e0000 - 0x00007ffdb180d000 	C:\WINDOWS\System32\IMM32.DLL
0x000000006bc90000 - 0x000000006bd62000 	C:\Program Files\Java\jdk1.8.0_131\jre\bin\msvcr100.dll
0x000000006ad60000 - 0x000000006b5fc000 	C:\Program Files\Java\jdk1.8.0_131\jre\bin\server\jvm.dll
0x00007ffdb1580000 - 0x00007ffdb1588000 	C:\WINDOWS\System32\PSAPI.DLL
0x00007ffda18b0000 - 0x00007ffda18b9000 	C:\WINDOWS\SYSTEM32\WSOCK32.dll
0x00007ffdaa4c0000 - 0x00007ffdaa4ca000 	C:\WINDOWS\SYSTEM32\VERSION.dll
0x00007ffdad0e0000 - 0x00007ffdad103000 	C:\WINDOWS\SYSTEM32\WINMM.dll
0x00007ffdb1590000 - 0x00007ffdb15fc000 	C:\WINDOWS\System32\WS2_32.dll
0x00007ffdacfa0000 - 0x00007ffdacfca000 	C:\WINDOWS\SYSTEM32\WINMMBASE.dll
0x00007ffdafbd0000 - 0x00007ffdafc1a000 	C:\WINDOWS\System32\cfgmgr32.dll
0x000000006bc60000 - 0x000000006bc6f000 	C:\Program Files\Java\jdk1.8.0_131\jre\bin\verify.dll
0x000000006bc30000 - 0x000000006bc59000 	C:\Program Files\Java\jdk1.8.0_131\jre\bin\java.dll
0x000000006bc10000 - 0x000000006bc26000 	C:\Program Files\Java\jdk1.8.0_131\jre\bin\zip.dll
0x00007ffdb19a0000 - 0x00007ffdb2dd6000 	C:\WINDOWS\System32\SHELL32.dll
0x00007ffdb0af0000 - 0x00007ffdb0b96000 	C:\WINDOWS\System32\shcore.dll
0x00007ffdaf210000 - 0x00007ffdaf957000 	C:\WINDOWS\System32\windows.storage.dll
0x00007ffdb16d0000 - 0x00007ffdb1721000 	C:\WINDOWS\System32\shlwapi.dll
0x00007ffdaf1f0000 - 0x00007ffdaf201000 	C:\WINDOWS\System32\kernel.appcore.dll
0x00007ffdaf1a0000 - 0x00007ffdaf1ec000 	C:\WINDOWS\System32\powrprof.dll
0x00007ffdaf160000 - 0x00007ffdaf17b000 	C:\WINDOWS\System32\profapi.dll
0x000000006bbf0000 - 0x000000006bc0a000 	C:\Program Files\Java\jdk1.8.0_131\jre\bin\net.dll
0x00007ffdae9f0000 - 0x00007ffdaea56000 	C:\WINDOWS\system32\mswsock.dll
0x000000006bbd0000 - 0x000000006bbe1000 	C:\Program Files\Java\jdk1.8.0_131\jre\bin\nio.dll
0x00007ffda9000000 - 0x00007ffda905b000 	C:\Users\Nick Stames\AppData\Local\Temp\lwjglNick Stames\3.1.6-build-14\lwjgl.dll
0x00007ffda8e70000 - 0x00007ffda8ecf000 	C:\Users\Nick Stames\AppData\Local\Temp\lwjglNick Stames\3.1.6-build-14\lwjgl_opengl.dll
0x00007ffd8f1b0000 - 0x00007ffd8f2ce000 	C:\WINDOWS\SYSTEM32\opengl32.dll
0x00007ffda93f0000 - 0x00007ffda941c000 	C:\WINDOWS\SYSTEM32\GLU32.dll
0x00007ffd9f610000 - 0x00007ffd9f7d8000 	C:\WINDOWS\SYSTEM32\dbghelp.dll

VM Arguments:
jvm_args: -Dfile.encoding=UTF-8 
java_command: staindev.Game
java_class_path (initial): C:\Program Files\Java\jdk1.8.0_131\jre\lib\resources.jar;C:\Program Files\Java\jdk1.8.0_131\jre\lib\rt.jar;C:\Program Files\Java\jdk1.8.0_131\jre\lib\jsse.jar;C:\Program Files\Java\jdk1.8.0_131\jre\lib\jce.jar;C:\Program Files\Java\jdk1.8.0_131\jre\lib\charsets.jar;C:\Program Files\Java\jdk1.8.0_131\jre\lib\jfr.jar;C:\Program Files\Java\jdk1.8.0_131\jre\lib\ext\access-bridge-64.jar;C:\Program Files\Java\jdk1.8.0_131\jre\lib\ext\cldrdata.jar;C:\Program Files\Java\jdk1.8.0_131\jre\lib\ext\dnsns.jar;C:\Program Files\Java\jdk1.8.0_131\jre\lib\ext\jaccess.jar;C:\Program Files\Java\jdk1.8.0_131\jre\lib\ext\jfxrt.jar;C:\Program Files\Java\jdk1.8.0_131\jre\lib\ext\localedata.jar;C:\Program Files\Java\jdk1.8.0_131\jre\lib\ext\nashorn.jar;C:\Program Files\Java\jdk1.8.0_131\jre\lib\ext\sunec.jar;C:\Program Files\Java\jdk1.8.0_131\jre\lib\ext\sunjce_provider.jar;C:\Program Files\Java\jdk1.8.0_131\jre\lib\ext\sunmscapi.jar;C:\Program Files\Java\jdk1.8.0_131\jre\lib\ext\sunpkcs11.jar;C:\Program Files\Java\jdk1.8.0_131\jre\lib\ext\zipfs.jar;C:\Users\Nick Stames\git\staindev\Stains\bin;C:\Users\Nick Stames\git\staindev\Stains\lib\lwjgl-assimp-javadoc.jar;C:\Users\Nick Stames\git\staindev\Stains\lib\lwjgl-assimp-natives-windows.jar;C:\Users\Nick Stames\git\staindev\Stains\lib\lwjgl-assimp-sources.jar;C:\Users\Nick Stames\git\staindev\Stains\lib\lwjgl-assimp.jar;C:\Users\Nick Stames\git\staindev\Stains\lib\lwjgl-bgfx-javadoc.jar;C:\Users\Nick Stames\git\staindev\Stains\lib\lwjgl-bgfx-natives-windows.jar;C:\Users\Nick Stames\git\staindev\Stains\lib\lwjgl-bgfx-sources.jar;C:\Users\Nick Stames\git\staindev\Stains\lib\lwjgl-bgfx.jar;C:\Users\Nick Stames\git\staindev\Stains\lib\lwjgl-egl-javadoc.jar;C:\Users\Nick Stames\git\staindev\Stains\lib\lwjgl-egl-sources.jar;C:\Users\Nick Stames\git\staindev\Stains\lib\lwjgl-egl.jar;C:\Users\Nick Stames\git\staindev\Stains\lib\lwjgl-glfw-javadoc.jar;C:\Users\Nick Stames\git\staindev\Stains\lib\lwjgl-glfw-natives-windows
Launcher Type: SUN_STANDARD

Environment Variables:
JAVA_HOME=C:\Program Files\Java\jdk1.8.0_91
USERNAME=Nick Stames
OS=Windows_NT
PROCESSOR_IDENTIFIER=Intel64 Family 6 Model 94 Stepping 3, GenuineIntel



---------------  S Y S T E M  ---------------

OS: Windows 10.0 , 64 bit Build 16299 (10.0.16299.15)

CPU:total 8 (initial active 8) (4 cores per cpu, 2 threads per core) family 6 model 94 stepping 3, cmov, cx8, fxsr, mmx, sse, sse2, sse3, ssse3, sse4.1, sse4.2, popcnt, avx, avx2, aes, clmul, erms, rtm, 3dnowpref, lzcnt, ht, tsc, tscinvbit, bmi1, bmi2, adx

Memory: 4k page, physical 16725676k(10263680k free), swap 19216044k(8812416k free)

vm_info: Java HotSpot(TM) 64-Bit Server VM (25.131-b11) for windows-amd64 JRE (1.8.0_131-b11), built on Mar 15 2017 01:23:53 by "java_re" with MS VC++ 10.0 (VS2010)

time: Tue Apr 10 23:33:49 2018
elapsed time: 0 seconds (0d 0h 0m 0s)

