#
# A fatal error has been detected by the Java Runtime Environment:
#
#  EXCEPTION_ACCESS_VIOLATION (0xc0000005) at pc=0x0000000069ac1050, pid=508, tid=0x00000000000052a4
#
# JRE version: Java(TM) SE Runtime Environment (8.0_131-b11) (build 1.8.0_131-b11)
# Java VM: Java HotSpot(TM) 64-Bit Server VM (25.131-b11 mixed mode windows-amd64 compressed oops)
# Problematic frame:
# C  [nvoglv64.DLL+0x1031050]
#
# Failed to write core dump. Minidumps are not enabled by default on client versions of Windows
#
# If you would like to submit a bug report, please visit:
#   http://bugreport.java.com/bugreport/crash.jsp
# The crash happened outside the Java Virtual Machine in native code.
# See problematic frame for where to report the bug.
#

---------------  T H R E A D  ---------------

Current thread (0x0000000001476000):  JavaThread "main" [_thread_in_native, id=21156, stack(0x0000000001370000,0x0000000001470000)]

siginfo: ExceptionCode=0xc0000005, reading address 0x0000000000000000

Registers:
RAX=0x0000000000022006, RBX=0x0000000028ff0120, RCX=0x0000000028ff013c, RDX=0x0000000000000000
RSP=0x000000000146f0e8, RBP=0x0000000000000044, RSI=0x0000000000000006, RDI=0x0000000023f30080
R8 =0x0000000000000018, R9 =0x0000000000000018, R10=0x0000000000000000, R11=0x0000000028ff013c
R12=0x0000000000000004, R13=0x0000000000001405, R14=0x0000000000000000, R15=0x0000000001476000
RIP=0x0000000069ac1050, EFLAGS=0x0000000000010283

Top of Stack: (sp=0x000000000146f0e8)
0x000000000146f0e8:   00000000692d0c8c 0000000001470610
0x000000000146f0f8:   000000006ae1b756 000000000146f608
0x000000000146f108:   000000000123eb30 00000000000003d8
0x000000000146f118:   000000000123eb40 000000001e064cb8
0x000000000146f128:   0000000001476000 000000001e064cb8
0x000000000146f138:   0000000001476000 000000000541835d
0x000000000146f148:   0000000005427e06 000000000146f250
0x000000000146f158:   000000001e064cb8 0000000000000000
0x000000000146f168:   000000000541835d 0000000021a87b10
0x000000000146f178:   0000000005427f74 000000000146f210
0x000000000146f188:   0000000000000018 0000000001476000
0x000000000146f198:   000000001e064cb8 0000000000001405
0x000000000146f1a8:   0000000000000000 0000000021a87b10
0x000000000146f1b8:   0000000001476000 000000000146f2c8
0x000000000146f1c8:   0000000005427ca2 000000000146f1d0
0x000000000146f1d8:   000000001e064cb8 000000000146f250 

Instructions: (pc=0x0000000069ac1050)
0x0000000069ac1030:   83 ab 01 00 00 49 8b c3 4c 8b df 48 8b f9 49 8b
0x0000000069ac1040:   c8 4c 8b c6 49 8b f2 f3 a4 49 8b f0 49 8b fb c3
0x0000000069ac1050:   0f 10 02 41 0f 10 4c 10 f0 0f 11 01 41 0f 11 4c
0x0000000069ac1060:   08 f0 48 8b c1 c3 66 66 0f 1f 84 00 00 00 00 00 


Register to memory mapping:

RAX=0x0000000000022006 is an unknown value
RBX=0x0000000028ff0120 is an unknown value
RCX=0x0000000028ff013c is an unknown value
RDX=0x0000000000000000 is an unknown value
RSP=0x000000000146f0e8 is pointing into the stack for thread: 0x0000000001476000
RBP=0x0000000000000044 is an unknown value
RSI=0x0000000000000006 is an unknown value
RDI=0x0000000023f30080 is an unknown value
R8 =0x0000000000000018 is an unknown value
R9 =0x0000000000000018 is an unknown value
R10=0x0000000000000000 is an unknown value
R11=0x0000000028ff013c is an unknown value
R12=0x0000000000000004 is an unknown value
R13=0x0000000000001405 is an unknown value
R14=0x0000000000000000 is an unknown value
R15=0x0000000001476000 is a thread


Stack: [0x0000000001370000,0x0000000001470000],  sp=0x000000000146f0e8,  free space=1020k
Native frames: (J=compiled Java code, j=interpreted, Vv=VM code, C=native code)
C  [nvoglv64.DLL+0x1031050]
C  [nvoglv64.DLL+0x840c8c]
C  0x0000000005427f74

Java frames: (J=compiled Java code, j=interpreted, Vv=VM code)
j  org.lwjgl.opengl.GL11.nglDrawElements(IIIJ)V+0
j  org.lwjgl.opengl.GL11.glDrawElements(IIIJ)V+4
j  objects.GameObject.render()V+120
j  staindev.Game.loop()V+113
j  staindev.Game.main([Ljava/lang/String;)V+27
v  ~StubRoutines::call_stub

---------------  P R O C E S S  ---------------

Java Threads: ( => current thread )
  0x000000002237e800 JavaThread "Java2D Disposer" daemon [_thread_blocked, id=6512, stack(0x0000000028ef0000,0x0000000028ff0000)]
  0x0000000020492000 JavaThread "Service Thread" daemon [_thread_blocked, id=25548, stack(0x00000000210a0000,0x00000000211a0000)]
  0x00000000203ed800 JavaThread "C1 CompilerThread3" daemon [_thread_blocked, id=13244, stack(0x0000000020fa0000,0x00000000210a0000)]
  0x00000000203e9800 JavaThread "C2 CompilerThread2" daemon [_thread_blocked, id=6844, stack(0x0000000020ea0000,0x0000000020fa0000)]
  0x00000000203e3000 JavaThread "C2 CompilerThread1" daemon [_thread_in_native, id=6632, stack(0x0000000020da0000,0x0000000020ea0000)]
  0x00000000203df000 JavaThread "C2 CompilerThread0" daemon [_thread_blocked, id=13496, stack(0x0000000020ca0000,0x0000000020da0000)]
  0x00000000203de000 JavaThread "Attach Listener" daemon [_thread_blocked, id=18996, stack(0x0000000020ba0000,0x0000000020ca0000)]
  0x00000000203dd000 JavaThread "Signal Dispatcher" daemon [_thread_blocked, id=17056, stack(0x0000000020aa0000,0x0000000020ba0000)]
  0x00000000203d0800 JavaThread "Finalizer" daemon [_thread_blocked, id=14656, stack(0x00000000207b0000,0x00000000208b0000)]
  0x000000001e4ed800 JavaThread "Reference Handler" daemon [_thread_blocked, id=4164, stack(0x00000000202b0000,0x00000000203b0000)]
=>0x0000000001476000 JavaThread "main" [_thread_in_native, id=21156, stack(0x0000000001370000,0x0000000001470000)]

Other Threads:
  0x000000001e4e8800 VMThread [stack: 0x00000000201b0000,0x00000000202b0000] [id=2372]
  0x00000000204e8000 WatcherThread [stack: 0x00000000211a0000,0x00000000212a0000] [id=728]

VM state:not at safepoint (normal execution)

VM Mutex/Monitor currently owned by a thread: None

Heap:
 PSYoungGen      total 76288K, used 32235K [0x000000076af00000, 0x0000000770400000, 0x00000007c0000000)
  eden space 65536K, 49% used [0x000000076af00000,0x000000076ce7ac30,0x000000076ef00000)
  from space 10752K, 0% used [0x000000076f980000,0x000000076f980000,0x0000000770400000)
  to   space 10752K, 0% used [0x000000076ef00000,0x000000076ef00000,0x000000076f980000)
 ParOldGen       total 175104K, used 0K [0x00000006c0c00000, 0x00000006cb700000, 0x000000076af00000)
  object space 175104K, 0% used [0x00000006c0c00000,0x00000006c0c00000,0x00000006cb700000)
 Metaspace       used 11901K, capacity 12117K, committed 12416K, reserved 1060864K
  class space    used 991K, capacity 1069K, committed 1152K, reserved 1048576K

Card table byte_map: [0x0000000014410000,0x0000000014c10000] byte_map_base: 0x0000000010e0a000

Marking Bits: (ParMarkBitMap*) 0x000000006b57c720
 Begin Bits: [0x0000000015310000, 0x00000000192e0000)
 End Bits:   [0x00000000192e0000, 0x000000001d2b0000)

Polling page: 0x0000000001200000

CodeCache: size=245760Kb used=3359Kb max_used=3359Kb free=242401Kb
 bounds [0x0000000005410000, 0x0000000005760000, 0x0000000014410000]
 total_blobs=1711 nmethods=776 adapters=848
 compilation: enabled

Compilation events (10 events):
Event: 0.744 Thread 0x00000000203ed800  771       1       java.lang.reflect.Field::getName (5 bytes)
Event: 0.744 Thread 0x00000000203ed800 nmethod 771 0x0000000005754210 code [0x0000000005754360, 0x0000000005754470]
Event: 0.750 Thread 0x00000000203ed800  772       3       java.lang.StringBuffer::<init> (7 bytes)
Event: 0.750 Thread 0x00000000203ed800 nmethod 772 0x0000000005754990 code [0x0000000005754b00, 0x0000000005754db0]
Event: 0.756 Thread 0x00000000203ed800  773       3       java.util.zip.InflaterInputStream::<init> (79 bytes)
Event: 0.756 Thread 0x00000000203ed800 nmethod 773 0x00000000057552d0 code [0x0000000005755480, 0x0000000005755b78]
Event: 0.756 Thread 0x00000000203ed800  774   !   3       java.util.zip.ZipFile::getInflater (56 bytes)
Event: 0.756 Thread 0x00000000203ed800 nmethod 774 0x0000000005755e50 code [0x0000000005756040, 0x0000000005756c38]
Event: 0.759 Thread 0x00000000203ed800  775       3       java.lang.ref.SoftReference::<init> (13 bytes)
Event: 0.759 Thread 0x00000000203ed800 nmethod 775 0x0000000005757c90 code [0x0000000005757e00, 0x00000000057580f0]

GC Heap History (0 events):
No events

Deoptimization events (2 events):
Event: 0.073 Thread 0x0000000001476000 Uncommon trap: reason=unstable_if action=reinterpret pc=0x000000000551e948 method=java.lang.String.hashCode()I @ 14
Event: 0.170 Thread 0x0000000001476000 Uncommon trap: reason=unstable_if action=reinterpret pc=0x0000000005606048 method=java.lang.String.indexOf([CII[CIII)I @ 134

Internal exceptions (10 events):
Event: 0.140 Thread 0x0000000001476000 Exception <a 'java/lang/NoSuchMethodError': java.lang.Object.lambda$static$0(Ljava/lang/String;)Ljava/lang/Boolean;> (0x000000076b5461a8) thrown at [C:\re\workspace\8-2-build-windows-amd64-cygwin\jdk8u131\8869\hotspot\src\share\vm\interpreter\linkResolver
Event: 0.148 Thread 0x0000000001476000 Exception <a 'java/lang/NoSuchFieldError': method resolution failed> (0x000000076b5be020) thrown at [C:\re\workspace\8-2-build-windows-amd64-cygwin\jdk8u131\8869\hotspot\src\share\vm\prims\methodHandles.cpp, line 1146]
Event: 0.148 Thread 0x0000000001476000 Exception <a 'java/lang/NoSuchFieldError': method resolution failed> (0x000000076b5cb340) thrown at [C:\re\workspace\8-2-build-windows-amd64-cygwin\jdk8u131\8869\hotspot\src\share\vm\prims\methodHandles.cpp, line 1146]
Event: 0.159 Thread 0x0000000001476000 Exception <a 'java/security/PrivilegedActionException'> (0x000000076b65ba58) thrown at [C:\re\workspace\8-2-build-windows-amd64-cygwin\jdk8u131\8869\hotspot\src\share\vm\prims\jvm.cpp, line 1390]
Event: 0.159 Thread 0x0000000001476000 Exception <a 'java/security/PrivilegedActionException'> (0x000000076b65bc68) thrown at [C:\re\workspace\8-2-build-windows-amd64-cygwin\jdk8u131\8869\hotspot\src\share\vm\prims\jvm.cpp, line 1390]
Event: 0.160 Thread 0x0000000001476000 Exception <a 'java/security/PrivilegedActionException'> (0x000000076b65fb78) thrown at [C:\re\workspace\8-2-build-windows-amd64-cygwin\jdk8u131\8869\hotspot\src\share\vm\prims\jvm.cpp, line 1390]
Event: 0.160 Thread 0x0000000001476000 Exception <a 'java/security/PrivilegedActionException'> (0x000000076b65fd88) thrown at [C:\re\workspace\8-2-build-windows-amd64-cygwin\jdk8u131\8869\hotspot\src\share\vm\prims\jvm.cpp, line 1390]
Event: 0.518 Thread 0x0000000001476000 Exception <a 'sun/nio/fs/WindowsException'> (0x000000076bbd9b50) thrown at [C:\re\workspace\8-2-build-windows-amd64-cygwin\jdk8u131\8869\hotspot\src\share\vm\prims\jni.cpp, line 709]
Event: 0.519 Thread 0x0000000001476000 Exception <a 'sun/nio/fs/WindowsException'> (0x000000076bbda390) thrown at [C:\re\workspace\8-2-build-windows-amd64-cygwin\jdk8u131\8869\hotspot\src\share\vm\prims\jni.cpp, line 709]
Event: 0.708 Thread 0x0000000001476000 Exception <a 'java/io/FileNotFoundException'> (0x000000076c82bb60) thrown at [C:\re\workspace\8-2-build-windows-amd64-cygwin\jdk8u131\8869\hotspot\src\share\vm\prims\jni.cpp, line 709]

Events (10 events):
Event: 0.766 loading class org/joml/Vector2dc
Event: 0.766 loading class org/joml/Vector2dc done
Event: 0.766 loading class org/joml/Vector2i
Event: 0.766 loading class org/joml/Vector2i done
Event: 0.767 loading class org/joml/Vector2ic
Event: 0.767 loading class org/joml/Vector2ic done
Event: 0.767 loading class org/joml/Quaternionf
Event: 0.767 loading class org/joml/Quaternionf done
Event: 0.768 loading class org/joml/Quaternionfc
Event: 0.768 loading class org/joml/Quaternionfc done


Dynamic libraries:
0x00007ff7c2e40000 - 0x00007ff7c2e77000 	C:\Program Files\Java\jdk1.8.0_131\bin\javaw.exe
0x00007ffdb2e10000 - 0x00007ffdb2ff0000 	C:\WINDOWS\SYSTEM32\ntdll.dll
0x00007ffdb0a40000 - 0x00007ffdb0aee000 	C:\WINDOWS\System32\KERNEL32.DLL
0x00007ffdaf960000 - 0x00007ffdafbc6000 	C:\WINDOWS\System32\KERNELBASE.dll
0x00007ffdb1730000 - 0x00007ffdb17d1000 	C:\WINDOWS\System32\ADVAPI32.dll
0x00007ffdb0900000 - 0x00007ffdb099d000 	C:\WINDOWS\System32\msvcrt.dll
0x00007ffdb1520000 - 0x00007ffdb157b000 	C:\WINDOWS\System32\sechost.dll
0x00007ffdb0ba0000 - 0x00007ffdb0cbf000 	C:\WINDOWS\System32\RPCRT4.dll
0x00007ffdb1810000 - 0x00007ffdb199f000 	C:\WINDOWS\System32\USER32.dll
0x00007ffdafef0000 - 0x00007ffdaff10000 	C:\WINDOWS\System32\win32u.dll
0x00007ffdb1370000 - 0x00007ffdb1398000 	C:\WINDOWS\System32\GDI32.dll
0x00007ffdaff10000 - 0x00007ffdb00a3000 	C:\WINDOWS\System32\gdi32full.dll
0x00007ffdafe50000 - 0x00007ffdafeeb000 	C:\WINDOWS\System32\msvcp_win.dll
0x00007ffdafd50000 - 0x00007ffdafe46000 	C:\WINDOWS\System32\ucrtbase.dll
0x00007ffda4bb0000 - 0x00007ffda4e19000 	C:\WINDOWS\WinSxS\amd64_microsoft.windows.common-controls_6595b64144ccf1df_6.0.16299.309_none_15cfd4c4935e6b11\COMCTL32.dll
0x00007ffdb0e70000 - 0x00007ffdb1178000 	C:\WINDOWS\System32\combase.dll
0x00007ffdafcd0000 - 0x00007ffdafd42000 	C:\WINDOWS\System32\bcryptPrimitives.dll
0x00007ffdb17e0000 - 0x00007ffdb180d000 	C:\WINDOWS\System32\IMM32.DLL
0x000000006bc90000 - 0x000000006bd62000 	C:\Program Files\Java\jdk1.8.0_131\jre\bin\msvcr100.dll
0x000000006ad60000 - 0x000000006b5fc000 	C:\Program Files\Java\jdk1.8.0_131\jre\bin\server\jvm.dll
0x00007ffdb1580000 - 0x00007ffdb1588000 	C:\WINDOWS\System32\PSAPI.DLL
0x00007ffda18b0000 - 0x00007ffda18b9000 	C:\WINDOWS\SYSTEM32\WSOCK32.dll
0x00007ffdad0e0000 - 0x00007ffdad103000 	C:\WINDOWS\SYSTEM32\WINMM.dll
0x00007ffdaa4c0000 - 0x00007ffdaa4ca000 	C:\WINDOWS\SYSTEM32\VERSION.dll
0x00007ffdb1590000 - 0x00007ffdb15fc000 	C:\WINDOWS\System32\WS2_32.dll
0x00007ffdacfa0000 - 0x00007ffdacfca000 	C:\WINDOWS\SYSTEM32\winmmbase.dll
0x00007ffdafbd0000 - 0x00007ffdafc1a000 	C:\WINDOWS\System32\cfgmgr32.dll
0x000000006bc60000 - 0x000000006bc6f000 	C:\Program Files\Java\jdk1.8.0_131\jre\bin\verify.dll
0x000000006bc30000 - 0x000000006bc59000 	C:\Program Files\Java\jdk1.8.0_131\jre\bin\java.dll
0x000000006bc10000 - 0x000000006bc26000 	C:\Program Files\Java\jdk1.8.0_131\jre\bin\zip.dll
0x00007ffdb19a0000 - 0x00007ffdb2dd6000 	C:\WINDOWS\System32\SHELL32.dll
0x00007ffdb0af0000 - 0x00007ffdb0b96000 	C:\WINDOWS\System32\shcore.dll
0x00007ffdaf210000 - 0x00007ffdaf957000 	C:\WINDOWS\System32\windows.storage.dll
0x00007ffdb16d0000 - 0x00007ffdb1721000 	C:\WINDOWS\System32\shlwapi.dll
0x00007ffdaf1f0000 - 0x00007ffdaf201000 	C:\WINDOWS\System32\kernel.appcore.dll
0x00007ffdaf1a0000 - 0x00007ffdaf1ec000 	C:\WINDOWS\System32\powrprof.dll
0x00007ffdaf160000 - 0x00007ffdaf17b000 	C:\WINDOWS\System32\profapi.dll
0x000000006bbf0000 - 0x000000006bc0a000 	C:\Program Files\Java\jdk1.8.0_131\jre\bin\net.dll
0x00007ffdae9f0000 - 0x00007ffdaea56000 	C:\WINDOWS\system32\mswsock.dll
0x000000006bbd0000 - 0x000000006bbe1000 	C:\Program Files\Java\jdk1.8.0_131\jre\bin\nio.dll
0x00007ffda9050000 - 0x00007ffda90ab000 	C:\Users\Nick Stames\AppData\Local\Temp\lwjglNick Stames\3.1.6-build-14\lwjgl.dll
0x00007ffda8ff0000 - 0x00007ffda9041000 	C:\Users\NICKST~1\AppData\Local\Temp\lwjglNick Stames\3.1.6-build-14\glfw.dll
0x00007ffdad500000 - 0x00007ffdad595000 	C:\WINDOWS\system32\uxtheme.dll
0x00007ffda8e80000 - 0x00007ffda8ec3000 	C:\WINDOWS\SYSTEM32\dinput8.dll
0x00007ffda97b0000 - 0x00007ffda97c0000 	C:\WINDOWS\SYSTEM32\xinput1_4.dll
0x00007ffdaef70000 - 0x00007ffdaef97000 	C:\WINDOWS\SYSTEM32\DEVOBJ.dll
0x00007ffda8750000 - 0x00007ffda877e000 	C:\WINDOWS\SYSTEM32\inputhost.dll
0x00007ffdaca70000 - 0x00007ffdacb4c000 	C:\WINDOWS\SYSTEM32\CoreMessaging.dll
0x00007ffda9df0000 - 0x00007ffdaa0de000 	C:\WINDOWS\SYSTEM32\CoreUIComponents.dll
0x00007ffdae290000 - 0x00007ffdae2c1000 	C:\WINDOWS\SYSTEM32\ntmarta.dll
0x00007ffdaaba0000 - 0x00007ffdaacd6000 	C:\WINDOWS\SYSTEM32\wintypes.dll
0x00007ffdad6c0000 - 0x00007ffdad6ea000 	C:\WINDOWS\SYSTEM32\dwmapi.dll
0x00007ffdb13b0000 - 0x00007ffdb1517000 	C:\WINDOWS\System32\MSCTF.dll
0x00007ffdb1600000 - 0x00007ffdb16c5000 	C:\WINDOWS\System32\OLEAUT32.dll
0x00007ffdadf30000 - 0x00007ffdadf3c000 	C:\WINDOWS\SYSTEM32\HID.DLL
0x00007ffdb02e0000 - 0x00007ffdb072e000 	C:\WINDOWS\System32\SETUPAPI.DLL
0x00007ffdb00b0000 - 0x00007ffdb0108000 	C:\WINDOWS\System32\WINTRUST.dll
0x00007ffdaf180000 - 0x00007ffdaf192000 	C:\WINDOWS\System32\MSASN1.dll
0x00007ffdb0110000 - 0x00007ffdb02de000 	C:\WINDOWS\System32\CRYPT32.dll
0x00007ffd8f1b0000 - 0x00007ffd8f2ce000 	C:\WINDOWS\SYSTEM32\opengl32.dll
0x00007ffda93f0000 - 0x00007ffda941c000 	C:\WINDOWS\SYSTEM32\GLU32.dll
0x0000000068a90000 - 0x000000006ad58000 	C:\WINDOWS\SYSTEM32\nvoglv64.DLL
0x00007ffdb07b0000 - 0x00007ffdb08f9000 	C:\WINDOWS\System32\ole32.dll
0x00007ffdaba80000 - 0x00007ffdaba93000 	C:\WINDOWS\SYSTEM32\WTSAPI32.dll
0x00007ffd95920000 - 0x00007ffd95b74000 	C:\WINDOWS\system32\nvspcap64.dll
0x00007ffdae300000 - 0x00007ffdae355000 	C:\WINDOWS\SYSTEM32\WINSTA.dll
0x00007ffd98e80000 - 0x00007ffd98f18000 	C:\WINDOWS\System32\TextInputFramework.dll
0x00007ffda8a40000 - 0x00007ffda8a9f000 	C:\Users\Nick Stames\AppData\Local\Temp\lwjglNick Stames\3.1.6-build-14\lwjgl_opengl.dll
0x000000006b860000 - 0x000000006b9f8000 	C:\Program Files\Java\jdk1.8.0_131\jre\bin\awt.dll
0x00007ffdad200000 - 0x00007ffdad288000 	C:\WINDOWS\SYSTEM32\apphelp.dll
0x00007ffd9f610000 - 0x00007ffd9f7d8000 	C:\WINDOWS\SYSTEM32\dbghelp.dll

VM Arguments:
jvm_args: -Dfile.encoding=UTF-8 
java_command: staindev.Game
java_class_path (initial): C:\Program Files\Java\jdk1.8.0_131\jre\lib\resources.jar;C:\Program Files\Java\jdk1.8.0_131\jre\lib\rt.jar;C:\Program Files\Java\jdk1.8.0_131\jre\lib\jsse.jar;C:\Program Files\Java\jdk1.8.0_131\jre\lib\jce.jar;C:\Program Files\Java\jdk1.8.0_131\jre\lib\charsets.jar;C:\Program Files\Java\jdk1.8.0_131\jre\lib\jfr.jar;C:\Program Files\Java\jdk1.8.0_131\jre\lib\ext\access-bridge-64.jar;C:\Program Files\Java\jdk1.8.0_131\jre\lib\ext\cldrdata.jar;C:\Program Files\Java\jdk1.8.0_131\jre\lib\ext\dnsns.jar;C:\Program Files\Java\jdk1.8.0_131\jre\lib\ext\jaccess.jar;C:\Program Files\Java\jdk1.8.0_131\jre\lib\ext\jfxrt.jar;C:\Program Files\Java\jdk1.8.0_131\jre\lib\ext\localedata.jar;C:\Program Files\Java\jdk1.8.0_131\jre\lib\ext\nashorn.jar;C:\Program Files\Java\jdk1.8.0_131\jre\lib\ext\sunec.jar;C:\Program Files\Java\jdk1.8.0_131\jre\lib\ext\sunjce_provider.jar;C:\Program Files\Java\jdk1.8.0_131\jre\lib\ext\sunmscapi.jar;C:\Program Files\Java\jdk1.8.0_131\jre\lib\ext\sunpkcs11.jar;C:\Program Files\Java\jdk1.8.0_131\jre\lib\ext\zipfs.jar;C:\Users\Nick Stames\git\staindev\Stains\bin;C:\Users\Nick Stames\git\staindev\Stains\lib\lwjgl-assimp-javadoc.jar;C:\Users\Nick Stames\git\staindev\Stains\lib\lwjgl-assimp-natives-windows.jar;C:\Users\Nick Stames\git\staindev\Stains\lib\lwjgl-assimp-sources.jar;C:\Users\Nick Stames\git\staindev\Stains\lib\lwjgl-assimp.jar;C:\Users\Nick Stames\git\staindev\Stains\lib\lwjgl-bgfx-javadoc.jar;C:\Users\Nick Stames\git\staindev\Stains\lib\lwjgl-bgfx-natives-windows.jar;C:\Users\Nick Stames\git\staindev\Stains\lib\lwjgl-bgfx-sources.jar;C:\Users\Nick Stames\git\staindev\Stains\lib\lwjgl-bgfx.jar;C:\Users\Nick Stames\git\staindev\Stains\lib\lwjgl-egl-javadoc.jar;C:\Users\Nick Stames\git\staindev\Stains\lib\lwjgl-egl-sources.jar;C:\Users\Nick Stames\git\staindev\Stains\lib\lwjgl-egl.jar;C:\Users\Nick Stames\git\staindev\Stains\lib\lwjgl-glfw-javadoc.jar;C:\Users\Nick Stames\git\staindev\Stains\lib\lwjgl-glfw-natives-windows
Launcher Type: SUN_STANDARD

Environment Variables:
JAVA_HOME=C:\Program Files\Java\jdk1.8.0_91
USERNAME=Nick Stames
OS=Windows_NT
PROCESSOR_IDENTIFIER=Intel64 Family 6 Model 94 Stepping 3, GenuineIntel



---------------  S Y S T E M  ---------------

OS: Windows 10.0 , 64 bit Build 16299 (10.0.16299.15)

CPU:total 8 (initial active 8) (4 cores per cpu, 2 threads per core) family 6 model 94 stepping 3, cmov, cx8, fxsr, mmx, sse, sse2, sse3, ssse3, sse4.1, sse4.2, popcnt, avx, avx2, aes, clmul, erms, rtm, 3dnowpref, lzcnt, ht, tsc, tscinvbit, bmi1, bmi2, adx

Memory: 4k page, physical 16725676k(10184932k free), swap 19216044k(8740392k free)

vm_info: Java HotSpot(TM) 64-Bit Server VM (25.131-b11) for windows-amd64 JRE (1.8.0_131-b11), built on Mar 15 2017 01:23:53 by "java_re" with MS VC++ 10.0 (VS2010)

time: Tue Apr 10 23:37:20 2018
elapsed time: 0 seconds (0d 0h 0m 0s)

