#
# A fatal error has been detected by the Java Runtime Environment:
#
#  EXCEPTION_ACCESS_VIOLATION (0xc0000005) at pc=0x00007ff85706f547, pid=8292, tid=0x00000000000050d8
#
# JRE version: Java(TM) SE Runtime Environment (8.0_151-b12) (build 1.8.0_151-b12)
# Java VM: Java HotSpot(TM) 64-Bit Server VM (25.151-b12 mixed mode windows-amd64 compressed oops)
# Problematic frame:
# C  [lwjgl_opengl.dll+0xf547]
#
# Failed to write core dump. Minidumps are not enabled by default on client versions of Windows
#
# If you would like to submit a bug report, please visit:
#   http://bugreport.java.com/bugreport/crash.jsp
# The crash happened outside the Java Virtual Machine in native code.
# See problematic frame for where to report the bug.
#

---------------  T H R E A D  ---------------

Current thread (0x0000000001906000):  JavaThread "main" [_thread_in_native, id=20696, stack(0x0000000001800000,0x0000000001900000)]

siginfo: ExceptionCode=0xc0000005, reading address 0x0000000000001130

Registers:
RAX=0x0000000070d61d50, RBX=0x000000001e3370e0, RCX=0x0000000000000000, RDX=0x00000000018ff4a8
RSP=0x00000000018ff428, RBP=0x00000000018ff498, RSI=0x000000001e171148, RDI=0x0000000000000158
R8 =0x0000000000000004, R9 =0x00000000016f81c0, R10=0x0000000005427f48, R11=0x00000000707eb4d0
R12=0x0000000000000000, R13=0x000000001e3370d8, R14=0x00000000018ff4b0, R15=0x0000000001906000
RIP=0x00007ff85706f547, EFLAGS=0x0000000000010202

Top of Stack: (sp=0x00000000018ff428)
0x00000000018ff428:   0000000005427f74 0000000001906000
0x00000000018ff438:   000000001e3370e0 000000001e171148
0x00000000018ff448:   0000000001906000 0000000005427ca2
0x00000000018ff458:   00000000018ff458 000000001e3370d8
0x00000000018ff468:   00000000018ff4b0 000000001e364028
0x00000000018ff478:   0000000000000000 000000001e3370e0
0x00000000018ff488:   0000000000000000 00000000018ff4b8
0x00000000018ff498:   00000000018ff4f8 0000000005417da0
0x00000000018ff4a8:   000000076b54def8 00000000054219d6
0x00000000018ff4b8:   00000000018ff4b8 000000001e321ee0
0x00000000018ff4c8:   00000000018ff508 000000001e3223c8
0x00000000018ff4d8:   0000000000000000 000000001e321f00
0x00000000018ff4e8:   00000000018ff4b8 00000000018ff508
0x00000000018ff4f8:   00000000018ff550 00000000054183a2
0x00000000018ff508:   000000076b4f1a78 00000000018ff510
0x00000000018ff518:   000000001e315e8d 00000000018ff5a8 

Instructions: (pc=0x00007ff85706f547)
0x00007ff85706f527:   8b c8 4c 8b 50 18 49 ff a2 28 11 00 00 cc cc cc
0x00007ff85706f537:   cc cc cc cc cc cc cc cc cc 48 8b 01 48 8b 48 18
0x00007ff85706f547:   48 8b 81 30 11 00 00 48 ff e0 cc cc cc cc cc cc
0x00007ff85706f557:   cc cc cc cc cc cc cc cc cc 48 8b 01 45 8b d8 4c 


Register to memory mapping:

RAX=0x0000000070d61d50 is an unknown value
RBX={method} {0x000000001e3370e8} 'glGetError' '()I' in 'org/lwjgl/opengl/GL11'
RCX=0x0000000000000000 is an unknown value
RDX=0x00000000018ff4a8 is pointing into the stack for thread: 0x0000000001906000
RSP=0x00000000018ff428 is pointing into the stack for thread: 0x0000000001906000
RBP=0x00000000018ff498 is pointing into the stack for thread: 0x0000000001906000
RSI=0x000000001e171148 is pointing into metadata
RDI=0x0000000000000158 is an unknown value
R8 =0x0000000000000004 is an unknown value
R9 =0x00000000016f81c0 is an unknown value
R10=0x0000000005427f48 is at code_begin+840 in an Interpreter codelet
method entry point (kind = native)  [0x0000000005427c00, 0x0000000005428560]  2400 bytes
R11=0x00000000707eb4d0 is an unknown value
R12=0x0000000000000000 is an unknown value
R13=0x000000001e3370d8 is pointing into metadata
R14=0x00000000018ff4b0 is pointing into the stack for thread: 0x0000000001906000
R15=0x0000000001906000 is a thread


Stack: [0x0000000001800000,0x0000000001900000],  sp=0x00000000018ff428,  free space=1021k
Native frames: (J=compiled Java code, j=interpreted, Vv=VM code, C=native code)
C  [lwjgl_opengl.dll+0xf547]

Java frames: (J=compiled Java code, j=interpreted, Vv=VM code)
j  org.lwjgl.opengl.GL11.glGetError()I+0
j  org.newdawn.slick.opengl.renderer.ImmediateModeOGLRenderer.glGetError()V+0
j  org.newdawn.slick.opengl.InternalTextureLoader.getTexture(Ljava/io/InputStream;Ljava/lang/String;ZI[I)Lorg/newdawn/slick/opengl/TextureImpl;+205
j  org.newdawn.slick.opengl.InternalTextureLoader.getTexture(Ljava/io/InputStream;Ljava/lang/String;ZI)Lorg/newdawn/slick/opengl/Texture;+7
j  org.newdawn.slick.opengl.TextureLoader.getTexture(Ljava/lang/String;Ljava/io/InputStream;ZI)Lorg/newdawn/slick/opengl/Texture;+32
j  org.newdawn.slick.opengl.TextureLoader.getTexture(Ljava/lang/String;Ljava/io/InputStream;)Lorg/newdawn/slick/opengl/Texture;+6
j  staindev.Main.loadTexture(Ljava/lang/String;Ljava/lang/String;)V+26
j  staindev.Main.loadTextures()V+5
j  staindev.Main.init()V+9
j  staindev.Main.run()V+1
j  staindev.Main.main([Ljava/lang/String;)V+7
v  ~StubRoutines::call_stub

---------------  P R O C E S S  ---------------

Java Threads: ( => current thread )
  0x00000000208d9800 JavaThread "Service Thread" daemon [_thread_blocked, id=7712, stack(0x0000000021500000,0x0000000021600000)]
  0x000000002084a000 JavaThread "C1 CompilerThread3" daemon [_thread_blocked, id=24856, stack(0x0000000021400000,0x0000000021500000)]
  0x0000000020846000 JavaThread "C2 CompilerThread2" daemon [_thread_blocked, id=17484, stack(0x0000000021300000,0x0000000021400000)]
  0x0000000020844000 JavaThread "C2 CompilerThread1" daemon [_thread_blocked, id=22764, stack(0x0000000021200000,0x0000000021300000)]
  0x000000002083f800 JavaThread "C2 CompilerThread0" daemon [_thread_blocked, id=17960, stack(0x0000000021100000,0x0000000021200000)]
  0x000000002083e000 JavaThread "Attach Listener" daemon [_thread_blocked, id=25260, stack(0x0000000021000000,0x0000000021100000)]
  0x000000002083d000 JavaThread "Signal Dispatcher" daemon [_thread_blocked, id=6084, stack(0x0000000020f00000,0x0000000021000000)]
  0x0000000020830800 JavaThread "Finalizer" daemon [_thread_blocked, id=15728, stack(0x0000000020c10000,0x0000000020d10000)]
  0x00000000019fd000 JavaThread "Reference Handler" daemon [_thread_blocked, id=16784, stack(0x0000000020710000,0x0000000020810000)]
=>0x0000000001906000 JavaThread "main" [_thread_in_native, id=20696, stack(0x0000000001800000,0x0000000001900000)]

Other Threads:
  0x000000001e8f9800 VMThread [stack: 0x0000000020610000,0x0000000020710000] [id=10392]
  0x000000002093e800 WatcherThread [stack: 0x0000000021600000,0x0000000021700000] [id=15724]

VM state:not at safepoint (normal execution)

VM Mutex/Monitor currently owned by a thread: None

Heap:
 PSYoungGen      total 76288K, used 13131K [0x000000076af00000, 0x0000000770400000, 0x00000007c0000000)
  eden space 65536K, 20% used [0x000000076af00000,0x000000076bbd2d90,0x000000076ef00000)
  from space 10752K, 0% used [0x000000076f980000,0x000000076f980000,0x0000000770400000)
  to   space 10752K, 0% used [0x000000076ef00000,0x000000076ef00000,0x000000076f980000)
 ParOldGen       total 175104K, used 0K [0x00000006c0c00000, 0x00000006cb700000, 0x000000076af00000)
  object space 175104K, 0% used [0x00000006c0c00000,0x00000006c0c00000,0x00000006cb700000)
 Metaspace       used 5638K, capacity 5842K, committed 6144K, reserved 1056768K
  class space    used 619K, capacity 703K, committed 768K, reserved 1048576K

Card table byte_map: [0x0000000014410000,0x0000000014c10000] byte_map_base: 0x0000000010e0a000

Marking Bits: (ParMarkBitMap*) 0x0000000070ddd850
 Begin Bits: [0x0000000015770000, 0x0000000019740000)
 End Bits:   [0x0000000019740000, 0x000000001d710000)

Polling page: 0x0000000000d30000

CodeCache: size=245760Kb used=2474Kb max_used=2480Kb free=243285Kb
 bounds [0x0000000005410000, 0x0000000005680000, 0x0000000014410000]
 total_blobs=884 nmethods=538 adapters=259
 compilation: enabled

Compilation events (10 events):
Event: 0.222 Thread 0x000000002084a000 nmethod 534 0x000000000566f950 code [0x000000000566fac0, 0x000000000566fd70]
Event: 0.223 Thread 0x0000000020846000 nmethod 533 0x000000000566f590 code [0x000000000566f6e0, 0x000000000566f7f8]
Event: 0.224 Thread 0x000000002084a000  536       3       java.io.File::exists (43 bytes)
Event: 0.224 Thread 0x000000002084a000 nmethod 536 0x000000000566ee50 code [0x000000000566efe0, 0x000000000566f468]
Event: 0.224 Thread 0x000000002084a000  535       1       java.net.URLClassLoader::access$000 (5 bytes)
Event: 0.224 Thread 0x000000002084a000 nmethod 535 0x000000000566eb90 code [0x000000000566ece0, 0x000000000566edd0]
Event: 0.226 Thread 0x000000002084a000  537       3       sun.misc.URLClassPath::getResource (83 bytes)
Event: 0.226 Thread 0x000000002084a000 nmethod 537 0x000000000567dd90 code [0x000000000567df20, 0x000000000567e2e8]
Event: 0.226 Thread 0x000000002084a000  538       3       java.lang.ref.SoftReference::get (29 bytes)
Event: 0.226 Thread 0x000000002084a000 nmethod 538 0x000000000566e7d0 code [0x000000000566e920, 0x000000000566eb10]

GC Heap History (0 events):
No events

Deoptimization events (1 events):
Event: 0.070 Thread 0x0000000001906000 Uncommon trap: reason=unstable_if action=reinterpret pc=0x0000000005522488 method=java.lang.String.hashCode()I @ 14

Internal exceptions (10 events):
Event: 0.022 Thread 0x0000000001906000 Exception <a 'java/lang/NoSuchMethodError': Method sun.misc.Unsafe.prefetchRead(Ljava/lang/Object;J)V name or signature does not match> (0x000000076af07f90) thrown at [C:\re\workspace\8-2-build-windows-amd64-cygwin\jdk8u151\9699\hotspot\src\share\vm\prims
Event: 0.114 Thread 0x0000000001906000 Exception <a 'java/security/PrivilegedActionException'> (0x000000076b42ddd0) thrown at [C:\re\workspace\8-2-build-windows-amd64-cygwin\jdk8u151\9699\hotspot\src\share\vm\prims\jvm.cpp, line 1390]
Event: 0.114 Thread 0x0000000001906000 Exception <a 'java/security/PrivilegedActionException'> (0x000000076b42dfe0) thrown at [C:\re\workspace\8-2-build-windows-amd64-cygwin\jdk8u151\9699\hotspot\src\share\vm\prims\jvm.cpp, line 1390]
Event: 0.114 Thread 0x0000000001906000 Exception <a 'java/security/PrivilegedActionException'> (0x000000076b431c50) thrown at [C:\re\workspace\8-2-build-windows-amd64-cygwin\jdk8u151\9699\hotspot\src\share\vm\prims\jvm.cpp, line 1390]
Event: 0.114 Thread 0x0000000001906000 Exception <a 'java/security/PrivilegedActionException'> (0x000000076b431e60) thrown at [C:\re\workspace\8-2-build-windows-amd64-cygwin\jdk8u151\9699\hotspot\src\share\vm\prims\jvm.cpp, line 1390]
Event: 0.161 Thread 0x0000000001906000 Exception <a 'java/lang/NoSuchFieldError': method resolution failed> (0x000000076b6e0630) thrown at [C:\re\workspace\8-2-build-windows-amd64-cygwin\jdk8u151\9699\hotspot\src\share\vm\prims\methodHandles.cpp, line 1146]
Event: 0.162 Thread 0x0000000001906000 Exception <a 'java/lang/NoSuchFieldError': method resolution failed> (0x000000076b6edda0) thrown at [C:\re\workspace\8-2-build-windows-amd64-cygwin\jdk8u151\9699\hotspot\src\share\vm\prims\methodHandles.cpp, line 1146]
Event: 0.185 Thread 0x0000000001906000 Exception <a 'java/lang/NoSuchMethodError': java.lang.Object.lambda$static$0(Ljava/lang/String;)Ljava/lang/Boolean;> (0x000000076b86b800) thrown at [C:\re\workspace\8-2-build-windows-amd64-cygwin\jdk8u151\9699\hotspot\src\share\vm\interpreter\linkResolver
Event: 0.214 Thread 0x0000000001906000 Exception <a 'sun/nio/fs/WindowsException'> (0x000000076b9996c8) thrown at [C:\re\workspace\8-2-build-windows-amd64-cygwin\jdk8u151\9699\hotspot\src\share\vm\prims\jni.cpp, line 709]
Event: 0.215 Thread 0x0000000001906000 Exception <a 'sun/nio/fs/WindowsException'> (0x000000076b999f08) thrown at [C:\re\workspace\8-2-build-windows-amd64-cygwin\jdk8u151\9699\hotspot\src\share\vm\prims\jni.cpp, line 709]

Events (10 events):
Event: 0.223 loading class org/lwjgl/system/jni/JNINativeInterface
Event: 0.223 loading class org/lwjgl/system/jni/JNINativeInterface done
Event: 0.224 loading class org/lwjgl/system/windows/WinBase
Event: 0.224 loading class org/lwjgl/system/windows/WinBase done
Event: 0.225 loading class org/lwjgl/opengl/GL$1
Event: 0.225 loading class org/lwjgl/opengl/GL$1 done
Event: 0.225 loading class org/lwjgl/opengl/GL$SharedLibraryGL
Event: 0.225 loading class org/lwjgl/opengl/GL$SharedLibraryGL done
Event: 0.226 loading class org/lwjgl/system/SharedLibrary$Delegate
Event: 0.226 loading class org/lwjgl/system/SharedLibrary$Delegate done


Dynamic libraries:
0x00007ff75e2f0000 - 0x00007ff75e327000 	C:\Program Files\Java\jre1.8.0_151\bin\javaw.exe
0x00007ff874680000 - 0x00007ff874860000 	C:\WINDOWS\SYSTEM32\ntdll.dll
0x00007ff871b50000 - 0x00007ff871bfe000 	C:\WINDOWS\System32\KERNEL32.DLL
0x00007ff870a80000 - 0x00007ff870ce6000 	C:\WINDOWS\System32\KERNELBASE.dll
0x00007ff871ed0000 - 0x00007ff871f71000 	C:\WINDOWS\System32\ADVAPI32.dll
0x00007ff871c00000 - 0x00007ff871c9d000 	C:\WINDOWS\System32\msvcrt.dll
0x00007ff8742b0000 - 0x00007ff87430b000 	C:\WINDOWS\System32\sechost.dll
0x00007ff871ca0000 - 0x00007ff871dbf000 	C:\WINDOWS\System32\RPCRT4.dll
0x00007ff874310000 - 0x00007ff87449f000 	C:\WINDOWS\System32\USER32.dll
0x00007ff870d90000 - 0x00007ff870db0000 	C:\WINDOWS\System32\win32u.dll
0x00007ff871f80000 - 0x00007ff871fa8000 	C:\WINDOWS\System32\GDI32.dll
0x00007ff871960000 - 0x00007ff871af3000 	C:\WINDOWS\System32\gdi32full.dll
0x00007ff870cf0000 - 0x00007ff870d8b000 	C:\WINDOWS\System32\msvcp_win.dll
0x00007ff871800000 - 0x00007ff8718f6000 	C:\WINDOWS\System32\ucrtbase.dll
0x00007ff8622d0000 - 0x00007ff862539000 	C:\WINDOWS\WinSxS\amd64_microsoft.windows.common-controls_6595b64144ccf1df_6.0.16299.309_none_15cfd4c4935e6b11\COMCTL32.dll
0x00007ff8723a0000 - 0x00007ff8726a8000 	C:\WINDOWS\System32\combase.dll
0x00007ff870e60000 - 0x00007ff870ed2000 	C:\WINDOWS\System32\bcryptPrimitives.dll
0x00007ff872370000 - 0x00007ff87239d000 	C:\WINDOWS\System32\IMM32.DLL
0x0000000070390000 - 0x0000000070462000 	C:\Program Files\Java\jre1.8.0_151\bin\msvcr100.dll
0x00000000705c0000 - 0x0000000070e5d000 	C:\Program Files\Java\jre1.8.0_151\bin\server\jvm.dll
0x00007ff872360000 - 0x00007ff872368000 	C:\WINDOWS\System32\PSAPI.DLL
0x00007ff866ee0000 - 0x00007ff866ee9000 	C:\WINDOWS\SYSTEM32\WSOCK32.dll
0x00007ff86ce70000 - 0x00007ff86ce7a000 	C:\WINDOWS\SYSTEM32\VERSION.dll
0x00007ff8726b0000 - 0x00007ff87271c000 	C:\WINDOWS\System32\WS2_32.dll
0x00007ff8653c0000 - 0x00007ff8653e3000 	C:\WINDOWS\SYSTEM32\WINMM.dll
0x00007ff8652e0000 - 0x00007ff86530a000 	C:\WINDOWS\SYSTEM32\WINMMBASE.dll
0x00007ff871b00000 - 0x00007ff871b4a000 	C:\WINDOWS\System32\cfgmgr32.dll
0x00000000713a0000 - 0x00000000713af000 	C:\Program Files\Java\jre1.8.0_151\bin\verify.dll
0x0000000070590000 - 0x00000000705b9000 	C:\Program Files\Java\jre1.8.0_151\bin\java.dll
0x0000000070570000 - 0x0000000070586000 	C:\Program Files\Java\jre1.8.0_151\bin\zip.dll
0x00007ff872720000 - 0x00007ff873b56000 	C:\WINDOWS\System32\SHELL32.dll
0x00007ff873b60000 - 0x00007ff873c06000 	C:\WINDOWS\System32\shcore.dll
0x00007ff870ee0000 - 0x00007ff871627000 	C:\WINDOWS\System32\windows.storage.dll
0x00007ff873cf0000 - 0x00007ff873d41000 	C:\WINDOWS\System32\shlwapi.dll
0x00007ff870a20000 - 0x00007ff870a31000 	C:\WINDOWS\System32\kernel.appcore.dll
0x00007ff8709d0000 - 0x00007ff870a1c000 	C:\WINDOWS\System32\powrprof.dll
0x00007ff870a40000 - 0x00007ff870a5b000 	C:\WINDOWS\System32\profapi.dll
0x0000000070550000 - 0x000000007056a000 	C:\Program Files\Java\jre1.8.0_151\bin\net.dll
0x00007ff870260000 - 0x00007ff8702c6000 	C:\WINDOWS\system32\mswsock.dll
0x0000000070530000 - 0x0000000070541000 	C:\Program Files\Java\jre1.8.0_151\bin\nio.dll
0x00007ff86aec0000 - 0x00007ff86af1b000 	C:\Users\Nick Stames\AppData\Local\Temp\lwjglNick Stames\3.1.6-build-14\lwjgl.dll
0x00007ff857060000 - 0x00007ff8570bf000 	C:\Users\Nick Stames\AppData\Local\Temp\lwjglNick Stames\3.1.6-build-14\lwjgl_opengl.dll
0x00007ff842ca0000 - 0x00007ff842dbe000 	C:\WINDOWS\SYSTEM32\opengl32.dll
0x00007ff86ae20000 - 0x00007ff86ae4c000 	C:\WINDOWS\SYSTEM32\GLU32.dll
0x00007ff86c1e0000 - 0x00007ff86c3a8000 	C:\WINDOWS\SYSTEM32\dbghelp.dll

VM Arguments:
jvm_args: -Dfile.encoding=UTF-8 
java_command: staindev.Main
java_class_path (initial): C:\Program Files\Java\jre1.8.0_151\lib\resources.jar;C:\Program Files\Java\jre1.8.0_151\lib\rt.jar;C:\Program Files\Java\jre1.8.0_151\lib\jsse.jar;C:\Program Files\Java\jre1.8.0_151\lib\jce.jar;C:\Program Files\Java\jre1.8.0_151\lib\charsets.jar;C:\Program Files\Java\jre1.8.0_151\lib\jfr.jar;C:\Program Files\Java\jre1.8.0_151\lib\ext\access-bridge-64.jar;C:\Program Files\Java\jre1.8.0_151\lib\ext\cldrdata.jar;C:\Program Files\Java\jre1.8.0_151\lib\ext\dnsns.jar;C:\Program Files\Java\jre1.8.0_151\lib\ext\jaccess.jar;C:\Program Files\Java\jre1.8.0_151\lib\ext\jfxrt.jar;C:\Program Files\Java\jre1.8.0_151\lib\ext\localedata.jar;C:\Program Files\Java\jre1.8.0_151\lib\ext\nashorn.jar;C:\Program Files\Java\jre1.8.0_151\lib\ext\sunec.jar;C:\Program Files\Java\jre1.8.0_151\lib\ext\sunjce_provider.jar;C:\Program Files\Java\jre1.8.0_151\lib\ext\sunmscapi.jar;C:\Program Files\Java\jre1.8.0_151\lib\ext\sunpkcs11.jar;C:\Program Files\Java\jre1.8.0_151\lib\ext\zipfs.jar;C:\Users\Nick Stames\git\staindev\Stains\bin;C:\Users\Nick Stames\git\staindev\Stains\lib\lwjgl-assimp-javadoc.jar;C:\Users\Nick Stames\git\staindev\Stains\lib\lwjgl-assimp-natives-windows.jar;C:\Users\Nick Stames\git\staindev\Stains\lib\lwjgl-assimp-sources.jar;C:\Users\Nick Stames\git\staindev\Stains\lib\lwjgl-assimp.jar;C:\Users\Nick Stames\git\staindev\Stains\lib\lwjgl-bgfx-javadoc.jar;C:\Users\Nick Stames\git\staindev\Stains\lib\lwjgl-bgfx-natives-windows.jar;C:\Users\Nick Stames\git\staindev\Stains\lib\lwjgl-bgfx-sources.jar;C:\Users\Nick Stames\git\staindev\Stains\lib\lwjgl-bgfx.jar;C:\Users\Nick Stames\git\staindev\Stains\lib\lwjgl-egl-javadoc.jar;C:\Users\Nick Stames\git\staindev\Stains\lib\lwjgl-egl-sources.jar;C:\Users\Nick Stames\git\staindev\Stains\lib\lwjgl-egl.jar;C:\Users\Nick Stames\git\staindev\Stains\lib\lwjgl-glfw-javadoc.jar;C:\Users\Nick Stames\git\staindev\Stains\lib\lwjgl-glfw-natives-windows.jar;C:\Users\Nick Stames\git\staindev\Stains\lib\lwjgl-glfw-sources.jar
Launcher Type: SUN_STANDARD

Environment Variables:
JAVA_HOME=C:\Program Files\Java\jdk1.8.0_91
USERNAME=Nick Stames
OS=Windows_NT
PROCESSOR_IDENTIFIER=Intel64 Family 6 Model 94 Stepping 3, GenuineIntel



---------------  S Y S T E M  ---------------

OS: Windows 10.0 , 64 bit Build 16299 (10.0.16299.15)

CPU:total 8 (initial active 8) (4 cores per cpu, 2 threads per core) family 6 model 94 stepping 3, cmov, cx8, fxsr, mmx, sse, sse2, sse3, ssse3, sse4.1, sse4.2, popcnt, avx, avx2, aes, clmul, erms, rtm, 3dnowpref, lzcnt, ht, tsc, tscinvbit, bmi1, bmi2, adx

Memory: 4k page, physical 16725676k(9420296k free), swap 19216044k(9082728k free)

vm_info: Java HotSpot(TM) 64-Bit Server VM (25.151-b12) for windows-amd64 JRE (1.8.0_151-b12), built on Sep  5 2017 19:33:46 by "java_re" with MS VC++ 10.0 (VS2010)

time: Fri Mar 23 23:00:49 2018
elapsed time: 0 seconds (0d 0h 0m 0s)

