#
# A fatal error has been detected by the Java Runtime Environment:
#
#  EXCEPTION_ACCESS_VIOLATION (0xc0000005) at pc=0x00007ffd98cef6e7, pid=14708, tid=0x0000000000001320
#
# JRE version: Java(TM) SE Runtime Environment (8.0_131-b11) (build 1.8.0_131-b11)
# Java VM: Java HotSpot(TM) 64-Bit Server VM (25.131-b11 mixed mode windows-amd64 compressed oops)
# Problematic frame:
# C  [lwjgl_opengl.dll+0xf6e7]
#
# Failed to write core dump. Minidumps are not enabled by default on client versions of Windows
#
# If you would like to submit a bug report, please visit:
#   http://bugreport.java.com/bugreport/crash.jsp
# The crash happened outside the Java Virtual Machine in native code.
# See problematic frame for where to report the bug.
#

---------------  T H R E A D  ---------------

Current thread (0x00000000014c6000):  JavaThread "main" [_thread_in_native, id=4896, stack(0x00000000013c0000,0x00000000014c0000)]

siginfo: ExceptionCode=0xc0000005, reading address 0x0000000000001648

Registers:
RAX=0x000000006b500d50, RBX=0x000000001dfe9d78, RCX=0x0000000000000000, RDX=0x00000000014bf540
RSP=0x00000000014bf4b8, RBP=0x00000000014bf530, RSI=0x0000000000000002, RDI=0x000000000541835d
R8 =0x0000000000001f02, R9 =0x00000000008682c0, R10=0x0000000005427f48, R11=0x000000006af8bd80
R12=0x0000000000000000, R13=0x000000001dfe9d78, R14=0x00000000014bf550, R15=0x00000000014c6000
RIP=0x00007ffd98cef6e7, EFLAGS=0x0000000000010206

Top of Stack: (sp=0x00000000014bf4b8)
0x00000000014bf4b8:   0000000005427f74 00000000014c6000
0x00000000014bf4c8:   000000001dfe9d78 0000000000000002
0x00000000014bf4d8:   00000000014c6000 00000000014bf5b8
0x00000000014bf4e8:   0000000005427ca2 00000000014bf4f0
0x00000000014bf4f8:   000000001dfe9d78 00000000014bf550
0x00000000014bf508:   000000001e00a7f0 0000000000000000
0x00000000014bf518:   000000001dfe9d78 0000000000000000
0x00000000014bf528:   00000000014bf550 00000000014bf598
0x00000000014bf538:   0000000005417e70 000000076b69aad0
0x00000000014bf548:   00000000054219d7 0000000000001f02
0x00000000014bf558:   00000000014bf558 000000001dfe9e11
0x00000000014bf568:   00000000014bf5b8 000000001e00a7f0
0x00000000014bf578:   0000000000000000 000000001dfe9e50
0x00000000014bf588:   00000000014bf550 00000000014bf5b8
0x00000000014bf598:   00000000014bf608 00000000054180e0
0x00000000014bf5a8:   0000000000000000 0000000000000000 

Instructions: (pc=0x00007ffd98cef6e7)
0x00007ffd98cef6c7:   8b 50 18 48 ff a2 c0 14 00 00 cc cc cc cc cc cc
0x00007ffd98cef6d7:   cc cc cc cc cc cc cc cc cc 48 8b 01 48 8b 48 18
0x00007ffd98cef6e7:   48 8b 81 48 16 00 00 41 8b c8 48 ff e0 cc cc cc
0x00007ffd98cef6f7:   cc cc cc cc cc cc cc cc cc 48 8b 01 45 8b d8 4c 


Register to memory mapping:

RAX=0x000000006b500d50 is an unknown value
RBX={method} {0x000000001dfe9d80} 'nglGetString' '(I)J' in 'org/lwjgl/opengl/GL11'
RCX=0x0000000000000000 is an unknown value
RDX=0x00000000014bf540 is pointing into the stack for thread: 0x00000000014c6000
RSP=0x00000000014bf4b8 is pointing into the stack for thread: 0x00000000014c6000
RBP=0x00000000014bf530 is pointing into the stack for thread: 0x00000000014c6000
RSI=0x0000000000000002 is an unknown value
RDI=0x000000000541835d is at code_begin+2301 in an Interpreter codelet
invoke return entry points  [0x0000000005417a60, 0x0000000005418440]  2528 bytes
R8 =0x0000000000001f02 is an unknown value
R9 =0x00000000008682c0 is an unknown value
R10=0x0000000005427f48 is at code_begin+840 in an Interpreter codelet
method entry point (kind = native)  [0x0000000005427c00, 0x0000000005428560]  2400 bytes
R11=0x000000006af8bd80 is an unknown value
R12=0x0000000000000000 is an unknown value
R13={method} {0x000000001dfe9d80} 'nglGetString' '(I)J' in 'org/lwjgl/opengl/GL11'
R14=0x00000000014bf550 is pointing into the stack for thread: 0x00000000014c6000
R15=0x00000000014c6000 is a thread


Stack: [0x00000000013c0000,0x00000000014c0000],  sp=0x00000000014bf4b8,  free space=1021k
Native frames: (J=compiled Java code, j=interpreted, Vv=VM code, C=native code)
C  [lwjgl_opengl.dll+0xf6e7]

Java frames: (J=compiled Java code, j=interpreted, Vv=VM code)
j  org.lwjgl.opengl.GL11.nglGetString(I)J+0
j  org.lwjgl.opengl.GL11.glGetString(I)Ljava/lang/String;+1
j  staindev.Main.run()V+30
j  staindev.Main.main([Ljava/lang/String;)V+7
v  ~StubRoutines::call_stub

---------------  P R O C E S S  ---------------

Java Threads: ( => current thread )
  0x00000000204f6800 JavaThread "Service Thread" daemon [_thread_blocked, id=17684, stack(0x0000000021090000,0x0000000021190000)]
  0x00000000204cf000 JavaThread "C1 CompilerThread3" daemon [_thread_blocked, id=23020, stack(0x0000000020f90000,0x0000000021090000)]
  0x00000000204c9000 JavaThread "C2 CompilerThread2" daemon [_thread_in_native, id=19304, stack(0x0000000020e90000,0x0000000020f90000)]
  0x00000000204c6800 JavaThread "C2 CompilerThread1" daemon [_thread_blocked, id=18264, stack(0x0000000020d90000,0x0000000020e90000)]
  0x00000000204c0000 JavaThread "C2 CompilerThread0" daemon [_thread_blocked, id=15760, stack(0x0000000020c90000,0x0000000020d90000)]
  0x00000000204be800 JavaThread "Attach Listener" daemon [_thread_blocked, id=20932, stack(0x0000000020b90000,0x0000000020c90000)]
  0x00000000204bd800 JavaThread "Signal Dispatcher" daemon [_thread_blocked, id=11836, stack(0x0000000020a90000,0x0000000020b90000)]
  0x00000000015bd800 JavaThread "Finalizer" daemon [_thread_blocked, id=15944, stack(0x0000000020890000,0x0000000020990000)]
  0x00000000015bc000 JavaThread "Reference Handler" daemon [_thread_blocked, id=14920, stack(0x0000000020390000,0x0000000020490000)]
=>0x00000000014c6000 JavaThread "main" [_thread_in_native, id=4896, stack(0x00000000013c0000,0x00000000014c0000)]

Other Threads:
  0x000000001e599000 VMThread [stack: 0x0000000020290000,0x0000000020390000] [id=15008]
  0x00000000205cb800 WatcherThread [stack: 0x0000000021190000,0x0000000021290000] [id=19376]

VM state:not at safepoint (normal execution)

VM Mutex/Monitor currently owned by a thread: None

Heap:
 PSYoungGen      total 76288K, used 11929K [0x000000076af00000, 0x0000000770400000, 0x00000007c0000000)
  eden space 65536K, 18% used [0x000000076af00000,0x000000076baa6628,0x000000076ef00000)
  from space 10752K, 0% used [0x000000076f980000,0x000000076f980000,0x0000000770400000)
  to   space 10752K, 0% used [0x000000076ef00000,0x000000076ef00000,0x000000076f980000)
 ParOldGen       total 175104K, used 0K [0x00000006c0c00000, 0x00000006cb700000, 0x000000076af00000)
  object space 175104K, 0% used [0x00000006c0c00000,0x00000006c0c00000,0x00000006cb700000)
 Metaspace       used 5499K, capacity 5682K, committed 5888K, reserved 1056768K
  class space    used 592K, capacity 671K, committed 768K, reserved 1048576K

Card table byte_map: [0x0000000014410000,0x0000000014c10000] byte_map_base: 0x0000000010e0a000

Marking Bits: (ParMarkBitMap*) 0x000000006b57c720
 Begin Bits: [0x0000000015410000, 0x00000000193e0000)
 End Bits:   [0x00000000193e0000, 0x000000001d3b0000)

Polling page: 0x0000000000850000

CodeCache: size=245760Kb used=2359Kb max_used=2378Kb free=243400Kb
 bounds [0x0000000005410000, 0x0000000005680000, 0x0000000014410000]
 total_blobs=852 nmethods=513 adapters=252
 compilation: enabled

Compilation events (10 events):
Event: 0.200 Thread 0x00000000204cf000  508       1       sun.misc.URLClassPath$Loader::getBaseURL (5 bytes)
Event: 0.200 Thread 0x00000000204cf000 nmethod 508 0x0000000005650b90 code [0x0000000005650ce0, 0x0000000005650df0]
Event: 0.203 Thread 0x00000000204c9000 nmethod 505 0x0000000005656b90 code [0x0000000005656d00, 0x0000000005657258]
Event: 0.203 Thread 0x00000000204c9000  509       4       java.util.zip.ZipCoder::getBytes (192 bytes)
Event: 0.203 Thread 0x00000000204cf000  511       3       java.util.WeakHashMap::getTable (9 bytes)
Event: 0.204 Thread 0x00000000204cf000 nmethod 511 0x0000000005653a10 code [0x0000000005653b80, 0x0000000005653d28]
Event: 0.204 Thread 0x00000000204cf000  512   !   3       java.util.WeakHashMap::expungeStaleEntries (139 bytes)
Event: 0.204 Thread 0x00000000204cf000 nmethod 512 0x0000000005659510 code [0x00000000056596e0, 0x000000000565a208]
Event: 0.204 Thread 0x00000000204cf000  513       3       java.util.WeakHashMap::indexFor (6 bytes)
Event: 0.204 Thread 0x00000000204cf000 nmethod 513 0x0000000005656890 code [0x00000000056569e0, 0x0000000005656b10]

GC Heap History (0 events):
No events

Deoptimization events (2 events):
Event: 0.067 Thread 0x00000000014c6000 Uncommon trap: reason=unstable_if action=reinterpret pc=0x000000000551ed88 method=java.lang.String.hashCode()I @ 14
Event: 0.161 Thread 0x00000000014c6000 Uncommon trap: reason=unstable_if action=reinterpret pc=0x00000000055fffcc method=java.lang.String.indexOf([CII[CIII)I @ 134

Internal exceptions (10 events):
Event: 0.021 Thread 0x00000000014c6000 Exception <a 'java/lang/NoSuchMethodError': Method sun.misc.Unsafe.prefetchRead(Ljava/lang/Object;J)V name or signature does not match> (0x000000076af07f90) thrown at [C:\re\workspace\8-2-build-windows-amd64-cygwin\jdk8u131\8869\hotspot\src\share\vm\prims
Event: 0.132 Thread 0x00000000014c6000 Exception <a 'java/lang/NoSuchMethodError': java.lang.Object.lambda$static$0(Ljava/lang/String;)Ljava/lang/Boolean;> (0x000000076b540100) thrown at [C:\re\workspace\8-2-build-windows-amd64-cygwin\jdk8u131\8869\hotspot\src\share\vm\interpreter\linkResolver
Event: 0.139 Thread 0x00000000014c6000 Exception <a 'java/lang/NoSuchFieldError': method resolution failed> (0x000000076b5b7f50) thrown at [C:\re\workspace\8-2-build-windows-amd64-cygwin\jdk8u131\8869\hotspot\src\share\vm\prims\methodHandles.cpp, line 1146]
Event: 0.140 Thread 0x00000000014c6000 Exception <a 'java/lang/NoSuchFieldError': method resolution failed> (0x000000076b5c5270) thrown at [C:\re\workspace\8-2-build-windows-amd64-cygwin\jdk8u131\8869\hotspot\src\share\vm\prims\methodHandles.cpp, line 1146]
Event: 0.153 Thread 0x00000000014c6000 Exception <a 'java/security/PrivilegedActionException'> (0x000000076b655a90) thrown at [C:\re\workspace\8-2-build-windows-amd64-cygwin\jdk8u131\8869\hotspot\src\share\vm\prims\jvm.cpp, line 1390]
Event: 0.153 Thread 0x00000000014c6000 Exception <a 'java/security/PrivilegedActionException'> (0x000000076b655ca0) thrown at [C:\re\workspace\8-2-build-windows-amd64-cygwin\jdk8u131\8869\hotspot\src\share\vm\prims\jvm.cpp, line 1390]
Event: 0.153 Thread 0x00000000014c6000 Exception <a 'java/security/PrivilegedActionException'> (0x000000076b659e88) thrown at [C:\re\workspace\8-2-build-windows-amd64-cygwin\jdk8u131\8869\hotspot\src\share\vm\prims\jvm.cpp, line 1390]
Event: 0.153 Thread 0x00000000014c6000 Exception <a 'java/security/PrivilegedActionException'> (0x000000076b65a098) thrown at [C:\re\workspace\8-2-build-windows-amd64-cygwin\jdk8u131\8869\hotspot\src\share\vm\prims\jvm.cpp, line 1390]
Event: 0.193 Thread 0x00000000014c6000 Exception <a 'sun/nio/fs/WindowsException'> (0x000000076b8449d0) thrown at [C:\re\workspace\8-2-build-windows-amd64-cygwin\jdk8u131\8869\hotspot\src\share\vm\prims\jni.cpp, line 709]
Event: 0.193 Thread 0x00000000014c6000 Exception <a 'sun/nio/fs/WindowsException'> (0x000000076b845210) thrown at [C:\re\workspace\8-2-build-windows-amd64-cygwin\jdk8u131\8869\hotspot\src\share\vm\prims\jni.cpp, line 709]

Events (10 events):
Event: 0.202 loading class org/lwjgl/system/jni/JNINativeInterface
Event: 0.202 loading class org/lwjgl/system/jni/JNINativeInterface done
Event: 0.203 loading class org/lwjgl/system/windows/WinBase
Event: 0.203 loading class org/lwjgl/system/windows/WinBase done
Event: 0.205 loading class org/lwjgl/opengl/GL$1
Event: 0.205 loading class org/lwjgl/opengl/GL$1 done
Event: 0.205 loading class org/lwjgl/opengl/GL$SharedLibraryGL
Event: 0.205 loading class org/lwjgl/opengl/GL$SharedLibraryGL done
Event: 0.205 loading class org/lwjgl/system/SharedLibrary$Delegate
Event: 0.205 loading class org/lwjgl/system/SharedLibrary$Delegate done


Dynamic libraries:
0x00007ff6952e0000 - 0x00007ff695317000 	C:\Program Files\Java\jdk1.8.0_131\bin\javaw.exe
0x00007ffdb2e10000 - 0x00007ffdb2ff0000 	C:\WINDOWS\SYSTEM32\ntdll.dll
0x00007ffdb0a40000 - 0x00007ffdb0aee000 	C:\WINDOWS\System32\KERNEL32.DLL
0x00007ffdaf960000 - 0x00007ffdafbc6000 	C:\WINDOWS\System32\KERNELBASE.dll
0x00007ffdb1730000 - 0x00007ffdb17d1000 	C:\WINDOWS\System32\ADVAPI32.dll
0x00007ffdb0900000 - 0x00007ffdb099d000 	C:\WINDOWS\System32\msvcrt.dll
0x00007ffdb1520000 - 0x00007ffdb157b000 	C:\WINDOWS\System32\sechost.dll
0x00007ffdb0ba0000 - 0x00007ffdb0cbf000 	C:\WINDOWS\System32\RPCRT4.dll
0x00007ffdb1810000 - 0x00007ffdb199f000 	C:\WINDOWS\System32\USER32.dll
0x00007ffdafef0000 - 0x00007ffdaff10000 	C:\WINDOWS\System32\win32u.dll
0x00007ffdb1370000 - 0x00007ffdb1398000 	C:\WINDOWS\System32\GDI32.dll
0x00007ffdaff10000 - 0x00007ffdb00a3000 	C:\WINDOWS\System32\gdi32full.dll
0x00007ffdafe50000 - 0x00007ffdafeeb000 	C:\WINDOWS\System32\msvcp_win.dll
0x00007ffdafd50000 - 0x00007ffdafe46000 	C:\WINDOWS\System32\ucrtbase.dll
0x00007ffda4bb0000 - 0x00007ffda4e19000 	C:\WINDOWS\WinSxS\amd64_microsoft.windows.common-controls_6595b64144ccf1df_6.0.16299.309_none_15cfd4c4935e6b11\COMCTL32.dll
0x00007ffdb0e70000 - 0x00007ffdb1178000 	C:\WINDOWS\System32\combase.dll
0x00007ffdafcd0000 - 0x00007ffdafd42000 	C:\WINDOWS\System32\bcryptPrimitives.dll
0x00007ffdb17e0000 - 0x00007ffdb180d000 	C:\WINDOWS\System32\IMM32.DLL
0x000000006bc90000 - 0x000000006bd62000 	C:\Program Files\Java\jdk1.8.0_131\jre\bin\msvcr100.dll
0x000000006ad60000 - 0x000000006b5fc000 	C:\Program Files\Java\jdk1.8.0_131\jre\bin\server\jvm.dll
0x00007ffdb1580000 - 0x00007ffdb1588000 	C:\WINDOWS\System32\PSAPI.DLL
0x00007ffdad0e0000 - 0x00007ffdad103000 	C:\WINDOWS\SYSTEM32\WINMM.dll
0x00007ffda18b0000 - 0x00007ffda18b9000 	C:\WINDOWS\SYSTEM32\WSOCK32.dll
0x00007ffdaa4c0000 - 0x00007ffdaa4ca000 	C:\WINDOWS\SYSTEM32\VERSION.dll
0x00007ffdb1590000 - 0x00007ffdb15fc000 	C:\WINDOWS\System32\WS2_32.dll
0x00007ffdacfa0000 - 0x00007ffdacfca000 	C:\WINDOWS\SYSTEM32\winmmbase.dll
0x00007ffdafbd0000 - 0x00007ffdafc1a000 	C:\WINDOWS\System32\cfgmgr32.dll
0x000000006bc80000 - 0x000000006bc8f000 	C:\Program Files\Java\jdk1.8.0_131\jre\bin\verify.dll
0x000000006bc50000 - 0x000000006bc79000 	C:\Program Files\Java\jdk1.8.0_131\jre\bin\java.dll
0x000000006bc30000 - 0x000000006bc46000 	C:\Program Files\Java\jdk1.8.0_131\jre\bin\zip.dll
0x00007ffdb19a0000 - 0x00007ffdb2dd6000 	C:\WINDOWS\System32\SHELL32.dll
0x00007ffdb0af0000 - 0x00007ffdb0b96000 	C:\WINDOWS\System32\shcore.dll
0x00007ffdaf210000 - 0x00007ffdaf957000 	C:\WINDOWS\System32\windows.storage.dll
0x00007ffdb16d0000 - 0x00007ffdb1721000 	C:\WINDOWS\System32\shlwapi.dll
0x00007ffdaf1f0000 - 0x00007ffdaf201000 	C:\WINDOWS\System32\kernel.appcore.dll
0x00007ffdaf1a0000 - 0x00007ffdaf1ec000 	C:\WINDOWS\System32\powrprof.dll
0x00007ffdaf160000 - 0x00007ffdaf17b000 	C:\WINDOWS\System32\profapi.dll
0x000000006bc10000 - 0x000000006bc2a000 	C:\Program Files\Java\jdk1.8.0_131\jre\bin\net.dll
0x00007ffdae9f0000 - 0x00007ffdaea56000 	C:\WINDOWS\system32\mswsock.dll
0x000000006bbf0000 - 0x000000006bc01000 	C:\Program Files\Java\jdk1.8.0_131\jre\bin\nio.dll
0x00007ffd9a3e0000 - 0x00007ffd9a43b000 	C:\Users\Nick Stames\AppData\Local\Temp\lwjglNick Stames\3.1.6-build-14\lwjgl.dll
0x00007ffd98ce0000 - 0x00007ffd98d3f000 	C:\Users\Nick Stames\AppData\Local\Temp\lwjglNick Stames\3.1.6-build-14\lwjgl_opengl.dll
0x00007ffd927a0000 - 0x00007ffd928be000 	C:\WINDOWS\SYSTEM32\opengl32.dll
0x00007ffd9ba80000 - 0x00007ffd9baac000 	C:\WINDOWS\SYSTEM32\GLU32.dll
0x00007ffd9f610000 - 0x00007ffd9f7d8000 	C:\WINDOWS\SYSTEM32\dbghelp.dll

VM Arguments:
jvm_args: -Dfile.encoding=UTF-8 
java_command: staindev.Main
java_class_path (initial): C:\Program Files\Java\jdk1.8.0_131\jre\lib\resources.jar;C:\Program Files\Java\jdk1.8.0_131\jre\lib\rt.jar;C:\Program Files\Java\jdk1.8.0_131\jre\lib\jsse.jar;C:\Program Files\Java\jdk1.8.0_131\jre\lib\jce.jar;C:\Program Files\Java\jdk1.8.0_131\jre\lib\charsets.jar;C:\Program Files\Java\jdk1.8.0_131\jre\lib\jfr.jar;C:\Program Files\Java\jdk1.8.0_131\jre\lib\ext\access-bridge-64.jar;C:\Program Files\Java\jdk1.8.0_131\jre\lib\ext\cldrdata.jar;C:\Program Files\Java\jdk1.8.0_131\jre\lib\ext\dnsns.jar;C:\Program Files\Java\jdk1.8.0_131\jre\lib\ext\jaccess.jar;C:\Program Files\Java\jdk1.8.0_131\jre\lib\ext\jfxrt.jar;C:\Program Files\Java\jdk1.8.0_131\jre\lib\ext\localedata.jar;C:\Program Files\Java\jdk1.8.0_131\jre\lib\ext\nashorn.jar;C:\Program Files\Java\jdk1.8.0_131\jre\lib\ext\sunec.jar;C:\Program Files\Java\jdk1.8.0_131\jre\lib\ext\sunjce_provider.jar;C:\Program Files\Java\jdk1.8.0_131\jre\lib\ext\sunmscapi.jar;C:\Program Files\Java\jdk1.8.0_131\jre\lib\ext\sunpkcs11.jar;C:\Program Files\Java\jdk1.8.0_131\jre\lib\ext\zipfs.jar;C:\Users\Nick Stames\git\staindev\Stains\bin;C:\Users\Nick Stames\git\staindev\Stains\lib\lwjgl-assimp-javadoc.jar;C:\Users\Nick Stames\git\staindev\Stains\lib\lwjgl-assimp-natives-windows.jar;C:\Users\Nick Stames\git\staindev\Stains\lib\lwjgl-assimp-sources.jar;C:\Users\Nick Stames\git\staindev\Stains\lib\lwjgl-assimp.jar;C:\Users\Nick Stames\git\staindev\Stains\lib\lwjgl-bgfx-javadoc.jar;C:\Users\Nick Stames\git\staindev\Stains\lib\lwjgl-bgfx-natives-windows.jar;C:\Users\Nick Stames\git\staindev\Stains\lib\lwjgl-bgfx-sources.jar;C:\Users\Nick Stames\git\staindev\Stains\lib\lwjgl-bgfx.jar;C:\Users\Nick Stames\git\staindev\Stains\lib\lwjgl-egl-javadoc.jar;C:\Users\Nick Stames\git\staindev\Stains\lib\lwjgl-egl-sources.jar;C:\Users\Nick Stames\git\staindev\Stains\lib\lwjgl-egl.jar;C:\Users\Nick Stames\git\staindev\Stains\lib\lwjgl-glfw-javadoc.jar;C:\Users\Nick Stames\git\staindev\Stains\lib\lwjgl-glfw-natives-windows
Launcher Type: SUN_STANDARD

Environment Variables:
JAVA_HOME=C:\Program Files\Java\jdk1.8.0_91
PATH=C:\Program Files\NVIDIA GPU Computing Toolkit\CUDA\v9.1\bin;C:\Program Files\NVIDIA GPU Computing Toolkit\CUDA\v9.1\libnvvp;C:\ProgramData\Oracle\Java\javapath;C:\Program Files\NVIDIA GPU Computing Toolkit\CUDA\v8.0\bin;C:\Program Files\NVIDIA GPU Computing Toolkit\CUDA\v8.0\libnvvp;C:\Windows\system32;C:\Windows;C:\Windows\System32\Wbem;C:\Windows\System32\WindowsPowerShell\v1.0\;C:\Program Files (x86)\NVIDIA Corporation\PhysX\Common;C:\WINDOWS\system32;C:\WINDOWS;C:\WINDOWS\System32\Wbem;C:\WINDOWS\System32\WindowsPowerShell\v1.0\;C:\Program Files\nodejs;C:\Users\Nick Stames\.dnx\bin;C:\Program Files\Microsoft DNX\Dnvm\;C:\Program Files\Microsoft SQL Server\130\Tools\Binn\;C:\Program Files\Microsoft SQL Server\110\Tools\Binn\;C:\Program Files (x86)\Microsoft SDKs\TypeScript\1.0\;C:\Program Files\Microsoft SQL Server\120\Tools\Binn\;C:\Program Files (x86)\Microsoft Visual Studio 12.0\VC\bin\amd64;C:\Program Files (x86)\Microsoft Visual Studio 12.0\VC\bin;C:\Program Files (x86)\Microsoft Visual Studio 12.0\Common7\IDE;C:\Program Files\Java\jdk1.8.0_91\bin\;C:\Program Files\Java\jre1.8.0_121\bin\;C:\Program Files (x86)\GtkSharp\2.12\bin;C:\Program Files (x86)\Skype\Phone\;C:\WINDOWS\system32;C:\WINDOWS;C:\WINDOWS\System32\Wbem;C:\WINDOWS\System32\WindowsPowerShell\v1.0\;C:\Users\Nick Stames\AppData\Local\FFmpeg\bin;C:\Program Files\NVIDIA Corporation\OpenCL;C:\Program Files\PuTTY\;C:\Users\Nick Stames\AppData\Local\Programs\Python\Python36-32\Scripts\;C:\Users\Nick Stames\AppData\Local\Programs\Python\Python36-32\;C:\Users\Nick Stames\Anaconda3;C:\Users\Nick Stames\Anaconda3\Scripts;C:\Users\Nick Stames\Anaconda3\Library\bin;C:\Users\Nick Stames\AppData\Local\Programs\Python\Python35-32\Scripts\;C:\Users\Nick Stames\AppData\Local\Programs\Python\Python35-32\;C:\Users\Nick Stames\AppData\Local\Microsoft\WindowsApps;C:\Program Files (x86)\Nmap;C:\Users\Nick Stames\AppData\Roaming\npm;C:\Users\Nick Stames\AppData\Local\FFmpeg\bin;
USERNAME=Nick Stames
OS=Windows_NT
PROCESSOR_IDENTIFIER=Intel64 Family 6 Model 94 Stepping 3, GenuineIntel



---------------  S Y S T E M  ---------------

OS: Windows 10.0 , 64 bit Build 16299 (10.0.16299.15)

CPU:total 8 (initial active 8) (4 cores per cpu, 2 threads per core) family 6 model 94 stepping 3, cmov, cx8, fxsr, mmx, sse, sse2, sse3, ssse3, sse4.1, sse4.2, popcnt, avx, avx2, aes, clmul, erms, rtm, 3dnowpref, lzcnt, ht, tsc, tscinvbit, bmi1, bmi2, adx

Memory: 4k page, physical 16725676k(11319864k free), swap 19216044k(11625716k free)

vm_info: Java HotSpot(TM) 64-Bit Server VM (25.131-b11) for windows-amd64 JRE (1.8.0_131-b11), built on Mar 15 2017 01:23:53 by "java_re" with MS VC++ 10.0 (VS2010)

time: Sun Apr 01 15:16:12 2018
elapsed time: 0 seconds (0d 0h 0m 0s)

